x T post
x res 720 1 1
x init
x font 1 R
# 122981 characters, 8482 lines
# 1416 slugs
# page top 720 bot 7200 size 6480 physbot 7920
p497
x X PT 497 #14 setup.ms
V0
H720

n120 0
x X END PT 497 #14 setup.ms
V720
V1220
s10
f1
H720


x font 1 R
x font 2 I
x font 3 B
x font 4 BI
x font 5 CW
x font 6 H
x font 7 HB
x font 8 HX
x font 9 S1
x font 10 S
s10

f1

x X PARM NP 720 #14 setup.ms
x X PARM FO 7200 #14 setup.ms

f3

s12


h1348cS
67e53t40t40i34n67gwh100cU
86pwh107ca
wh100cR
86e53s47e53a60r53c53hws11

h103cU
79N79I43Xs12

h79Crg
wh135cS
67y60s47t40e53mn140 0
V1460
s12
f3
H720

f1

s10


h2015cN
72o50r33m78a44nw83W94i28l28s39o50nn120 0
V1640
s10
f1
H720

f2


h1839cA
61T56&78Tw89B61e44l28lw61L56a50b50o50r39a50t28o50r39i28e44sn120 0
V1760
s10
f2
H720


h1690cM
83u50r39r39a50yw77H72i28l28l28,w58N67e44wwh100cJ
44e44r39s39e44yw770507509507504n120 0
x X SP 240  #14 setup.ms


x font 1 R
x font 2 I
x font 3 B
x font 4 BI
x font 5 CW
x font 6 H
x font 7 HB
x font 8 HX
x font 9 S1
x font 10 S
s10

f1

x X MC 2 2496 #14 setup.ms


x font 1 R
x font 2 I
x font 3 B
x font 4 BI
x font 5 CW
x font 6 H
x font 7 HB
x font 8 HX
x font 9 S1
x font 10 S
s10

f1

x X NE 600 NH 	 #15 setup.ms
x X SP 120 NH #15 setup.ms
V2130
s10
f1
H720

f3


c1
50.w91I39n56t33r44o50d56u56c44t33i28o50nn120 0


x font 1 R
x font 2 I
x font 3 B
x font 4 BI
x font 5 CW
x font 6 H
x font 7 HB
x font 8 HX
x font 9 S1
x font 10 S
s10

f1

x X SP 36 PP #17 setup.ms
x X BS 2 PP #17 setup.ms
V2448
s10
f1
H720


h250c`
33R67e44s39e44a44r33c44hws9

84U65N65I30Xs10

65'w71i28sw77t28h50ews9

79U65N65I30Xws10

h103cs
39y50s39t28e44mwh116cu
50s39e44dw88a44n50dn120 0
V2568
s10
f1
H720


Cfi
56d50d50l28e44dw85w72i28t28hw85i28nw85t28h50ew79B67e44l28lw63L61a44b50o50r33a44t28o50r33i28e44sw74C67o50m78p50u50t28i28n50gw85S56c44ih28Chy
n120 0
V2688
s10
f1
H720


ce
44n50c44ew95R67e44s39e44a44r33c44hwh101cC
67e44n50t28e44r33.wh109cI
33tw79i28sw90o50f33t28e44nwh101cn
50a44m78e44dwh102ca
44f33t28e44rw85t28h50en120 0
V2808
s10
f1
H720


cm
78o50s39tw94r33e44c44e44n50tw94v50e44r33s39i28o50nwh116co
50fw99t28h50ewh110cm
78a44n50u50a44l28.wh124cT
61h50i28swh105ci
28swh105ct
28h50en120 0
V2928
s10
f1
H720


cT
61e44n50t28hw83E61d50i28t28i28o50n50.n120 0


x font 1 R
x font 2 I
x font 3 B
x font 4 BI
x font 5 CW
x font 6 H
x font 7 HB
x font 8 HX
x font 9 S1
x font 10 S
s10

f1

x X SP 36 PP #27 setup.ms
x X BS 2 PP #27 setup.ms
V3246
s10
f1
H720


h250cT
61h50ew82s39y50s39t28e44mwh116cr
33u50n50sw77o50n50l28yw88o50nw88V72A72X72e44s39,w63a44n50dw88o50n50l28yw89o50nn120 0
V3366
s10
f1
H720


cs
39o50m78ewh102cC
67P56U72sw97a44n50dwh107cs
39o50m78ewh101cp
50e44r33i28p50h50e44r33a44lw85d50e44v50i28c44e44s39.wh115cA
72tw85t28h50en120 0
V3486
s10
f1
H720


cm
78o50m78e44n50tw67t28h50e44s39ew83i28n50c44l28u50d50ew83t28h50ew83V72A72X72-33150150/28750550050,w65150150/28750850050,w65a44n50dn120 0
V3606
s10
f1
H720


c8
50550550050,w74t28h50ew93M89i28c44r33o50V72A72Xwh121cI
33Iw82a44n50dw99I33I33I33,w74M89S56C67Pwh105cd
50i28s39k50sw88c44o50nh50Chy
n120 0
V3726
s10
f1
H720


cn
50e44c44t28e44dwh108ct
28owh108cU
72D72A72550050,w83K72D72A72550050,w84K72D72B67550050,w84a44n50dwh109cR
67Q72D72X723n120 0
V3846
s10
f1
H720


cc
44o50n50t28r33o50l28l28e44r33s39,w59a44n50dw84T61U72750850,w58T61E61150650,w58a44n50dw83T61U728501w83t28a44p50e44s39.w91V72a44r33ih28Chy
n120 0
V3966
s10
f1
H720


co
50u50sw89E61t28h50e44r33n50e44tw78a44n50dwh100cD
72a44t28a44k50i28tw78c44o50n50t28r33o50l28l28e44r33sw90a44r33ew95s39u50p50p50o50r33t28e44d50.n120 0
V4086
s10
f1
H720


cT
61h50ew94l28i28s39tw78i28sw89l28i28k50e44l28ywh100ct
28ow99c44h50a44n50g50ew93a44sw88t28i28m78ew93p50a44s39s39e44s39.wh107cT
61h50e44r33en120 0
V4206
s10
f1
H720


cw
72i28l28lw65p50r33o50b50a44b50l28yw88n50e44v50e44rw71b50ew82s39u50p50p50o50r33tw66f33o50rw71D72E61Cwh105cH
72S56C675500w88a44n50dn120 0
V4326
s10
f1
H720


cH
72S56C677500w83d50i28s39kw83s39e44r33v50e44r33s39.n120 0


x font 1 R
x font 2 I
x font 3 B
x font 4 BI
x font 5 CW
x font 6 H
x font 7 HB
x font 8 HX
x font 9 S1
x font 10 S
s10

f1

x X SP 36 PP #38 setup.ms
x X BS 2 PP #38 setup.ms
V4644
s10
f1
H720


h250cT
61h50e44r33ew99i28sw94n50owh105co
50fh33Cfi
56c44i28a44lw83d50i28s39t28r33i28b50u50t28i28o50nwh105ct
28a44p50ew99f33o50rw89t28h50en120 0
V4764
s10
f1
H720


cs
39y50s39t28e44m78,w89n50o50rw96a44r33ewh107ct
28h50e44r33ewh107ca
44n50ywh113cp
50l28a44n50swh102ct
28owh113cp
50r33o50d50u50c44ewh107co
50n50e44.n120 0
V4884
s10
f1
H720


cT
61h50i28sw87r33eh44Cfl
56e44c44t28sw87o50u50rw81d50e44s39i28r33ew92t28ow98s39t28a44yw98o50u50tw76o50fw81t28h50ew92s39o50f33t28w72a44r33en120 0
V5004
s10
f1
H720


cs
39u50p50p50o50r33tw81b50u50s39i28n50e44s39s39;w81w72ew97h50a44v50ew97e44n50o50u50g50hwh103co
50fw86t28h50a44tw80k50e44e44p50i28n50gn120 0
V5124
s10
f1
H720


co
50u50rw78o50w72nw95m78a44c44h50i28n50e44sw85r33u50n50n50i28n50g50.wh104cW
94ew90a44r33e44,w71h50o50w72e44v50e44r33,w71w72i28lh28Chy
n120 0
V5244
s10
f1
H720


cl
28i28n50gwh116ct
28owh116cs
39e44n50dwh116cs
39n50a44p50s39h50o50t28swh105co
50fw98o50u50rw98c44u50r33r33e44n50tw93s39y50s39t28e44mwh143ct
28on120 0
V5364
s10
f1
H720


cd
50e44s39e44r33v50i28n50gwh107cp
50e44o50p50l28ewh101cw
72i28t28hwh108ct
28h50ewh102cr
33i28g50h50tw86e44x50p50e44c44t28a44t28i28o50n50s39.wh116cW
94en120 0
V5484
s10
f1
H720


ca
44r33ew84i28n50t28e44r33e44s39t28e44dw90i28nw90s39h50a44r33i28n50gw89t28h50ew83s39y50s39t28e44mwh117cw
72i28t28hw89c44o50l28l28e44a44g50u50e44s39;n120 0
V5604
s10
f1
H720


cw
72ew77a44r33e44n50'33tw61s39e44tw61u50pw83t28ow83s39u50p50p50o50r33tw61c44u50s39t28o50m78e44r33s39.n120 0


x font 1 R
x font 2 I
x font 3 B
x font 4 BI
x font 5 CW
x font 6 H
x font 7 HB
x font 8 HX
x font 9 S1
x font 10 S
s10

f1

x X SP 36 PP #47 setup.ms
x X BS 2 PP #47 setup.ms
V5922
s10
f1
H720


h250cO
72u50rw73s39y50s39t28e44mwh118ci
28sw79n50o50tw68p50a44c44k50a44g50e44dw90f33o50rw74n50o50v50i28c44e44s39.w99I33tw69i28sn120 0
V6042
s10
f1
H720


ca
44s39s39u50m78e44dwh124ct
28h50a44twh102ca
44n50y50o50n50ewh118cw
72h50owh123cg
50e44t28swh112ca
wh117cc
44o50p50ywh123ci
28swh112cs
39e44l28f33-n120 0
V6162
s10
f1
H720


cs
39u50fh33Cfi
56c44i28e44n50tw81a44n50dwh103cc
44a44nwh104cr
33e44a44dwh104co
50u50rw87m78a44n50u50a44l28s39,w79t28h50ew98h50a44r33d50w72a44r33en120 0
V6282
s10
f1
H720


cm
78a44n50u50a44l28s39,w70a44n50dw95t28h50ew89s39o50u50r33c44ew89c44o50d50ew89t28ow94r33e44s39o50l28v50ew88c44o50n50f33u50s39i28o50n50sn120 0
V6402
s10
f1
H720


ca
44n50dwh119cp
50r33o50b50l28e44m78s39.wh127cE
61a44c44hwh119cc
44o50p50ywh119co
50fwh102ct
28h50ewh113cd
50i28s39t28r33i28b50u50t28i28o50nwh119ci
28sn120 0
V6522
s10
f1
H720


ch
50a44n50d50-33c44r33a44f33t28e44dwh104ca
44tw82aw97d50i28f33f33e44r33e44n50tw81t28i28m78e44;w81d50i28f33f33e44r33e44n50tw81k50i28n50d50sw92o50fn120 0
V6642
s10
f1
H720


cd
50i28g50g50i28n50gw97a44r33o50u50n50dw97m78a44yw98b50ew92n50e44c44e44s39s39a44r33yw98t28ow98g50e44tw76a44n50yw98g50i28v50e44nn120 0
V6762
s10
f1
H720


cc
44o50p50yw83r33u50n50n50i28n50g50.n120 0


x font 1 R
x font 2 I
x font 3 B
x font 4 BI
x font 5 CW
x font 6 H
x font 7 HB
x font 8 HX
x font 9 S1
x font 10 S
s10

f1

x X SP 36 PP #58 setup.ms
x X BS 2 PP #58 setup.ms
V7080
s10
f1
H720


h250cI
33fw85y50o50uwh102ch
50a44v50e44n50'33tw81b50e44e44nwh103cs
39c44a44r33e44dwh103co
50f33fw86y50e44t28,w78h50e44r33ew97a44r33en120 0
V7200
s10
f1
H720


cs
39o50m78ew77s39u50g50g50e44s39t28i28o50n50sw72a44b50o50u50tw61h50o50wwh105ct
28ow83g50e44tw61s39t28a44r33t28e44d50.n120 0


x font 1 R
x font 2 I
x font 3 B
x font 4 BI
x font 5 CW
x font 6 H
x font 7 HB
x font 8 HX
x font 9 S1
x font 10 S
s10

f1

x X NE 600 NH 	 #61 setup.ms
x X SP 120 NH #61 setup.ms
V2130
s10
f1
H3216

f3


c2
50.w91D72o50c44u56m83e44n56t33a50t33i28o50nn120 0


x font 1 R
x font 2 I
x font 3 B
x font 4 BI
x font 5 CW
x font 6 H
x font 7 HB
x font 8 HX
x font 9 S1
x font 10 S
s10

f1

x X SP 36 PP #63 setup.ms
x X BS 2 PP #63 setup.ms
V2286
s10
f1
H3216


h250cT
61h50ewh120cs
39y50s39t28e44mwh155cc
44h50a44n50g50e44swh116cd
50a44i28l28y50,wh102cs
39owh127ct
28h50ewh121cp
50r33i28n50t28e44dn120 0
V2406
s10
f1
H3216


cm
78a44n50u50a44lw89i28swh100ca
44l28w72a44y50swh100co
50u50tw89o50fw93d50a44t28e44.wh118cC
67h50e44c44kwh110ct
28h50ewh104co
50n50l28i28n50en120 0
V2526
s10
f1
H3216


cm
78a44n50u50a44l28,w79a44n50dwh105ca
44n50ywh105cs
39u50p50p50l28e44m78e44n50t28a44r33ywh105cp
50r33i28n50t28e44dwh105cp
50a44g50e44sw94t28h50a44tn120 0
V2646
s10
f1
H3216


cc
44a44m78ew91w72i28t28hw97t28h50ew91t28a44p50e44,w72b50e44f33o50r33ew91t28a44k50i28n50gw97t28h50ew90p50r33i28n50t28e44dw96b50o50o50kn120 0
V2766
s10
f1
H3216


ca
44sw72g50o50s39p50e44l28.n120 0


x font 1 R
x font 2 I
x font 3 B
x font 4 BI
x font 5 CW
x font 6 H
x font 7 HB
x font 8 HX
x font 9 S1
x font 10 S
s10

f1

x X SP 36 PP #69 setup.ms
x X BS 2 PP #69 setup.ms
V2922
s10
f1
H3216


h250cN
72e44i28t28h50e44rw74t28h50ew85o50n50l28i28n50ew85m78a44n50u50a44lw69n50o50rw74t28h50ew85p50r33i28n50t28e44dw91o50n50en120 0
V3042
s10
f1
H3216


ci
28sw95p50u50r33e44;w84v50a44r33i28o50u50sw95l28o50c44a44lw83p50r33o50g50r33a44m78sw94a44n50dwh105cl
28o50c44a44lw83c44o50n50v50e44nh50Chy
n120 0
V3162
s10
f1
H3216


ct
28i28o50n50sw82h50a44v50ew88c44r33e44p50tw72i28n50,w69e44s39p50e44c44i28a44l28l28yw94i28nw94t28h50ew88c44r33u50c44i28a44lw72s39y50s39t28e44mn120 0
V3282
s10
f1
H3216


ca
44d50m78i28n50i28s39t28r33a44t28i28o50nwh100cp
50a44r33t28s39.wh108cE
61x50a44m78p50l28e44sw89s39h50o50u50l28dwh100cb
50ew94t28a44k50e44nwh100ca
44sn120 0
V3402
s10
f1
H3216


ce
44x50a44m78p50l28e44s39,w58n50o50tw61a44sw72r33e44c44i28p50e44s39.n120 0


x font 1 R
x font 2 I
x font 3 B
x font 4 BI
x font 5 CW
x font 6 H
x font 7 HB
x font 8 HX
x font 9 S1
x font 10 S
s10

f1

x X NE 600 NH 	 #78 setup.ms
x X SP 120 NH #78 setup.ms
V3642
s10
f1
H3216

f3


c3
50.w91C72r44a50c44k56i28n56gw83t33h56ew77t33a50p56ew77a50n56dw89b56o50o50t33i28n56gn120 0


x font 1 R
x font 2 I
x font 3 B
x font 4 BI
x font 5 CW
x font 6 H
x font 7 HB
x font 8 HX
x font 9 S1
x font 10 S
s10

f1

x X SP 36 PP #80 setup.ms
x X BS 2 PP #80 setup.ms
V3798
s10
f1
H3216


h250cT
61h50ew82t28a44p50ew82c44o50n50s39i28s39t28sw77o50fw71a44tw67l28e44a44s39tw67aw83r33o50o50twh67Cfi
56l28ew83s39y50s39t28e44mn120 0
V3918
s10
f1
H3216


ci
28m78a44g50ew92a44n50dw98awf2

92t28a50rwf1

95i28m78a44g50ew92t28ow97b50ew91p50u50tw75i28nwf5

97/60u60s60rf1

60.wh105cT
61h50e44r33en120 0
V4038
s10
f1
H3216


cm
78a44yw93b50ew87o50t28h50e44rwh76Cfi
56l28e44sw82a44sw82w72e44l28l28.wh101cT
61a44p50e44sw83a44r33ew88h50a44n50d50-33c44r33a44f33t28e44d50,n120 0
V4158
s10
f1
H3216


cs
39ow91d50e44t28a44i28l28sw80d50ow91v50a44r33y50;w69s39e44ew85t28h50ew85n50o50t28e44sw80t28h50a44tw69c44a44m78ew85w72i28t28hw90t28h50en120 0
V4278
s10
f1
H3216


ct
28a44p50e44.n120 0


x font 1 R
x font 2 I
x font 3 B
x font 4 BI
x font 5 CW
x font 6 H
x font 7 HB
x font 8 HX
x font 9 S1
x font 10 S
s10

f1

x X SP 36 PP #91 setup.ms
x X BS 2 PP #91 setup.ms
V4434
s10
f1
H3216


h250cT
61h50ew85r33o50o50tw69i28m78a44g50ew85i28sw80aw86b50l28o50c44k50-33b50y50-33b50l28o50c44kw92c44o50p50yw92o50fw75an120 0
V4554
s10
f1
H3216


cr
33o50o50twh106Cfi
56l28ewh122cs
39y50s39t28e44m78,wh103cc
44o50n50t28a44i28n50i28n50gwh128ca
wh122ck
50e44r33n50e44lwh105cb
50i28n50a44r33ywh127ci
28nn120 0
V4674
s10
f1
H3216

f5


c/
60u60n60i60xwf1

h118cs
39p50e44c44ih28Cfi
56cwh102ct
28owh108cy
50o50u50rw91h50a44r33d50w72a44r33e44.wh116cI
33tw86i28sw98p50r33o50b50a44b50l28yn120 0
V4794
s10
f1
H3216


ce
44x50a44c44t28l28ywh107Cfi
56v50ewh101cm
78e44g50a44b50y50t28e44sw96l28o50n50g50.wh114cI
33tw84s39h50o50u50l28dwh106cb
50ewh100cc
44o50p50i28e44dn120 0
V4914
s10
f1
H3216


c(
33y50o50uwh101Cfi
56g50u50r33ew95o50u50tw79h50o50w72)w84t28owh101ct
28h50ew96b50e44g50i28n50n50i28n50gwh102co
50fw85t28h50ew96d50i28s39kn120 0
V5034
s10
f1
H3216


cy
50o50uw86w72a44n50tw64t28ow86b50o50o50tw63f33r33o50m78.w93O72n50ew79w72a44yw85i28sw74t28ow85p50l28u50gw85t28h50ew79d50i28s39kn120 0
V5154
s10
f1
H3216


ci
28n50t28owh125cs
39o50m78ewh119ca
44l28r33e44a44d50y50-33r33u50n50n50i28n50gwh126cm
78a44c44h50i28n50ewh120cw
72i28t28hwh126ca
wh120ct
28a44p50en120 0
V5274
s10
f1
H3216


cd
50r33i28v50e44,w58a44n50dn120 0
x X SP 60 P1 #106 setup.ms
x X US P1 #106 setup.ms
V5424
s10
f1
H3216

f5

s8


cd
48dw96b48s48=48b48l48o48c48k48s48i48z48ew96<48/48d48e48v48/48r48a48w48t48a48p48ew96>48/48d48e48v48/48r48a48w48d48i48s48kn90 0
x X END US P1 #108 setup.ms
x X SP 60 P2 #108 setup.ms


x font 1 R
x font 2 I
x font 3 B
x font 4 BI
x font 5 CW
x font 6 H
x font 7 HB
x font 8 HX
x font 9 S1
x font 10 S
s10

f1

x X SP 36 PP #109 setup.ms
x X BS 2 PP #109 setup.ms
V5604
s10
f1
H3216


h250cT
61h50ewh107cr
33o50o50tw92i28m78a44g50ewh108ci
28n50c44l28u50d50e44swh103ca
wh108cb
50o50o50tw92b50l28o50c44kwh114ct
28h50a44tn120 0
V5724
s10
f1
H3216


cb
50e44h50a44v50e44sw94a44sw94d50e44s39c44r33i28b50e44dwh105ci
28nwf2

h105cr
39e44b50o50o50tf1

36(33850)33.wh113cO
72nwh105ct
28h50ew98V72A72X72-n120 0
V5844
s10
f1
H3216


c1
50150/287505500w89a44n50dw89m78a44c44h50i28n50e44sw78w72i28t28hw89s39i28m78i28l28a44rw73b50o50o50tw68R67O72M89s39,w65s39u50c44hn120 0
V5964
s10
f1
H3216


ca
44sw80t28h50ew858502500500w91(33i28fw74w72ew85e44v50e44rw74s39u50p50p50o50r33tw68i28t28)33,w65n50o50t28h50i28n50gw90m78o50r33ew84i28sn120 0
V6084
s10
f1
H3216


cn
50e44e44d50e44d50.wh105cO
72nw97o50t28h50e44rw80V72A72X72e44s39,w73i28nw98p50a44r33t28i28c44u50l28a44rw81t28h50ew92150150/287508500n120 0
V6204
s10
f1
H3216


ca
44n50dwh103ct
28h50ew97850550050050-338507500500wh103cm
78a44c44h50i28n50e44s39,w78s39o50m78ew97b50o50o50tw80p50r33o50g50r33a44m78sn120 0
V6324
s10
f1
H3216


cm
78u50s39tw64b50ew81i28n50s39t28a44l28l28e44dw87o50nw87t28h50ew81c44o50n50s39o50l28ew81d50i28s39k50.w95Awh109Cfl
56o50p50p50yw87a44n50dn120 0
V6444
s10
f1
H3216


ci
28n50s39t28r33u50c44t28i28o50n50sw72s39h50o50u50l28dw83h50a44v50ew77c44o50m78ew77w72i28t28hw83t28h50ew77t28a44p50e44.n120 0


x font 1 R
x font 2 I
x font 3 B
x font 4 BI
x font 5 CW
x font 6 H
x font 7 HB
x font 8 HX
x font 9 S1
x font 10 S
s10

f1

x X SP 36 PP #123 setup.ms
x X BS 2 PP #123 setup.ms
V6600
s10
f1
H3216


h250cO
72n50c44ew88t28h50ew88r33o50o50tw72i28sw83i28n50s39t28a44l28l28e44d50,w69b50o50o50tw72t28h50ew89s39y50s39t28e44mwh123ct
28on120 0
V6720
s10
f1
H3216


cs
39i28n50g50l28e44-33u50s39e44rw77s39t28a44t28e44,wf2

68r39e44b50o50o50tf1

36(33850)33.wh101cT
61h50ew87k50e44r33n50e44lw71i28m78a44g50ew87i28sw82i28nn120 0
V6840
s10
f1
H3216


Cfi
56l28ewf5

79/60u60n60i60xf1

60.w93I33tw63i28sw74p50r33u50d50e44n50tw63t28ow85r33u50nwf2

85f28s39c44kwf1

87o50rwf2

69c44h50u50c44kf1

52(33850)w69o50nn120 0
V6960
s10
f1
H3216


ct
28h50ew81r33o50o50twh65Cfi
56l28ew81s39y50s39t28e44mwh115ct
28ow86b50ew80s39u50r33ew80i28t28'33sw75O72K72.w94I33tw64i28sw75m78a44n50d50ah44Chy
n120 0
V7080
s10
f1
H3216


ct
28o50r33yw97t28ow97e44x50a44m78i28n50ew91t28h50ew92s39p50e44c44i28a44lwh76Cfi
56l28e44sw87i28nwf5

98/60d60e60vwf1

h108ct
28ow98m78a44k50en120 0
V7200
s10
f1
H3216


cs
39u50r33ew96t28h50e44y50'33r33ew96c44o50r33r33e44c44tw80f33o50rw85y50o50u50rw84d50i28s39kwh101ca
44n50dwh101ct
28a44p50ew95d50r33i28v50e44s39;n120 0


x font 1 R
x font 2 I
x font 3 B
x font 4 BI
x font 5 CW
x font 6 H
x font 7 HB
x font 8 HX
x font 9 S1
x font 10 S
s10

f1

x X BT 497 #14 setup.ms
V7560
s10
f1
H720


cR
67e44s39e44a44r33c44h50 33T61e44n50t28h50 33E61d50i28t28i28o50nh3621c4
509507n120 0
x X END BT 497 #14 setup.ms
V7920
p498


x font 1 R
x font 2 I
x font 3 B
x font 4 BI
x font 5 CW
x font 6 H
x font 7 HB
x font 8 HX
x font 9 S1
x font 10 S
s10

f1

x X PT 498 #15 setup.ms
V480
s10
f1
H720
x font 0 NI


cS
56e44t28t28i28n50g50 33U72p50 33a44 33R67e44s39e44a44r33c44h50 33U72N72I33X72 33S56y50s39t28e44mx font 0 NI
f0

h2993cs
44e44t35u61pn120 0
x X END PT 498 #15 setup.ms
V720
V840
s10
f1
H720


cs
39e44ewf2

h105cm
72k44n50o50df1

58(33850)w94a44n50dwh111ct
28h50ewh105cd
50r33i28v50e44rw94w72r33i28t28e44u50p50swh100cr
33e44f33e44r33r33e44dwh111ct
28on120 0
V960
s10
f1
H720


ct
28h50e44r33e44.wh105cT
61h50ew90s39p50e44c44i28a44lwh74Cfi
56l28e44sw85o50nw96t28h50ew90t28a44p50ew90b50e44a44rw79n50ow96n50e44c44e44sh39Chy
n120 0
V1080
s10
f1
H720


cs
39a44r33ywh102cc
44o50r33r33e44s39p50o50n50d50e44n50c44ew96t28owh103ct
28h50ew97o50n50e44sw92y50o50uwh103cn
50e44e44d50,w78t28h50o50u50g50hn120 0
V1200
s10
f1
H720


cw
72ew91t28r33yw97t28ow97s39u50p50p50l28yw97c44o50r33r33e44c44tw75o50n50e44sw85f33o50rw79t28h50ew90r33o50o50twh74Cfi
56l28ew90s39y50sh39Chy
n120 0
V1320
s10
f1
H720


ct
28e44m78.n120 0


x font 1 R
x font 2 I
x font 3 B
x font 4 BI
x font 5 CW
x font 6 H
x font 7 HB
x font 8 HX
x font 9 S1
x font 10 S
s10

f1

x X SP 36 PP #145 setup.ms
x X BS 2 PP #145 setup.ms
V1496
s10
f1
H720


h250cT
61ow83r33e44a44dw83i28nwf5

83/60u60s60rf1

60,w58d50ow83s39o50m78e44t28h50i28n50gw83l28i28k50ew77t28h50i28s39:n120 0
x X SP 60 P1 #149 setup.ms
x X US P1 #149 setup.ms
V1680
s10
f1
H720

f5

s8


c#
w96/48e48t48c48/48m48k48b48i48t48f48sw96/48d48e48v48/48r48a480482w963481482483481w964w964480n90 0
V1770
s8
f5
H720

f1


h384c(
26m62a35k40ew61aw61n40e35ww84440K58B54-26b40l22o40c35kwh66Cfi
45l22ew61s31y40s31t22e35m62;n90 0
V1860
s8
f1
H720


h384cs
31e35ew61b40e35l22o40ww84f26o40rw52d40e35t22a35i22l22s31)n90 0
V1950
s8
f1
H720

f5


c#
w96/48e48t48c48/48m48o48u48n48tw96/48d48e48v48/48r48a480482w96/48u48s48rn90 0
V2040
s8
f5
H720


c#
w96c48dw96/48u48s48rn90 0
V2130
s8
f5
H720


c#
w96m48tw96f48s48fw961wf1

h144c(
26s31k40i22pwh66Cfi
45r26s31twh48Cfi
45l22ew61o40nw66t22h40ew61t22a35p40e35,w46t22h40ew61r26o40o40tw48i22m62a35g40e35)n90 0
V2220
s8
f1
H720

f5


c#
w96u48m48a48s48kw962n90 0
V2310
s8
f5
H720


c#
w96t48a48rw96x48b48fw962480w96/48d48e48v48/48r48m48t480wf1

h144c(
26e35x40t22r26a35c35twf5

48/48u48s48rwf1

h74Cfi
45l22e35s31)n90 0
x X END US P1 #158 setup.ms
x X SP 60 P2 #158 setup.ms


x font 1 R
x font 2 I
x font 3 B
x font 4 BI
x font 5 CW
x font 6 H
x font 7 HB
x font 8 HX
x font 9 S1
x font 10 S
s10

f1

x X SP 36 PP #159 setup.ms
x X BS 2 PP #159 setup.ms
V2524
s10
f1
H720


h250cT
61h50ewf5

95/60u60s60rwf1

h111Cfi
56l28e44sw91o50c44c44u50p50ywh102ca
44b50o50u50tw805500wh102cm
78e44g50a44b50y50t28e44s39.n120 0
V2644
s10
f1
H720


cT
61h50ewf5

86u60m60a60s60kwf1

h102ci
28sw81n50e44e44d50e44dw92b50e44c44a44u50s39ewf2

86t28a50rwf1

89c44a44r33e44f33u50l28l28yw91r33e44c44o50r33d50sn120 0
V2764
s10
f1
H720


cp
50e44r33m78i28s39s39i28o50n50swh115ci
28nwh127ct
28h50ewh121ca
44r33c44h50i28v50e44,wh102cb
50u50twh105ca
44twh105ct
28h50ewh121cm
78o50m78e44n50tn120 0
V2884
s10
f1
H720


cn
50e44g50l28e44c44t28sw99t28owh110cr
33e44s39t28o50r33ewh104ct
28h50e44m78.wh118cM
89o50s39tw88o50fw92t28h50ewh103cd
50i28r33e44c44t28o50r33i28e44sn120 0
V3004
s10
f1
H720


ch
50a44v50ew96g50r33o50u50pwh102c(
33b50u50tw80n50o50tw80g50e44n50e44r33a44l28)w85w72r33i28t28ew96p50e44r33m78i28s39s39i28o50n50sw92o50nn120 0
V3124
s10
f1
H720


co
50u50rwh119cs
39y50s39t28e44m78.wf2

h144cT
56a50rwf1

h132cd
50o50e44swh124ca
44twh113cl
28e44a44s39twh113cs
39e44twh113co
50w72n50e44r33s39h50i28pn120 0
V3244
s10
f1
H720


cc
44o50r33r33e44c44t28l28y50.n120 0


x font 1 R
x font 2 I
x font 3 B
x font 4 BI
x font 5 CW
x font 6 H
x font 7 HB
x font 8 HX
x font 9 S1
x font 10 S
s10

f1

x X SP 36 PP #173 setup.ms
x X BS 2 PP #173 setup.ms
V3420
s10
f1
H720


h250cT
61h50e44r33ew99m78a44ywh105cb
50ew99aw99s39n50a44p50s39h50o50tw84o50fw89o50u50rw89s39o50u50r33c44e44sw95a44sn120 0
V3540
s10
f1
H720


cw
72e44l28l28,w61i28nw86o50n50ew80o50rw69m78o50r33ew80a44d50d50i28t28i28o50n50a44lw64t28a44p50ewh79Cfi
56l28e44sw74o50rw68o50nw85a44d50d50ih28Chy
n120 0
V3660
s10
f1
H720


ct
28i28o50n50a44lw74t28a44p50e44s39.wh104cT
61h50e44yw96w72o50n50'33tw74e44x50a44c44t28l28yw96c44o50r33r33e44s39p50o50n50dw97t28ow97t28h50en120 0
V3780
s10
f1
H720


cb
50i28n50a44r33i28e44s39.wh110cT
61h50ew96t28a44p50ew95w72o50n50'33tw79h50a44v50ew95a44b50s39o50l28u50t28ew95p50a44t28h50n50a44m78e44sn120 0
V3900
s10
f1
H720


co
50nw86i28t28,w61a44n50dw86f33o50rw69t28h50ew80m78o50s39tw64p50a44r33tw64y50o50uw87c44a44nw87r33e44a44r33r33a44n50g50ew81t28h50i28n50g50sn120 0
V4020
s10
f1
H720


ca
44sw74y50o50uw85p50l28e44a44s39ew79(33t28h50o50u50g50hw84d50e44p50e44n50d50e44n50c44i28e44sw73d50ow84c44r33e44e44pw84i28n50)33,w59b50u50tn120 0
V4140
s10
f1
H720


ct
28h50ew79a44r33r33a44n50g50e44m78e44n50tw63o50nw85t28h50ew79t28a44p50ew79r33eh44Cfl
56e44c44t28sw75o50u50rw69c44o50n50v50e44n50t28i28o50n50s39.n120 0
V4260
s10
f1
H720


cT
61h50ewh119cs
39o50u50r33c44ewh119ct
28owh125ct
28h50ewh119co
50p50e44r33a44t28i28n50gwh125cs
39y50s39t28e44mwh153cb
50e44l28o50n50g50swh114ci
28nn120 0
V4380
s10
f1
H720

f5


c/
60u60s60r60/60s60r60c60/60s60y60sf1

60;wh105ct
28h50a44twh105ct
28owh127ct
28h50ewh122c5
506502500wh128cs
39o50f33t28w72a44r33ewh122ci
28nn120 0
V4500
s10
f1
H720

f5


c/
60u60s60r60/60j60e60r60q60/60s60r60cf1

60;wh126ct
28h50a44twh126ct
28owh148ce
44v50e44r33y50t28h50i28n50gwh147ce
44l28s39ewh141ci
28nn120 0
V4620
s10
f1
H720

f5


c/
60u60s60r60/60s60r60cf1

60.wh104cS
56o50u50r33c44e44sw85t28ow96t28h50ew90n50e44t28w72o50r33kw96p50r33o50g50r33a44m78sw85l28i28v50en120 0
V4740
s10
f1
H720


ci
28nwf5

h101c/
60u60s60r60/60s60r60c60/60i60p60cwf1

h111c(
33e44v50e44nwh101cs
39o50m78ew95p50r33o50g50r33a44m78sw90t28h50a44tw79a44r33en120 0
V4860
s10
f1
H720


ci
28n50s39t28a44l28l28e44dw83i28nwf5

83/60u60s60r60/60b60i60nf1

60)33,w58e44x50c44e44p50tw61t28h50ew77n50e44t28w72o50r33kwh83Cfi
56l28ew77s39y50sh39Chy
n120 0
V4980
s10
f1
H720


ct
28e44m78,w59w72h50i28c44hw83i28sw72i28nwf5

83/60u60s60r60/60s60r60c60/60n60e60t60bf1

60.w91M89o50s39tw61p50r33o50g50r33a44m78sn120 0
V5100
s10
f1
H720


ca
44r33ewh112cb
50u50i28l28tw96w72i28t28hwf2

h118cm
72kf1

52(33150)33,w93b50u50tw96awh112cf
33e44wwh140cs
39t28i28l28lw96u50s39ewf2

h113cm
72a50k44en120 0
V5220
s10
f2
H720

f1


ci
28n50s39t28e44a44d50.wh111cP
56r33o50g50r33a44m78sw92w72i28t28hwh103ct
28h50e44i28rw86o50w72nwh103cd
50i28r33e44c44t28o50r33i28e44sw92h50a44v50en120 0
V5340
s10
f1
H720


ct
28h50e44i28rwh144co
50w72nwf2

h161cm
72kh44Cfi
50l28ef1

52s39;wh140ct
28h50e44r33ewh156ci
28swh151co
50n50ewf2

h156cm
72kh44Cfi
50l28ewf1

h164ci
28nn120 0
V5460
s10
f1
H720

f5


c/
60u60s60r60/60s60r60c60/60c60m60dwf1

93f33o50rw66a44l28lw61t28h50ew77s39m78a44l28lw61p50r33o50g50r33a44m78sw72t28h50e44r33e44.n120 0


x font 1 R
x font 2 I
x font 3 B
x font 4 BI
x font 5 CW
x font 6 H
x font 7 HB
x font 8 HX
x font 9 S1
x font 10 S
s10

f1

x X SP 36 PP #208 setup.ms
x X BS 2 PP #208 setup.ms
V5636
s10
f1
H720


h250cT
61h50ewh104cs
39o50u50r33c44e44swh100co
50c44c44u50p50ywh111cs
39o50m78ewh105ci
28n50d50e44t28e44r33m78i28n50a44t28ewh105cb
50u50tn120 0
V5756
s10
f1
H720


cl
28a44r33g50ew91a44m78o50u50n50tw75o50fw80s39p50a44c44e44;w75e44x50p50e44c44tw75t28ow97n50e44e44dw97a44tw75l28e44a44s39tw741503505n120 0
V5876
s10
f1
H720


cm
78e44g50a44b50y50t28e44s39.n120 0


x font 1 R
x font 2 I
x font 3 B
x font 4 BI
x font 5 CW
x font 6 H
x font 7 HB
x font 8 HX
x font 9 S1
x font 10 S
s10

f1

x X NE 600 NH 	 #211 setup.ms
x X SP 120 NH #211 setup.ms
V6184
s10
f1
H720

f3


c4
50.w91D72i28s39k56sw72a50n56dwh89Cfi
56l28ew77s39y50s39t33e44m83sn120 0


x font 1 R
x font 2 I
x font 3 B
x font 4 BI
x font 5 CW
x font 6 H
x font 7 HB
x font 8 HX
x font 9 S1
x font 10 S
s10

f1

x X SP 36 PP #213 setup.ms
x X BS 2 PP #213 setup.ms
V6360
s10
f1
H720


h250cT
61h50e44r33ewh120ca
44r33ewh120ct
28w72owh126ck
50i28n50d50swh115co
50fwh109cd
50i28s39kwh126Cfi
56l28ewh121cs
39y50s39t28e44m78,n120 0
V6480
s10
f1
H720


cr
33e44f33e44r33r33e44dw92t28ow92h50e44r33e44i28nw92a44sw81`33c44l28a44s39s39i28c44a44l28'w75a44n50dw92`33b50i28t28m78a44p50p50e44d50.25'wh108cA
n120 0
V6600
s10
f1
H720


cc
44l28a44s39s39i28c44a44lwh87Cfi
56l28ewh103cs
39y50s39t28e44mwh137cu
50s39e44sw98150050250450-33b50y50t28ewh103cb
50l28o50c44k50sw98a44n50dwh110ca
n120 0
V6720
s10
f1
H720


cV
72750-33s39t28y50l28ew99f33r33e44ew99b50l28o50c44kwh105cl
28i28s39t28.wh113cA
wh127cb
50i28t28m78a44p50p50e44dwh104Cfi
56l28ew98s39y50s39t28e44mn120 0
V6840
s10
f1
H720


cu
50s39e44sw83450050950650-33b50y50t28ew88b50l28o50c44k50sw83a44n50dw94k50e44e44p50sw83t28h50ew88f33r33e44ew89b50l28o50c44kw95l28i28s39tn120 0
V6960
s10
f1
H720


ci
28nwh100ca
w94b50i28t28m78a44p50.wh108cB
67i28t28m78a44p50p50e44dwh100Cfi
56l28ew94s39y50s39t28e44m78sw89c44o50m78ew93i28nw99t28w72on120 0
V7080
s10
f1
H720


Cfl
56a44v50o50r33s39:w76s39m78a44l28lw76o50n50e44s39,w74w72h50i28c44hw99k50e44e44pw99t28h50ew93f33r33e44ew93b50l28o50c44kw99b50i28th28Chy
n120 0
V7200
s10
f1
H720


cm
78a44pw93i28nw93t28h50ew87s39u50p50e44r33-33b50l28o50c44kw93(33w72h50i28c44hw93m78e44a44n50sw82t28h50e44yw93c44a44n50'33tw71b50en120 0
V840
s10
f1
H3216


cm
78u50c44hwh110cb
50i28g50g50e44rw93t28h50a44nwh110c1
502500wh110cm
78e44g50a44b50y50t28e44s39)33,w85a44n50dwh110cb
50i28gwh110co
50n50e44s39,n120 0
V960
s10
f1
H3216


cw
72h50i28c44hwh122ck
50e44e44pwh122ct
28h50ewh116cb
50i28t28m78a44pwh122ci
28nwh122ct
28h50ewh115ch
50i28g50h50e44s39t28-33n50u50m78b50e44r33e44dn120 0
V1080
s10
f1
H3216


cb
50l28o50c44k50sw93i28nwh104ct
28h50ewh99Cfi
56l28ew99s39y50s39t28e44m78.wh113cW
94ew99u50s39ew99b50i28t28m78a44p50p50e44dwh105Cfi
56l28en120 0
V1200
s10
f1
H3216


cs
39y50s39t28e44m78sw83a44l28m78o50s39tw72e44x50c44l28u50s39i28v50e44l28y50.wh102cT
61h50ew88r33o50o50tw71i28m78a44g50ew87o50nw93t28h50en120 0
V1320
s10
f1
H3216


ct
28a44p50ew77w72i28l28lw61b50ew77aw77b50i28t28m78a44p50p50e44dwh83Cfi
56l28ew77s39y50s39t28e44m78.n120 0


x font 1 R
x font 2 I
x font 3 B
x font 4 BI
x font 5 CW
x font 6 H
x font 7 HB
x font 8 HX
x font 9 S1
x font 10 S
s10

f1

x X SP 36 PP #233 setup.ms
x X BS 2 PP #233 setup.ms
V1483
s10
f1
H3216


h250cT
61h50ew83s39y50s39t28e44mwh117cd
50i28s39t28i28n50g50u50i28s39h50e44sw78c44l28a44s39s39i28c44a44lwh67Cfi
56l28ew83s39y50s39t28e44m78sn120 0
V1603
s10
f1
H3216


cf
33r33o50mwh126cb
50i28t28m78a44p50p50e44dw98o50n50e44sw86b50yw97t28h50ew91m78i28n50o50rw80d50e44v50i28c44ew91n50u50m78b50e44r33:n120 0
V1723
s10
f1
H3216


cb
50i28t28m78a44p50p50e44dwh89Cfi
56l28ew83s39y50s39t28e44m78sw78a44r33ew83o50nw89d50e44v50i28c44e44sw79w72i28t28hw90n50u50m78b50e44r33sn120 0
V1843
s10
f1
H3216


cg
50r33e44a44t28e44rw71t28h50a44nw88650450.w96Awh110cb
50l28o50c44kw88d50e44v50i28c44ew82w72i28t28hw87m78i28n50o50rw70n50u50m78b50e44rn120 0
V1963
s10
f1
H3216


c1
500w83c44o50u50l28dw83c44o50n50t28a44i28nw83aw77c44l28a44s39s39i28c44a44lwh62Cfi
56l28ew78s39y50s39t28e44m78;w62i28fw67i28tw62c44o50n50t28a44i28n50sn120 0
V2083
s10
f1
H3216


ca
wh121cb
50i28t28m78a44p50p50e44dwh127Cfi
56l28ewh121cs
39y50s39t28e44m78,wh102ci
28twh105cs
39h50o50u50l28dwh126ch
50a44v50ewh120cm
78i28n50o50rn120 0
V2203
s10
f1
H3216


cn
50u50m78b50e44rw787504w96i28n50s39t28e44a44d50.wh104cA
72l28lw74t28h50ew90d50i28s39kw96d50r33i28v50e44r33sw85i28g50n50o50r33ew90t28h50en120 0
V2323
s10
f1
H3216


c6
504w83b50i28t28.n120 0


x font 1 R
x font 2 I
x font 3 B
x font 4 BI
x font 5 CW
x font 6 H
x font 7 HB
x font 8 HX
x font 9 S1
x font 10 S
s10

f1

x X SP 36 PP #244 setup.ms
x X BS 2 PP #244 setup.ms
V2486
s10
f1
H3216


h250cV
72a44r33i28o50u50sw78t28o50o50l28sw78w72o50r33kw89w72i28t28hw89t28h50ew83d50i28f33f33e44r33e44n50tw68k50i28n50d50sw79o50fn120 0
V2606
s10
f1
H3216


Cfi
56l28ew77s39y50s39t28e44m78s39:n120 0


x font 1 R
x font 2 I
x font 3 B
x font 4 BI
x font 5 CW
x font 6 H
x font 7 HB
x font 8 HX
x font 9 S1
x font 10 S
s10

f1

x X SP 36 PP #246 setup.ms
x X BS 2 IP #246 setup.ms
V2769
s10
f1
H3216

f2


h250cF
61s39c44kwf1

h136cu
50n50d50e44r33s39t28a44n50d50swh123cc
44l28a44s39s39i28c44a44lwh113ca
44n50dwh135cs
39m78a44l28lwh113cb
50i28th28Chy
n120 0
V2889
s10
f1
H3216


h250cm
78a44p50p50e44dwh103Cfi
56l28ew97s39y50s39t28e44m78s39.wh111cI
33tw81d50o50e44s39n50'33tw80k50n50o50wwh124ca
44b50o50u50tn120 0
V3009
s10
f1
H3216


h250cb
50i28gw83o50n50e44sw72y50e44t28.n120 0


x font 1 R
x font 2 I
x font 3 B
x font 4 BI
x font 5 CW
x font 6 H
x font 7 HB
x font 8 HX
x font 9 S1
x font 10 S
s10

f1

x X SP 36 PP #250 setup.ms
x X BS 2 IP #250 setup.ms
V3172
s10
f1
H3216

f2


h250cC
67h50u50c44kwf1

h110cu
50n50d50e44r33s39t28a44n50d50sw98b50o50t28hwh109ck
50i28n50d50sw98o50fw92b50i28t28m78a44p50p50e44dn120 0
V3292
s10
f1
H3216


h250Cfi
56l28ew91s39y50s39t28e44m78,w72b50u50tw75d50o50e44s39n50'33tw75k50n50o50wwh118ch
50o50wwh118ct
28ow96r33e44b50u50i28l28dn120 0
V3412
s10
f1
H3216


h250ct
28h50ew77f33r33e44ew77l28i28s39tw61i28nw83aw77c44l28a44s39s39i28c44a44lwh61Cfi
56l28ew77s39y50s39t28e44m78.n120 0


x font 1 R
x font 2 I
x font 3 B
x font 4 BI
x font 5 CW
x font 6 H
x font 7 HB
x font 8 HX
x font 9 S1
x font 10 S
s10

f1

x X SP 36 PP #254 setup.ms
x X BS 2 IP #254 setup.ms
V3575
s10
f1
H3216

f2


h250cI
33c44h50e44c44kf1

52,wf2

95d50c44h50e44c44kf1

52,w95a44n50dwf2

h120cn
50c44h50e44c44kwf1

h122cw
72o50r33kwh121cw
72i28t28hwh121ca
44l28ln120 0
V3695
s10
f1
H3216


h250ck
50i28n50d50sw72o50fwh66Cfi
56l28ew77s39y50s39t28e44m78.n120 0


x font 1 R
x font 2 I
x font 3 B
x font 4 BI
x font 5 CW
x font 6 H
x font 7 HB
x font 8 HX
x font 9 S1
x font 10 S
s10

f1

x X SP 36 PP #260 setup.ms
x X BS 2 PP #260 setup.ms
V3858
s10
f1
H3216


h250cI
33fw76y50o50uw94c44h50e44c44kw94t28h50ew88b50l28o50c44kw94s39p50e44c44i28a44lwh72Cfi
56l28e44,w69y50o50uw94d50o50n50'33tn120 0
V3978
s10
f1
H3216


ch
50a44v50ew85t28ow91r33e44b50o50o50tw69t28h50ew85s39y50s39t28e44mwh119ca
44f33t28e44rwh74Cfi
56x50i28n50gw91t28h50ew85r33o50o50t28.w98W94en120 0
V4098
s10
f1
H3216


cb
50o50r33r33o50w72e44dw99t28h50i28sw88s39i28m78p50l28ew93c44o50n50v50e44n50i28e44n50c44ew93f33r33o50mwh127c4
50.25150B67S56D72;w77i28tn120 0
V4218
s10
f1
H3216


cs
39e44e44m78sw93t28owh104ch
50a44v50ew98v50a44n50i28s39h50e44dwh103cf
33r33o50mwh131cs
39u50b50s39e44q50u50e44n50tw81B67e44r33k50e44l28e44yn120 0
V4338
s10
f1
H3216


cs
39y50s39t28e44m78s39.n120 0


x font 1 R
x font 2 I
x font 3 B
x font 4 BI
x font 5 CW
x font 6 H
x font 7 HB
x font 8 HX
x font 9 S1
x font 10 S
s10

f1

x X SP 36 PP #266 setup.ms
x X BS 2 PP #266 setup.ms
V4501
s10
f1
H3216

f2


h250cM
83k44f28swf1

92m78a44k50e44sw84aw90c44l28a44s39s39i28c44a44lwh74Cfi
56l28ew90s39y50s39t28e44m78;wf2

74m72k44b50i28t28f28swf1

93an120 0
V4621
s10
f1
H3216


cb
50i28t28m78a44p50p50e44dwh90Cfi
56l28ew84s39y50s39t28e44m78,w65w72h50i28c44hw90w72i28l28lw68b50ew84t28h50ew84s39m78a44l28lw68k50i28n50dn120 0
V4741
s10
f1
H3216


ci
28fw72p50o50s39s39i28b50l28e44.w97T61ow89g50e44tw67r33e44a44s39o50n50a44b50l28ew83s39p50e44e44d50,w64i28tw68i28sw79i28m78p50o50r33t28a44n50tn120 0
V4861
s10
f1
H3216


ct
28ow99s39e44twh77Cfi
56l28ew92s39y50s39t28e44mwh126cs
39p50a44c44i28n50gw98p50a44r33a44m78e44t28e44r33sw87c44o50r33r33e44c44t28l28y50;w76s39e44en120 0
V4981
s10
f1
H3216

f2


cm
72k44f28sf1

47(33850)33.wh110cI
33nwh102co
50u50rw85e44x50p50e44r33i28e44n50c44e44,w77t28h50ew96`33s39p50a44c44e44'w86n50u50m78b50e44rw86i28sn120 0
V5101
s10
f1
H3216


cv
50e44r33ywh101ci
28m78p50o50r33t28a44n50t28,w76b50u50tw79t28h50ew95`33c44y50l28i28n50d50e44rw84s39i28z44e44'w84m78a44k50e44sw89l28i28t28t28l28en120 0
V5221
s10
f1
H3216


cd
50i28f33f33e44r33e44n50c44e44.n120 0


x font 1 R
x font 2 I
x font 3 B
x font 4 BI
x font 5 CW
x font 6 H
x font 7 HB
x font 8 HX
x font 9 S1
x font 10 S
s10

f1

x X SP 36 PP #279 setup.ms
x X BS 2 PP #279 setup.ms
V5384
s10
f1
H3216


h250cR
67e44a44dwf2

83m72o50u50n50twf1

69a44n50dwf2

83u50m72o50u50n50tf1

36(33850)w66c44a44r33e44f33u50l28l28y50;w61n50o50t28i28c44ew78i28nn120 0
V5504
s10
f1
H3216


cp
50a44r33t28i28c44u50l28a44rw84t28h50a44tw78t28h50ew94a44r33g50u50m78e44n50t28sw89t28owf2

h100cu
50m72o50u50n50twf1

86a44r33ew94m78o50u50n50tn120 0
V5624
s10
f1
H3216


cp
50o50i28n50t28sw72l28i28k50ewf5

77/60u60s60rf1

60,w58n50o50tw61s39p50e44c44i28a44lwh61Cfi
56l28e44sw72l28i28k50ewf5

77/60d60e60v60/60r60a600602f1

60.n120 0


x font 1 R
x font 2 I
x font 3 B
x font 4 BI
x font 5 CW
x font 6 H
x font 7 HB
x font 8 HX
x font 9 S1
x font 10 S
s10

f1

x X SP 36 PP #291 setup.ms
x X BS 2 PP #291 setup.ms
V5787
s10
f1
H3216


h250cA
72nw99e44x50a44m78p50l28ew93t28ow99g50e44tw77y50o50uw99s39t28a44r33t28e44d50:w77m78a44n50yw99o50fw82o50u50rn120 0
V5907
s10
f1
H3216


cm
78a44c44h50i28n50e44sw82h50a44v50ew87s39y50s39t28e44mwh121Cfi
56l28e44sw81o50nw92aw86s39i28n50g50l28ew86R67A72850150.wh100cT
61h50en120 0
V6027
s10
f1
H3216


cd
50r33i28v50e44rw66a44l28l28o50w72sw72t28h50ew77d50i28s39kw83t28ow84b50ew78s39p50l28i28tw62i28n50t28ow84c44e44r33t28a44i28nw84s39e44c44t28i28o50n50sn120 0
V6147
s10
f1
H3216


c(
f2

33r39af1

58(33450)33)33.w91W94ew77u50s39ew77t28h50e44s39ew77s39e44c44t28i28o50n50s39:n120 0


x font 1 R
x font 2 I
x font 3 B
x font 4 BI
x font 5 CW
x font 6 H
x font 7 HB
x font 8 HX
x font 9 S1
x font 10 S
s10

f1

x X SP 36 PP #298 setup.ms
x X BS 2 IP #298 setup.ms
V6310
s10
f1
H3216


h250cS
56e44c44t28i28o50nw830w83(335w83m78e44g50a44b50y50t28e44s39)w66i28sw72t28h50ew77r33o50o50t28.n120 0


x font 1 R
x font 2 I
x font 3 B
x font 4 BI
x font 5 CW
x font 6 H
x font 7 HB
x font 8 HX
x font 9 S1
x font 10 S
s10

f1

x X SP 36 PP #300 setup.ms
x X BS 2 IP #300 setup.ms
V6473
s10
f1
H3216


h250cS
56e44c44t28i28o50nw831w83(331500w83m78e44g50a44b50y50t28e44s39)w66i28sw72t28h50ew77s39w72a44pw83a44r33e44a44.n120 0


x font 1 R
x font 2 I
x font 3 B
x font 4 BI
x font 5 CW
x font 6 H
x font 7 HB
x font 8 HX
x font 9 S1
x font 10 S
s10

f1

x X SP 36 PP #302 setup.ms
x X BS 2 IP #302 setup.ms
V6636
s10
f1
H3216


h250cS
56e44c44t28i28o50nw832w83(331502500w83m78e44g50a44b50y50t28e44s39)w66i28swf5

72/60u60s60rf1

60.n120 0


x font 1 R
x font 2 I
x font 3 B
x font 4 BI
x font 5 CW
x font 6 H
x font 7 HB
x font 8 HX
x font 9 S1
x font 10 S
s10

f1

x X SP 36 PP #306 setup.ms
x X BS 2 IP #306 setup.ms
V6799
s10
f1
H3216


h250cS
56e44c44t28i28o50nw835w83(335500w83m78e44g50a44b50y50t28e44sw73a44tw62t28h50ew78h50i28g50hw84e44n50dw84o50fw67t28h50en120 0
V6919
s10
f1
H3216


h250cd
50i28s39k50)w66i28sw72aw77r33a44t28h50e44rw66g50e44n50e44r33o50u50swf5

72/60t60m60pf1

60.n120 0


x font 1 R
x font 2 I
x font 3 B
x font 4 BI
x font 5 CW
x font 6 H
x font 7 HB
x font 8 HX
x font 9 S1
x font 10 S
s10

f1

x X SP 36 PP #310 setup.ms
x X BS 2 PP #310 setup.ms
V7082
s10
f1
H3216


h250cU
72s39e44r33s39'wh70Cfi
56l28e44sw76m78i28g50h50tw65g50ow87i28nwf5

87/60u60s60rf1

60,w62o50rw71i28nw88o50t28h50e44rwh71Cfi
56l28en120 0
V7202
s10
f1
H3216


cs
39y50s39t28e44m78sw85i28nw96t28h50ew90o50t28h50e44rw78t28w72ow951502500w95m78e44g50a44b50y50t28ew89s39e44c44t28i28o50n50s39;w73i28fn120 0


x font 1 R
x font 2 I
x font 3 B
x font 4 BI
x font 5 CW
x font 6 H
x font 7 HB
x font 8 HX
x font 9 S1
x font 10 S
s10

f1

x X BT 498 #15 setup.ms
V7560
s10
f1
H720


c4
509508h4032cU
72N72I33X72 33P56a44p50e44r33sn120 0
x X END BT 498 #15 setup.ms
V7920
p499


x font 1 R
x font 2 I
x font 3 B
x font 4 BI
x font 5 CW
x font 6 H
x font 7 HB
x font 8 HX
x font 9 S1
x font 10 S
s10

f1

x X PT 499 #17 setup.ms
V480
s10
f1
H720

x font 0 NI
f0


cs
44e44t35u61pf1

h2972cS
56e44t28t28i28n50g50 33U72p50 33a44 33R67e44s39e44a44r33c44h50 33U72N72I33X72 33S56y50s39t28e44mn120 0
x X END PT 499 #17 setup.ms
V720
V840
s10
f1
H720


ct
28h50ewh105cl
28a44t28t28e44r33,w87w72ewh106cu
50s39ewh106cs
39y50m78b50o50l28i28cwh106cl
28i28n50k50swh101ct
28owh112ca
44r33r33a44n50g50ewh106ct
28h50a44tn120 0
V960
s10
f1
H720

f5


c/
60u60s60r60/60a60n60d60r60e60wwf1

h158ca
44l28w72a44y50swh137cm
78e44a44n50swf2

h136ca
50n50d50r39e44wf1

75'33swh136ch
50o50m78en120 0
V1080
s10
f1
H720


cd
50i28r33e44c44t28o50r33y50.n120 0


x font 1 R
x font 2 I
x font 3 B
x font 4 BI
x font 5 CW
x font 6 H
x font 7 HB
x font 8 HX
x font 9 S1
x font 10 S
s10

f1

x X SP 36 PP #322 setup.ms
x X BS 2 PP #322 setup.ms
V1285
s10
f1
H720


h250cB
67a44c44k50u50p50sw90a44r33ew96s39o50m78e44w72h50a44tw80a44dwh102ch
50o50c44.wh110cT
61h50ew96o50l28dwh102cV
727n120 0
V1405
s10
f1
H720

f2


cd
50u50m72pwf1

h109ca
44n50dwf2

h101cr
39e44s39t28o50rwf1

98p50r33o50g50r33a44m78sw90h50a44v50ew95l28o50n50gwh101cs
39i28n50c44ew95r33o50t28t28e44d50,n120 0
V1525
s10
f1
H720


ca
44n50dw86t28h50e44i28rw69n50e44w72e44rw69B67e44r33k50e44l28e44y50-33d50e44r33i28v50e44dw87k50i28nw87s39e44e44mwh115ct
28o50ow87c44o50mh78Chy
n120 0
V1645
s10
f1
H720


cp
50l28i28c44a44t28e44dw99t28ow99b50ew93w72o50r33t28hw99a44d50a44p50t28i28n50g50.wh107cW
94ew93b50a44c44kw99u50pw98w72h50o50l28en120 0
V1765
s10
f1
H720


Cfi
56l28ew98s39y50s39t28e44m78sw94s39i28m78p50l28ywh105cb
50ywh105cc
44o50p50y50i28n50gwh105ct
28h50ew99s39p50e44c44i28a44lwh83Cfi
56l28ew99t28on120 0
V1885
s10
f1
H720


ct
28a44p50ew85w72i28t28hwf2

90d50df1

58;w681502500w90m78e44g50a44b50y50t28e44sw79i28nw90150650K72b50y50t28ew84b50l28o50c44k50swh79Cfi
56t28sn120 0
V2005
s10
f1
H720


cn
50i28c44e44l28ywh103co
50nwh103ca
w976502505500wh103cb
50p50iw81m78a44g50t28a44p50e44.wh111cS
56u50c44hwh103cb
50a44c44k50u50p50sw92a44r33en120 0
V2125
s10
f1
H720


cm
78o50s39t28l28yw97m78e44a44n50tw75f33o50rw79u50s39ew90w72h50e44nw96d50i28s39kw96d50r33i28v50e44sw85b50r33e44a44k50;w74t28h50e44yn120 0
V2245
s10
f1
H720


ca
44r33e44n50'33tw86v50e44r33ywh108cc
44o50n50v50e44n50i28e44n50tw86w72h50e44nwh109Cfi
56l28e44sw98a44r33ewh103ca
44c44c44i28d50e44n50t28a44l28l28yn120 0
V2365
s10
f1
H720


cd
50e44l28e44t28e44d50.n120 0


x font 1 R
x font 2 I
x font 3 B
x font 4 BI
x font 5 CW
x font 6 H
x font 7 HB
x font 8 HX
x font 9 S1
x font 10 S
s10

f1

x X SP 36 PP #338 setup.ms
x X BS 2 PP #338 setup.ms
V2570
s10
f1
H720


h250cA
wh131cm
78o50r33ewh103cs
39o50p50h50i28s39t28i28c44a44t28e44dwh110ca
44n50dwh110cm
78o50r33ewh104cc
44o50m78p50l28i28c44a44t28e44dn120 0
V2690
s10
f1
H720


cs
39y50s39t28e44mwh156cf
33o50rwh111ci
28n50c44r33e44m78e44n50t28a44lwh106cb
50a44c44k50u50p50swh116ci
28swh116cd
50e44s39c44r33i28b50e44dwh127ci
28nn120 0
V2810
s10
f1
H720

f2


cb
50a50c44k44u50pf1

58(33150)w70a44n50dwf2

88b50a50c44k44u50pf1

58(33850)33.wf2

96C67p50i28owf1

96a44n50dwf2

88t28a50rwf1

85a44r33ew82s39i28m78p50l28e44rn120 0
V2930
s10
f1
H720


cp
50o50s39s39i28b50i28l28i28t28i28e44s39.n120 0


x font 1 R
x font 2 I
x font 3 B
x font 4 BI
x font 5 CW
x font 6 H
x font 7 HB
x font 8 HX
x font 9 S1
x font 10 S
s10

f1

x X NE 600 NH 	 #349 setup.ms
x X SP 120 NH #349 setup.ms
V3333
s10
f1
H720

f3


c5
50.w91F61i28l28e44sw72t33ow83w72a50t33c44hw89f33o50rn120 0


x font 1 R
x font 2 I
x font 3 B
x font 4 BI
x font 5 CW
x font 6 H
x font 7 HB
x font 8 HX
x font 9 S1
x font 10 S
s10

f1

x X SP 36 PP #351 setup.ms
x X BS 2 PP #351 setup.ms
V3538
s10
f1
H720


h250cM
89o50s39tw66o50fw71o50u50rw72m78a44c44h50i28n50e44sw78a44r33ew83r33u50nw89i28nw89aw83f33a44i28r33l28yw89o50p50e44nn120 0
V3658
s10
f1
H720


cm
78a44n50n50e44r33;w87s39p50e44c44i28a44lwh87Cfi
56l28e44sw98f33o50rw91d50i28s39k50sw97a44n50dwh108cm
78e44m78o50r33ywh108co
50f33t28e44nn120 0
V3778
s10
f1
H720


ch
50a44v50ewh101cg
50e44n50e44r33a44lw85r33e44a44dwh107cp
50e44r33m78i28s39s39i28o50n50s39.wh116cM
89o50s39tw86s39y50s39t28e44mwh136Cfi
56l28e44sn120 0
V3898
s10
f1
H720


ca
44n50dw94d50i28r33e44c44t28o50r33i28e44sw83m78a44yw94b50ew87w72r33i28t28t28e44nw93b50yw93g50r33o50u50pwf2

93b50i28nf1

58;w71i28fw76t28h50en120 0
V4018
s10
f1
H720


cs
39p50e44c44i28a44lwh67Cfi
56l28e44sw78a44r33e44n50'33tw67g50e44n50e44r33a44l28l28yw90r33e44a44d50a44b50l28e44,w65t28h50e44yw90m78a44yw90c44e44rh33Chy
n120 0
V4138
s10
f1
H720


ct
28a44i28n50l28ywh112cb
50ewh106cr
33e44a44dwh112cb
50ywh112cg
50r33o50u50pwf2

h112cs
39y44sf1

47.wh119cY
72o50uwh111cm
78a44ywh111cw
72a44n50tw89t28on120 0
V4258
s10
f1
H720


cc
44h50a44n50g50ew79s39o50m78ew79o50fw68t28h50i28s39,w60a44n50dw85t28ow85b50r33o50w72s39ew79a44r33o50u50n50dw85g50e44n50e44r33a44l28l28yn120 0
V4378
s10
f1
H720


cf
33o50rw66h50o50l28e44s39.n120 0


x font 1 R
x font 2 I
x font 3 B
x font 4 BI
x font 5 CW
x font 6 H
x font 7 HB
x font 8 HX
x font 9 S1
x font 10 S
s10

f1

x X SP 36 PP #363 setup.ms
x X BS 2 PP #363 setup.ms
V4583
s10
f1
H720


h250cH
72e44r33ewh142ca
44r33ewh143cs
39o50m78ewh143Cfi
56l28e44swh138ct
28h50a44twh127ch
50a44v50ewh143cs
39y50s39t28e44m78-n120 0
V4703
s10
f1
H720


cd
50e44p50e44n50d50e44n50tw93c44o50n50t28e44n50t28s39;w92t28h50ewh108cv
50e44r33s39i28o50n50swh103co
50nwh114ct
28h50ewh108ct
28a44p50ewh108ca
44r33en120 0
V4823
s10
f1
H720


cp
50r33o50b50a44b50l28yw83w72r33o50n50g50,w58a44n50dw83m78u50s39tw61b50ew77e44d50i28t28e44dw83f33o50rw66y50o50u50rw66s39y50s39t28e44m78.n120 0


x font 1 R
x font 2 I
x font 3 B
x font 4 BI
x font 5 CW
x font 6 H
x font 7 HB
x font 8 HX
x font 9 S1
x font 10 S
s10

f1

x X SP 36 PP #378 setup.ms
x X BS 2 IP #378 setup.ms
V5028
s10
f1
H720

f5


c/
60e60t60c60/60w60h60o60a60m60in120 0
V5148
s10
f5
H720

f1


h250cA
wh109cs
39i28n50g50l28ew81l28i28n50ew81o50fw71t28e44x50tw66c44o50n50t28a44i28n50i28n50gw88t28h50i28sw77m78a44c44h50i28n50e44'33sn120 0
V5268
s10
f1
H720


h250cn
50a44m78e44,w74p50r33i28n50t28e44dw99b50ywf2

98g50e44t28t28yf1

52(33850)33,w73u50s39e44dw98b50ywf2

98u50u50c44pwf1

h106ca
44n50dn120 0
V5388
s10
f1
H720


h250cm
78i28s39c44e44l28l28a44n50e44o50u50sw72n50e44t28w72o50r33kw83p50r33o50g50r33a44m78s39.n120 0


x font 1 R
x font 2 I
x font 3 B
x font 4 BI
x font 5 CW
x font 6 H
x font 7 HB
x font 8 HX
x font 9 S1
x font 10 S
s10

f1

x X SP 36 PP #385 setup.ms
x X BS 2 IP #385 setup.ms
V5593
s10
f1
H720

f5


c/
60nn120 0
V5713
s10
f5
H720

f1


h250cM
89o50u50n50twh129cp
50o50i28n50t28swh141cf
33o50rwh135cn
50e44t28w72o50r33kwh152Cfi
56l28ewh146cs
39y50s39t28e44m78s39,n120 0
V5833
s10
f1
H720

f2


h250cn
50e44t28f28sf1

47(33850)33.wf5

h107c/
60n60/f2

60r39e44m72s39y44swf1

87i28sw87t28h50ew92(33e44m78p50t28y50)w81d50i28r33e44c44t28o50r33yn120 0
V5953
s10
f1
H720


h250co
50nwh105cw
72h50i28c44hwh106ct
28h50ewh100cr
33e44m78o50t28ewh100Cfi
56l28ewh100cs
39y50s39t28e44mwh134cf
33o50rw89s39y50s39t28e44mn120 0
V6073
s10
f1
H720

f2


h250cr
39e44m72s39y44swf1

h146ci
28swh138cm
78o50u50n50t28e44d50.wf5

h156c/
60n60/f2

60m72y44n50a50m72ef1

44,wh123cw
72h50e44r33en120 0
V6193
s10
f1
H720

f2


h250cm
72y44n50a50m72ewf1

h111ci
28sw99t28h50ewh104cn
50a44m78ewh104ci
28nwf5

h110c/
60e60t60c60/60w60h60o60a60m60if1

60,w85i28sn120 0
V6313
s10
f1
H720


h250cc
44o50n50v50e44n50t28i28o50n50a44l28l28yw83aw77s39y50m78b50o50l28i28cw77l28i28n50kw83t28owf5

83/f1

60.n120 0


x font 1 R
x font 2 I
x font 3 B
x font 4 BI
x font 5 CW
x font 6 H
x font 7 HB
x font 8 HX
x font 9 S1
x font 10 S
s10

f1

x X SP 36 PP #406 setup.ms
x X BS 2 IP #406 setup.ms
V6518
s10
f1
H720

f5


c/
60e60t60c60/60f60s60t60a60bn120 0
V6638
s10
f5
H720

f1


h250cF
56i28l28e44s39y50s39t28e44m78sw93t28owh104cb
50ew98m78o50u50n50t28e44dwh104ci
28nwh104cn
50o50r33m78a44lw82o50p50e44r33ah44Chy
n120 0
V6758
s10
f1
H720


h250ct
28i28o50n50,wf2

58f28s39t28a50bf1

58(33550)33.n120 0


x font 1 R
x font 2 I
x font 3 B
x font 4 BI
x font 5 CW
x font 6 H
x font 7 HB
x font 8 HX
x font 9 S1
x font 10 S
s10

f1

x X SP 36 PP #409 setup.ms
x X BS 2 IP #409 setup.ms
V6963
s10
f1
H720

f5


c/
60e60t60c60/60t60t60y60sn120 0
V7083
s10
f5
H720

f1


h250cT
61e44r33m78i28n50a44lw81l28i28n50e44sw93t28owh104cb
50ew98m78a44i28n50t28a44i28n50e44dwh104cb
50ywf2

h104ci
28n50i28twf1

90a44n50dn120 0
V7203
s10
f1
H720

f2


h250cg
50e44t28t28yf1

52(33850)33,wf2

58t28t28y44sf1

47(33550)33.n120 0


x font 1 R
x font 2 I
x font 3 B
x font 4 BI
x font 5 CW
x font 6 H
x font 7 HB
x font 8 HX
x font 9 S1
x font 10 S
s10

f1

x X SP 36 PP #415 setup.ms
x X BS 2 IP #415 setup.ms
V840
s10
f1
H3216

f5


c/
60e60t60c60/60c60r60o60n60t60a60bn120 0
V960
s10
f5
H3216

f1


h250cL
61i28s39tw61o50fw66a44c44t28i28o50n50sw72f33o50rwf2

66c44r39o50nf1

58(33850)33.n120 0


x font 1 R
x font 2 I
x font 3 B
x font 4 BI
x font 5 CW
x font 6 H
x font 7 HB
x font 8 HX
x font 9 S1
x font 10 S
s10

f1

x X SP 36 PP #418 setup.ms
x X BS 2 IP #418 setup.ms
V1136
s10
f1
H3216

f5


c/
60e60t60c60/60p60a60s60s60w60dn120 0
V1256
s10
f5
H3216


c/
60e60t60c60/60g60r60o60u60pn120 0
V1376
s10
f5
H3216

f1


h250cL
61i28s39tw61o50fw66u50s39e44r33sw72a44n50dw83g50r33o50u50p50s39,wf2

58p50a50s39s39w67df1

58(33550)33.n120 0


x font 1 R
x font 2 I
x font 3 B
x font 4 BI
x font 5 CW
x font 6 H
x font 7 HB
x font 8 HX
x font 9 S1
x font 10 S
s10

f1

x X SP 36 PP #421 setup.ms
x X BS 2 IP #421 setup.ms
V1552
s10
f1
H3216

f5


c/
60e60t60c60/60r60cn120 0
V1672
s10
f5
H3216

f1


h250cS
56c44r33i28p50tw73t28ow95b50ew89e44x50e44c44u50t28e44dw95w72h50e44nw95t28h50ew90s39y50s39t28e44mwh124cs
39t28a44r33t28s39,n120 0
V1792
s10
f1
H3216

f2


h250cr
39cf1

52(33850)33.n120 0


x font 1 R
x font 2 I
x font 3 B
x font 4 BI
x font 5 CW
x font 6 H
x font 7 HB
x font 8 HX
x font 9 S1
x font 10 S
s10

f1

x X SP 36 PP #424 setup.ms
x X BS 2 IP #424 setup.ms
V1968
s10
f1
H3216

f5


c/
60l60i60b60/60d60s60tn120 0
V2088
s10
f5
H3216

f1


h250cD
72a44y50l28i28g50h50twh111cs
39a44v50i28n50gwh133ct
28i28m78ewh127cd
50eh44Cfi
56n50i28t28i28o50n50s39,wf2

h108cc
44t28i28m72ef1

52(33350)33.n120 0
V2208
s10
f1
H3216


h250cT
61h50ew78t28i28m78e44z44o50n50ew78i28sw73c44o50m78p50i28l28e44dw84i28n50t28ow84t28h50ew78k50e44r33n50e44l28,w59a44sw73i28sn120 0
V2328
s10
f1
H3216


h250ca
wh82Cfl
56a44gw88t28h50a44tw66d50e44c44l28a44r33e44sw77w72h50e44t28h50e44rw71d50a44y50l28i28g50h50tw66t28i28m78ew82e44v50e44rn120 0
V2448
s10
f1
H3216


h250ch
50a44p50p50e44n50s39;w61t28h50e44s39ew77a44r33ew77p50r33o50b50a44b50l28yw83b50o50t28hw83m78i28s39t28a44k50e44s39.n120 0


x font 1 R
x font 2 I
x font 3 B
x font 4 BI
x font 5 CW
x font 6 H
x font 7 HB
x font 8 HX
x font 9 S1
x font 10 S
s10

f1

x X SP 36 PP #430 setup.ms
x X BS 2 IP #430 setup.ms
V2624
s10
f1
H3216

f5


c/
60l60i60b60/60t60t60y60n60a60m60e60sn120 0
V2744
s10
f5
H3216

f1


h250cL
61i28s39tw61o50fw66d50i28r33e44c44t28o50r33i28e44sw72s39e44a44r33c44h50e44dw83b50ywf2

83t28t28y44n50a50m72ef1

52(33350)33.n120 0


x font 1 R
x font 2 I
x font 3 B
x font 4 BI
x font 5 CW
x font 6 H
x font 7 HB
x font 8 HX
x font 9 S1
x font 10 S
s10

f1

x X SP 36 PP #433 setup.ms
x X BS 2 IP #433 setup.ms
V2920
s10
f1
H3216

f5


c/
60e60t60c60/60a60c60u60l60i60s60tn120 0
V3040
s10
f5
H3216

f1


h250cL
61i28s39tw76o50fw82t28e44l28e44p50h50o50n50ew93d50i28a44l28l28i28n50gw99d50e44v50i28c44e44s39,wf2

74d50i28a50l28o50u50tf1

36(33350)33.n120 0
V3160
s10
f1
H3216

f2


h250cC
67uwf1

91a44n50dwf2

83u50u50c44pwf1

91d50e44p50e44n50dw83o50nw83t28h50i28sw72l28i28s39t28.n120 0


x font 1 R
x font 2 I
x font 3 B
x font 4 BI
x font 5 CW
x font 6 H
x font 7 HB
x font 8 HX
x font 9 S1
x font 10 S
s10

f1

x X SP 36 PP #440 setup.ms
x X BS 2 PP #440 setup.ms
V3336
s10
f1
H3216


h250cI
33fwh100cy
50o50uwh117cu
50s39ewh111cn
50e44t28w72o50r33k50i28n50g50,wf2

92u50u50c44pf1

58,w92o50rwh100ce
44l28e44c44t28r33o50n50i28cn120 0
V3456
s10
f1
H3216


cm
78a44i28l28,w58t28h50e44r33ew77a44r33ew77o50t28h50e44rwh66Cfi
56l28e44sw72t28owh83Cfi
56x50;w61d50e44t28a44i28l28sw72b50e44l28o50w72.n120 0


x font 1 R
x font 2 I
x font 3 B
x font 4 BI
x font 5 CW
x font 6 H
x font 7 HB
x font 8 HX
x font 9 S1
x font 10 S
s10

f1

x X SP 36 PP #446 setup.ms
x X BS 2 PP #446 setup.ms
V3632
s10
f1
H3216


h250cH
72e44r33ew85a44r33ew86s39o50m78ew86a44c44c44o50u50n50t28i28n50gwh92Cfi
56l28e44sw81t28h50a44tw70s39h50o50u50l28dw92b50en120 0
V3752
s10
f1
H3216


ct
28r33u50n50c44a44t28e44dw83f33r33o50mwh111ct
28i28m78ew77t28ow83t28i28m78e44:n120 0


x font 1 R
x font 2 I
x font 3 B
x font 4 BI
x font 5 CW
x font 6 H
x font 7 HB
x font 8 HX
x font 9 S1
x font 10 S
s10

f1

x X SP 36 PP #449 setup.ms
x X BS 2 IP #449 setup.ms
V3928
s10
f1
H3216

f5


c/
60u60s60r60/60a60d60m60/60w60t60m60pn120 0
V4048
s10
f5
H3216

f1


h250cS
56e44s39s39i28o50nw83a44c44c44o50u50n50t28i28n50g50,wf2

58l28o50g50i28nf1

58(33850)33.n120 0


x font 1 R
x font 2 I
x font 3 B
x font 4 BI
x font 5 CW
x font 6 H
x font 7 HB
x font 8 HX
x font 9 S1
x font 10 S
s10

f1

x X SP 36 PP #452 setup.ms
x X BS 2 IP #452 setup.ms
V4224
s10
f1
H3216

f5


c/
60u60s60r60/60a60d60m60/60m60e60s60s60a60g60e60sn120 0
V4344
s10
f5
H3216

f1


h250cR
67e44c44o50r33dw83o50fw66c44o50n50s39o50l28ew77m78e44s39s39a44g50e44s39,wf2

58d50m72e44s39gf1

58(33850)33.n120 0


x font 1 R
x font 2 I
x font 3 B
x font 4 BI
x font 5 CW
x font 6 H
x font 7 HB
x font 8 HX
x font 9 S1
x font 10 S
s10

f1

x X SP 36 PP #455 setup.ms
x X BS 2 IP #455 setup.ms
V4520
s10
f1
H3216

f5


c/
60u60s60r60/60a60d60m60/60s60m60d60rn120 0
V4640
s10
f5
H3216

f1


h250cA
72u50t28o50d50i28a44l28l28e44rwh142cu
50s39e44;wh137cw
72r33i28t28t28e44nwh159ci
28fwh142cp
50o50s39s39i28b50l28ewh154cb
50yn120 0
V4760
s10
f1
H3216

f2


h250cd
50i28a50l28o50u50tf1

36(33350)33.n120 0


x font 1 R
x font 2 I
x font 3 B
x font 4 BI
x font 5 CW
x font 6 H
x font 7 HB
x font 8 HX
x font 9 S1
x font 10 S
s10

f1

x X SP 36 PP #459 setup.ms
x X BS 2 IP #459 setup.ms
V4936
s10
f1
H3216

f5


c/
60u60s60r60/60s60p60o60o60l60/60m60a60i60l60/60m60a60i60l60.60l60o60gn120 0
V5056
s10
f5
H3216

f1


h250cR
67e44c44o50r33dw83o50fw66m78a44i28lw61s39e44n50tw61o50rw66d50e44l28i28v50e44r33e44d50,wf2

58u50p50a50sf1

47(33850)33.n120 0


x font 1 R
x font 2 I
x font 3 B
x font 4 BI
x font 5 CW
x font 6 H
x font 7 HB
x font 8 HX
x font 9 S1
x font 10 S
s10

f1

x X SP 36 PP #462 setup.ms
x X BS 2 IP #462 setup.ms
V5232
s10
f1
H3216

f5


c/
60u60s60r60/60n60e60t60b60/60s60e60t60u60p60ln120 0
V5352
s10
f5
H3216


c/
60u60s60r60/60n60e60t60b60/60z60a60r60f60.60l60o60gn120 0
V5472
s10
f5
H3216

f1


h250cN
72e44t28w72o50r33kwh83Cfi
56l28ew77s39y50s39t28e44mwh111cl
28o50g50s39,wf2

58n50e44t28f28sf1

47(33850)33.n120 0


x font 1 R
x font 2 I
x font 3 B
x font 4 BI
x font 5 CW
x font 6 H
x font 7 HB
x font 8 HX
x font 9 S1
x font 10 S
s10

f1

x X SP 36 PP #465 setup.ms
x X BS 2 IP #465 setup.ms
V5648
s10
f1
H3216

f5


c/
60u60s60r60/60i60p60c60/60l60o60gn120 0
V5768
s10
f5
H3216

f1


h250cD
72i28r33e44c44t28o50r33ywh195cw
72h50e44r33ewh189cv
50a44r33i28o50u50swh185cd
50a44e44m78o50n50swh185ci
28nn120 0
V5888
s10
f1
H3216

f5


h250c/
60u60s60r60/60i60p60c60/60m60g60r60swf1

h137cw
72r33i28t28ewh120cl
28o50gwh126Cfi
56l28e44s39;wf2

h104cs
39v44c44m72g50rf1

47,n120 0
V6008
s10
f1
H3216

f2


h250cd
50k44m72g50rf1

47,wf2

58t28c44p50m72g50rf1

47(33850)w66a44m78o50n50gw83o50t28h50e44r33s39.n120 0


x font 1 R
x font 2 I
x font 3 B
x font 4 BI
x font 5 CW
x font 6 H
x font 7 HB
x font 8 HX
x font 9 S1
x font 10 S
s10

f1

x X SP 36 PP #473 setup.ms
x X BS 2 IP #473 setup.ms
V6184
s10
f1
H3216

f5


c/
60u60s60r60/60s60p60o60o60l60/60u60u60c60p60/60.60L60o60gn120 0
V6304
s10
f5
H3216

f1


h250cL
61o50gwh83Cfi
56l28e44sw72f33r33o50mwh111cv
50a44r33i28o50u50swf2

72u50u50c44pwf1

91d50a44e44m78o50n50s39.n120 0


x font 1 R
x font 2 I
x font 3 B
x font 4 BI
x font 5 CW
x font 6 H
x font 7 HB
x font 8 HX
x font 9 S1
x font 10 S
s10

f1

x X SP 36 PP #477 setup.ms
x X BS 2 PP #477 setup.ms
V6480
s10
f1
H3216


h250cW
94ewh110cr
33u50nwf5

h116c/
60u60s60r60/60i60p60c60/60s60e60r60v60e60r60s60/60d60a60i60l60ywf1

h126cj
28u50s39tn120 0
V6600
s10
f1
H3216


cb
50e44f33o50r33ewh102cm
78i28d50n50i28g50h50tw86e44v50e44r33ywh108cd
50a44y50;w86i28tw86m78a44i28n50t28a44i28n50sw96awh101cw
72e44e44k50'33sn120 0
V6720
s10
f1
H3216


cw
72o50r33t28hw98o50fw81d50a44i28l28yw98i28s39s39u50e44sw87o50fw81t28h50ewf5

92/60u60s60r60/60i60p60c60/60l60o60gwf1

h109Cfi
56l28e44sn120 0
V6840
s10
f1
H3216


ca
44n50dwh310co
50fwf5

h293cm
60a60i60l60.60l60o60gf1

60.wh318cI
33fwh293cp
50r33e44s39e44n50t28,n120 0
V6960
s10
f1
H3216

f5


c/
60u60s60r60/60a60d60m60/60w60e60e60k60c60l60e60a60nwf1

h1020ca
44n50dn120 0
V7080
s10
f1
H3216

f5


c/
60u60s60r60/60a60d60m60/60m60o60n60t60h60c60l60e60a60nwf1

h101cs
39h50o50wwh112cw
72h50a44tw68w72ew84d50ow90a44b50o50u50tn120 0
V7200
s10
f1
H3216


cs
39o50m78ew77o50fw66t28h50ew77o50t28h50e44rwh66Cfi
56l28e44s39.n120 0


x font 1 R
x font 2 I
x font 3 B
x font 4 BI
x font 5 CW
x font 6 H
x font 7 HB
x font 8 HX
x font 9 S1
x font 10 S
s10

f1

x X BT 499 #17 setup.ms
V7560
s10
f1
H720


cR
67e44s39e44a44r33c44h50 33T61e44n50t28h50 33E61d50i28t28i28o50nh3621c4
509509n120 0
x X END BT 499 #17 setup.ms
V7920
p500


x font 1 R
x font 2 I
x font 3 B
x font 4 BI
x font 5 CW
x font 6 H
x font 7 HB
x font 8 HX
x font 9 S1
x font 10 S
s10

f1

x X PT 500 #27 setup.ms
V480
s10
f1
H720


cS
56e44t28t28i28n50g50 33U72p50 33a44 33R67e44s39e44a44r33c44h50 33U72N72I33X72 33S56y50s39t28e44mx font 0 NI
f0

h2993cs
44e44t35u61pn120 0
x X END PT 500 #27 setup.ms
V720


x font 1 R
x font 2 I
x font 3 B
x font 4 BI
x font 5 CW
x font 6 H
x font 7 HB
x font 8 HX
x font 9 S1
x font 10 S
s10

f1

x X NE 600 NH 	 #492 setup.ms
x X SP 120 NH #492 setup.ms
V840
s10
f1
H720

f3


c6
50.w91S56e44t33t33i28n56gw83u56pw89m83a50i28ln120 0


x font 1 R
x font 2 I
x font 3 B
x font 4 BI
x font 5 CW
x font 6 H
x font 7 HB
x font 8 HX
x font 9 S1
x font 10 S
s10

f1

x X SP 36 PP #494 setup.ms
x X BS 2 PP #494 setup.ms
V1006
s10
f1
H720


h250cE
61v50e44r33y50o50n50ew81h50a44sw76aw82c44o50m78p50l28i28c44a44t28e44dw88m78a44i28lw66s39y50s39t28e44mwh116ct
28h50e44s39en120 0
V1126
s10
f1
H720


cd
50a44y50s39;w82o50u50r33sw93i28sw92p50e44r33h50a44p50sw92s39i28m78p50l28e44rw86t28h50a44nwh103cm
78a44n50y50,w78b50u50tw81s39t28i28l28ln120 0
V1246
s10
f1
H720


cr
33e44q50u50i28r33e44sw80s39o50m78ew86s39e44t28t28i28n50gw92u50p50.wh100cT
61h50e44r33ew86a44r33ew86v50a44r33i28o50u50swh81Cfi
56l28e44sw81t28on120 0
V1366
s10
f1
H720


Cfi
56xwh113ci
28nwh113cd
50i28r33e44c44t28o50r33ywf5

h113c/
60u60s60r60/60l60i60b60/60u60p60a60sf1

60,w88e44s39p50e44c44i28a44l28l28ywh112ct
28h50en120 0
V1486
s10
f1
H720


cl
28i28s39tw71o50fw76a44d50d50r33e44s39s39i28n50gw93r33u50l28e44sw82i28nwf5

93r60e60w60r60i60t60ewf1

h103ca
44n50dw93t28h50ew87l28i28s39tw71o50fn120 0
V1606
s10
f1
H720


cl
28o50c44a44lw72n50a44m78ew87a44l28i28a44swh82Cfi
56l28e44sw82i28nwf5

93n60a60m60e60f60i60l60e60sf1

60.wh101cS
56e44ewf2

87m72a50i28lf1

36(33150)n120 0
V1726
s10
f1
H720


ca
44n50dwf2

83u50p50a50sf1

47(33850)33,w58a44n50dw83t28h50ewf2

77u50p50a50swf1

80p50a44p50e44rw66i28nw83V72o50l28u50m78ew77250.n120 0


x font 1 R
x font 2 I
x font 3 B
x font 4 BI
x font 5 CW
x font 6 H
x font 7 HB
x font 8 HX
x font 9 S1
x font 10 S
s10

f1

x X SP 36 PP #513 setup.ms
x X BS 2 PP #513 setup.ms
V1892
s10
f1
H720


h250cT
61h50ewf5

86r60e60w60r60i60t60ewf1

h102co
50nw92t28h50ew86t28a44p50ew86k50n50o50w72sw81a44b50o50u50tw70l28o50c44a44ln120 0
V2012
s10
f1
H720


cm
78a44i28lw65a44n50dwf2

86u50u50c44pf1

58,w61w72h50i28c44hw86i28sw75p50r33o50b50a44b50l28yw86e44n50o50u50g50hw86t28ow86g50e44tw64y50o50un120 0
V2132
s10
f1
H720


cs
39t28a44r33t28e44d50;w98t28h50ewh114cs
39u50p50p50l28i28e44dwf5

h120cn
60a60m60e60f60i60l60e60swf1

h130cp
50o50i28n50t28swh110ca
44tw99t28w72on120 0
V2252
s10
f1
H720


ce
44m78p50t28ywh105Cfi
56l28e44swf5

94n60a60m60e60s60.60l60o60c60a60lwf1

h114ca
44n50dwf5

h104cn
60a60m60e60s60.60g60l60o60b60a60lf1

60.n120 0
V2372
s10
f1
H720


cO
72u50rw85u50s39u50a44lwf5

81r60e60w60r60i60t60ewf1

h113Cfi
56l28ew97i28sw92i28nwf5

h103cr
60e60w60r60i60t60e60.60f60a60n60c60yf1

60;n120 0
V2492
s10
f1
H720


cy
50o50uw84d50o50n50'33tw62w72a44n50tw62t28ow84u50s39ew78i28tw62u50n50c44h50a44n50g50e44d50,w59b50u50tw62i28tw62i28sw72t28h50e44r33ew77a44sn120 0
V2612
s10
f1
H720


ca
44nw93a44d50v50a44n50c44e44dw93e44x50a44m78p50l28e44.wh101cS
56h50e44l28lw71s39c44r33i28p50t28sw82l28i28k50ewf5

87r60o60u60t60ewf1

h103cg
50on120 0
V2732
s10
f1
H720


cw
72i28t28hw87i28t28.w95B67e44f33o50r33ew80t28r33y50i28n50gw86t28ow86u50s39ew80t28h50e44m78,w61p50l28e44a44s39ew80r33e44a44dw86t28h50e44mn120 0
V2852
s10
f1
H720


cc
44a44r33e44f33u50l28l28y50,w60a44n50dw85r33e44m78o50v50ew80t28h50i28n50g50sw75l28i28k50ew80u50s39ew80o50fw69o50u50rw69g50a44t28e44w72a44yn120 0
V2972
s10
f1
H720


cm
78a44c44h50i28n50ewf2

77r39e44s39e44a50r39c44hf1

58.n120 0


x font 1 R
x font 2 I
x font 3 B
x font 4 BI
x font 5 CW
x font 6 H
x font 7 HB
x font 8 HX
x font 9 S1
x font 10 S
s10

f1

x X NE 600 NH 	 #540 setup.ms
x X SP 120 NH #540 setup.ms
V3245
s10
f1
H720

f3


c7
50.w91S56e44t33t33i28n56gw83u56pw89u56u56c44pn120 0


x font 1 R
x font 2 I
x font 3 B
x font 4 BI
x font 5 CW
x font 6 H
x font 7 HB
x font 8 HX
x font 9 S1
x font 10 S
s10

f1

x X SP 36 PP #542 setup.ms
x X BS 2 PP #542 setup.ms
V3411
s10
f1
H720


h250cO
72u50rwf2

h113cu
50u50c44pwf1

h138cp
50r33o50g50r33a44m78swh120cb
50e44l28o50n50gwh131ct
28owh131ct
28h50ewh125ch
50o50n50e44yn120 0
V3531
s10
f1
H720


cd
50a44n50b50e44rw68f33a44m78i28l28y50,w60a44n50dw85b50e44h50a44v50ew79i28nw85aw78m78o50s39t28l28yw84s39t28a44n50d50a44r33dw84w72a44y50.n120 0
V3651
s10
f1
H720


cT
61h50ew93p50r33i28n50c44i28p50l28ew93d50i28f33f33e44r33e44n50c44ew93i28sw88t28h50a44tw77t28h50ew93p50r33o50g50r33a44m78sw89d50o50n50'33tn120 0
V3771
s10
f1
H720


cr
33e44a44dwh104ca
w98s39i28n50g50l28ewf5

97S60y60s60t60e60m60swf1

h113Cfi
56l28ew97t28owh103cl
28o50o50kwh103cu
50pwh103ca
w97s39y50s39t28e44m78.n120 0
V3891
s10
f1
H720


cI
33n50s39t28e44a44d50,w72t28h50e44yw97r33u50nwf5

97/60u60s60r60/60l60i60b60/60u60u60c60p60/60u60u60g60r60e60pwf1

h107cw
72i28t28hn120 0
V4011
s10
f1
H720


ca
44nw88a44r33g50u50m78e44n50tw66n50a44m78i28n50gw88t28h50ew82s39y50s39t28e44mwh116co
50fw71i28n50t28e44r33e44s39t28.wf2

95U72u50g50r39e44pn120 0
V4131
s10
f2
H720

f1


ci
28sw92e44x50p50e44c44t28e44dwh103ct
28owh104cp
50r33i28n50tw82o50n50ew98o50rw87m78o50r33ewf5

98S60y60s60t60e60m60swf1

h114cl
28i28n50e44s39,n120 0
V4251
s10
f1
H720


cw
72h50i28c44hw99m78a44yw99o50rw82m78a44yw99n50o50tw76b50ew92r33e44l28e44v50a44n50tw76t28ow98t28h50a44tw76s39y50s39t28e44m78;n120 0
V4371
s10
f1
H720


ct
28h50ew77s39y50s39t28e44mwh111cn
50a44m78ew77i28nw83e44a44c44hw83l28i28n50ew77m78u50s39tw61s39t28i28l28lw61b50ew77c44h50e44c44k50e44d50.n120 0


x font 1 R
x font 2 I
x font 3 B
x font 4 BI
x font 5 CW
x font 6 H
x font 7 HB
x font 8 HX
x font 9 S1
x font 10 S
s10

f1

x X SP 36 PP #563 setup.ms
x X BS 2 PP #563 setup.ms
V4537
s10
f1
H720


h250cN
72o50r33m78a44l28l28ywf2

85u50u50g50r39e44pwf1

93j28u50s39tw63p50r33i28n50t28sw75t28h50ew80c44o50n50t28e44n50t28sw75o50fw69a44l28ln120 0
V4657
s10
f1
H720


ct
28h50ewh96Cfi
56l28e44sw91n50a44m78e44dwh101ci
28nwf5

h101c/
60u60s60r60/60l60i60b60/60u60u60c60p60/60S60y60s60f60i60l60e60sf1

60.n120 0
V4777
s10
f1
H720


cH
72o50w72e44v50e44r33,wh506ci
28fwh514ct
28h50ewh526Cfi
56l28e44sn120 0
V4897
s10
f1
H720

f5


c/
60u60s60r60/60l60i60b60/60u60u60c60p60/60B60s60y60s60t60e60m60s60.60[60F60T60]wf1

h149ce
44x50i28s39t28,wh114ct
28h50e44yn120 0
V5017
s10
f1
H720


ca
44r33ewh134ca
44s39s39u50m78e44dwh140ct
28owh140cc
44o50n50t28a44i28nwh140ca
wf2

h134cc
44b50tf1

36(33350)wh123cd
50a44t28a44b50a44s39ewh135co
50fn120 0
V5137
s10
f1
H720

f5


cS
60y60s60t60e60m60swf1

99e44n50t28r33i28e44s39;wf2

67u50u50g50r39e44pwf1

97s39e44a44r33c44h50e44sw78t28h50ew83d50a44t28a44b50a44s39ew82a44n50dn120 0
V5257
s10
f1
H720


cp
50r33i28n50t28sw89o50n50l28ywh100ct
28h50ew94l28i28n50e44sw90f33o50rw84t28h50ew95i28n50t28e44r33e44s39t28i28n50gwh101cs
39y50s39t28e44m78.wh109cI
33fn120 0
V5377
s10
f1
H720


ct
28h50a44twh101cs
39y50s39t28e44mwh150ci
28s39n50'33twh100cf
33o50u50n50d50,w97o50rwh105co
50n50ewh116co
50fwh105ct
28h50ewh116co
50r33i28g50i28n50a44ln120 0
V5497
s10
f1
H720

f5


cS
60y60s60t60e60m60swf1

h98Cfi
56l28e44sw77i28sw77n50e44w72e44rw71t28h50a44nw88t28h50ew82d50a44t28a44b50a44s39e44,w63t28h50ew82d50a44t28ah44Chy
n120 0
V5617
s10
f1
H720


cb
50a44s39ew77i28sw72i28g50n50o50r33e44dw83a44n50dw83a44l28lw61t28h50ewh77Cfi
56l28e44sw72a44r33ew77p50r33i28n50t28e44d50.n120 0


x font 1 R
x font 2 I
x font 3 B
x font 4 BI
x font 5 CW
x font 6 H
x font 7 HB
x font 8 HX
x font 9 S1
x font 10 S
s10

f1

x X SP 36 PP #585 setup.ms
x X BS 2 PP #585 setup.ms
V5783
s10
f1
H720

f2


h250cU
72u50g50r39e44pwf1

h118cw
72i28t28h50o50u50tw89a44r33g50u50m78e44n50t28swh100cs
39p50i28t28swh100co
50u50tw89a44l28lw89t28h50en120 0
V5903
s10
f1
H720


ce
44n50t28r33i28e44s39,w58a44n50dw83r33e44b50u50i28l28d50sw72t28h50ew77d50a44t28a44b50a44s39ew77i28fw66n50e44c44e44s39s39a44r33y50.n120 0


x font 1 R
x font 2 I
x font 3 B
x font 4 BI
x font 5 CW
x font 6 H
x font 7 HB
x font 8 HX
x font 9 S1
x font 10 S
s10

f1

x X SP 36 PP #590 setup.ms
x X BS 2 PP #590 setup.ms
V6069
s10
f1
H720


h250cT
61owh192cu
50s39ewh186ct
28h50ewh187cd
50a44t28a44b50a44s39e44,wh168cc
44r33e44a44t28ewh187ce
44m78p50t28yn120 0
V6189
s10
f1
H720

f5


cB
60s60y60s60t60e60m60s60.60Twf1

h128ca
44n50dwf5

h118cB
60s60y60s60t60e60m60s60.60Fwf1

h128Cfi
56l28e44swh107c(
33w72i28t28hwh118ct
28h50en120 0
V6309
s10
f1
H720


cs
39a44m78ew77p50e44r33m78i28s39s39i28o50n50sw72u50s39e44dw83f33o50rw66S56y50s39t28e44m78swh72Cfi
56l28e44s39)33,w58a44n50dw83r33u50nn120 0
x X SP 60 P1 #598 setup.ms
x X US P1 #598 setup.ms
V6476
s10
f1
H720

f5

s8


c/
48u48s48r48/48l48i48b48/48u48u48c48p48/48u48u48g48r48e48pw96>48/48d48e48v48/48n48u48l48lw96248>48&481n90 0
x X END US P1 #600 setup.ms
x X SP 60 P2 #600 setup.ms
V6673
s8
f5
H720

f1

s10


cM
89a44k50ew85a44r33r33a44n50g50e44m78e44n50t28sw80t28ow91r33u50nw91t28h50i28sw80w72h50e44n50e44v50e44rw74o50n50ew85o50fw74t28h50en120 0
V6793
s10
f1
H720

f5


cS
60y60s60t60e60m60swf1

h93Cfi
56l28e44sw72c44h50a44n50g50e44s39;w61w72ew77j28u50s39tw61d50ow83i28tw61e44v50e44r33yw83h50o50u50r33.n120 0


x font 1 R
x font 2 I
x font 3 B
x font 4 BI
x font 5 CW
x font 6 H
x font 7 HB
x font 8 HX
x font 9 S1
x font 10 S
s10

f1

x X SP 36 PP #605 setup.ms
x X BS 2 PP #605 setup.ms
V6959
s10
f1
H720

f5


h250c/
60u60s60r60/60l60i60b60/60u60u60c60p60/60u60u60d60e60m60o60n60.60h60rwf1

h207ci
28swh186cr
33u50nn120 0
V7079
s10
f1
H720


ch
50o50u50r33l28y50,wf5

67u60u60d60e60m60o60n60.60d60a60ywf1

h102cd
50a44i28l28y50.wh100cT
61a44k50ew85t28h50e44mwh119ca
44sw80e44x50a44mh78Chy
n120 0
V7199
s10
f1
H720


cp
50l28e44s39.n120 0


x font 1 R
x font 2 I
x font 3 B
x font 4 BI
x font 5 CW
x font 6 H
x font 7 HB
x font 8 HX
x font 9 S1
x font 10 S
s10

f1

x X SP 36 PP #611 setup.ms
x X BS 2 PP #611 setup.ms
V840
s10
f1
H3216


h250cN
72o50n50ew86o50fw75t28h50ewf2

86u50u50c44pwf1

h101Cfi
56l28e44sw82a44r33ew87u50s39e44dw93b50ywf2

93c44uwf1

h101ci
28nw93o50u50rn120 0
V960
s10
f1
H3216


cs
39y50s39t28e44m78.n120 0


x font 1 R
x font 2 I
x font 3 B
x font 4 BI
x font 5 CW
x font 6 H
x font 7 HB
x font 8 HX
x font 9 S1
x font 10 S
s10

f1

x X NE 600 NH 	 #617 setup.ms
x X SP 120 NH #617 setup.ms
V1221
s10
f1
H3216

f3


c8
50.w91S56e44t33t33i28n56gw83u56pw89n56e44t33w72o50r44k56i28n56gn120 0


x font 1 R
x font 2 I
x font 3 B
x font 4 BI
x font 5 CW
x font 6 H
x font 7 HB
x font 8 HX
x font 9 S1
x font 10 S
s10

f1

x X SP 36 PP #619 setup.ms
x X BS 2 PP #619 setup.ms
V1383
s10
f1
H3216


h250cT
61h50ew89p50r33o50g50r33a44m78sw84i28nwf2

95c44o50nf1

58(33150)w79a44r33ew90u50s39e44dw96t28ow96r33e44m78o50t28e44l28yn120 0
V1503
s10
f1
H3216


cl
28o50gwh116ci
28n50t28owh116ca
44n50o50t28h50e44rw99m78a44c44h50i28n50ewh110ca
44n50dwh116ct
28owh115ce
44x50e44c44u50t28ewh109cr
33e44m78o50t28en120 0
V1623
s10
f1
H3216


cc
44o50m78m78a44n50d50s39.wf2

h102cP
61u50s39hwf1

h102ca
44n50dwf2

95r39c44pf1

58(33150)w78c44o50p50ywh95Cfi
56l28e44s39.wh103cO
72u50rwf2

78p50u50s39hn120 0
V1743
s10
f2
H3216

f1


cs
39p50e44a44k50sw87aw92d50i28f33f33e44r33e44n50tw75(33a44n50dw97m78a44r33k50e44d50l28yw97s39i28m78p50l28e44r33)w80l28a44n50g50u50a44g50en120 0
V1863
s10
f1
H3216


cf
33r33o50mwh145ct
28h50ewh111cD
72K72H72O72S56Twh128cp
50r33o50g50r33a44mwh145co
50fwh100ct
28h50ewh112cs
39a44m78ewh112cn
50a44m78e44;n120 0
V1983
s10
f1
H3216

f2


cn
50p50u50s39hwf1

91a44n50dwf2

83n50p50u50l28lwf1

69a44t28t28e44m78p50tw61c44o50m78p50a44t28i28b50i28l28i28t28y50.n120 0


x font 1 R
x font 2 I
x font 3 B
x font 4 BI
x font 5 CW
x font 6 H
x font 7 HB
x font 8 HX
x font 9 S1
x font 10 S
s10

f1

x X SP 36 PP #637 setup.ms
x X BS 2 PP #637 setup.ms
V2145
s10
f1
H3216


h250cF
56o50rw70e44a44c44hw87k50i28n50dw87o50fw70n50e44t28w72o50r33k50,w62t28h50e44r33ew81i28sw76a44tw66l28e44a44s39tw66o50n50en120 0
V2265
s10
f1
H3216


cn
50e44t28w72o50r33k50-33s39p50e44c44ih28Cfi
56cwh116cd
50a44e44m78o50nwh122cr
33e44s39p50o50n50s39i28b50l28ewh116cf
33o50rwh104cl
28i28s39t28e44n50i28n50gn120 0
V2385
s10
f1
H3216


ca
44n50dw93d50i28a44l28l28i28n50g50.wh102cT
61h50i28sw83d50a44e44m78o50nw94a44n50n50o50u50n50c44e44sw83aw88l28o50c44a44lw72n50a44m78en120 0
V2505
s10
f1
H3216


ct
28h50r33o50u50g50hw93w72h50i28c44hw93o50u50t28b50o50u50n50dw93c44a44l28l28sw82m78a44yw93b50ew87r33e44q50u50e44s39t28e44d50.wh101cI
33tn120 0
V2625
s10
f1
H3216


ca
44l28s39owh117cl
28i28s39t28e44n50swh106cf
33o50rwh100ci
28n50b50o50u50n50dwh117cc
44a44l28l28swh107cf
33r33o50mwh146ct
28h50ewh112cn
50e44t28w72o50r33k50,n120 0
V2745
s10
f1
H3216


cm
78a44p50sw83t28h50ew88n50e44t28w72o50r33k50'33sw83i28d50e44aw88o50fw77aw88s39e44r33v50i28c44ew87n50a44m78ew87t28h50r33o50u50g50hn120 0
V2865
s10
f1
H3216


cs
39o50m78ewh111cl
28o50c44a44lw96c44o50n50v50e44n50t28i28o50n50,w93a44n50dwh118cc
44a44l28l28swh107ct
28h50ewh112ca
44p50p50r33o50p50r33i28a44t28en120 0
V2985
s10
f1
H3216


cl
28o50c44a44lw93n50a44m78ewh109cf
33o50rw97t28h50ewh108cs
39e44r33v50i28c44e44.wh122cM
89o50s39tw92l28o50c44a44lw92s39e44r33v50i28c44e44s39,n120 0
V3105
s10
f1
H3216


cl
28o50g50i28nw88a44n50dw88c44o50m78m78a44n50dw88e44x50e44c44u50t28i28o50nw88i28nw89p50a44r33t28i28c44u50l28a44r33,w64a44r33ew83h50a44nh50Chy
n120 0
V3225
s10
f1
H3216


cd
50l28e44dw83b50ywf2

83s39v44c44m72g50rf1

47(33850)33.n120 0


x font 1 R
x font 2 I
x font 3 B
x font 4 BI
x font 5 CW
x font 6 H
x font 7 HB
x font 8 HX
x font 9 S1
x font 10 S
s10

f1

x X SP 36 PP #651 setup.ms
x X BS 2 PP #651 setup.ms
V3387
s10
f1
H3216


h250cL
61o50c44a44lw79s39e44r33v50i28c44ew95n50a44m78e44s39,w76i28n50c44l28u50d50i28n50gwh102cn
50e44t28w72o50r33kwh102cd
50i28a44lh28Chy
n120 0
V3507
s10
f1
H3216


cl
28i28n50g50,w79a44r33ew98a44n50n50o50u50n50c44e44dwh104cw
72i28t28hwf2

h104ci
28p50c44c44r39e44a50twf1

90a44n50dwh104cc
44a44l28l28e44dwh103cw
72i28t28hn120 0
V3627
s10
f1
H3216

f2


ci
28p50c44o50p50e44nf1

58;wh113cs
39e44ewf2

h130ci
28p50cf1

52(33350)33.wh144cT
61h50ewh130cs
39e44r33v50i28c44e44swh125ca
44r33ewh130cu
50s39u50a44l28l28yn120 0
V3747
s10
f1
H3216


ca
44n50n50o50u50n50c44e44dwh126ci
28nwh126cd
50i28r33e44c44t28o50r33ywf5

h125c/
60c60sf1

60.wh133cF
56o50rwh108ce
44x50a44m78p50l28e44,wh100ct
28h50en120 0
V3867
s10
f1
H3216


cD
72a44t28a44k50i28tw93d50i28a44l28l28e44rw98a44n50n50o50u50n50c44e44swh104ci
28t28s39e44l28fw98a44swf5

h104c/
60c60s60/60d60kf1

60;wf2

94c44o50nn120 0
V3987
s10
f2
H3216

f1


co
50p50e44n50sw72t28h50a44tw61n50a44m78ew77w72i28t28hwf2

83i28p50c44o50p50e44nwf1

91t28ow83p50l28a44c44ew77aw77c44a44l28l28.n120 0


x font 1 R
x font 2 I
x font 3 B
x font 4 BI
x font 5 CW
x font 6 H
x font 7 HB
x font 8 HX
x font 9 S1
x font 10 S
s10

f1

x X SP 36 PP #669 setup.ms
x X BS 2 PP #669 setup.ms
V4149
s10
f1
H3216


h250cT
61ow83t28u50r33nw83o50nw83a44n50yw83n50e44t28w72o50r33k50,w58y50o50uw84m78u50s39tw62r33u50nwf2

84s39v44c44m72g50rf1

47.n120 0
V4269
s10
f1
H3216


cE
61d50i28twf5

77/60u60s60r60/60i60p60c60/60l60i60b60/60s60e60r60vwf1

h108ca
44n50dwf5

98a60u60t60hwf1

h108ct
28ow98c44o50n50t28a44i28nn120 0
V4389
s10
f1
H3216


ct
28h50ewh117cd
50e44s39i28r33e44dwh123cs
39e44r33v50i28c44e44swh113ca
44n50dwh124ca
44u50t28h50o50r33i28z44a44t28i28o50nwh124cm
78a44p50p50i28n50g50s39.n120 0
V4509
s10
f1
H3216


cT
61h50ew86o50n50e44sw81o50nw92t28h50ew85t28a44p50ew85a44r33ew85c44e44r33t28a44i28n50l28yw91w72r33o50n50g50;w69u50s39ew85t28h50e44mn120 0
V4629
s10
f1
H3216


ca
44sw72e44x50a44m78p50l28e44s39.n120 0


x font 1 R
x font 2 I
x font 3 B
x font 4 BI
x font 5 CW
x font 6 H
x font 7 HB
x font 8 HX
x font 9 S1
x font 10 S
s10

f1

x X SP 36 PP #682 setup.ms
x X BS 2 PP #682 setup.ms
V4791
s10
f1
H3216


h250cT
61ow99t28u50r33nwh100co
50nwh100cD
72a44t28a44k50i28t28,w75y50o50uwh100cm
78u50s39tw78h50a44v50ew94t28h50ew94r33i28g50h50tn120 0
V4911
s10
f1
H3216


cs
39p50e44c44i28a44lwh72Cfi
56l28e44sw83i28nwf5

94/60d60e60v60/60d60kf1

60,w69a44n50dw94m78u50s39tw71r33u50nwf2

93d50k44h50u50pwf1

h101ca
44n50dn120 0
V5031
s10
f1
H3216

f2


cd
50k44m72g50rf1

47;w63s39e44ewf2

79d50kf1

52(33450)w68a44n50dwf2

86d50k44m72g50rf1

47(33850)33.w94T61h50ew80d50e44v50i28c44ewh80Cfi
56l28e44sw75o50nn120 0
V5151
s10
f1
H3216


ct
28h50ewh131ct
28a44p50ewh130ca
44r33ewh130cp
50r33o50b50a44b50l28ywh136cw
72r33o50n50g50.wh144cW
94a44t28c44hwh136co
50u50twh114cf
33o50rn120 0
V5271
s10
f1
H3216

f5


c/
60d60e60v60/60d60k60/60d60k60c60t60lf1

60,w79w72h50i28c44hwh104cs
39h50o50u50l28dwh104cb
50ew98l28i28n50k50e44dwh104ct
28owh104ct
28h50en120 0
V5391
s10
f1
H3216


cc
44o50m78m78o50nwh112cs
39i28g50n50a44l28l28i28n50gwh112cc
44h50a44n50n50e44l28;w89t28h50i28swh100ci
28swh100cc
44h50a44n50n50e44lw891wh111co
50nn120 0
V5511
s10
f1
H3216


cp
50r33o50d50u50c44t28i28o50nwh139cD
72a44t28a44k50i28t28s39,wh114cb
50u50twh117cn
50o50twh117co
50nwh140cm
78o50s39twh118co
50fwh123co
50u50rn120 0
V5631
s10
f1
H3216


cm
78a44c44h50i28n50e44s39.n120 0


x font 1 R
x font 2 I
x font 3 B
x font 4 BI
x font 5 CW
x font 6 H
x font 7 HB
x font 8 HX
x font 9 S1
x font 10 S
s10

f1

x X SP 36 PP #700 setup.ms
x X BS 2 PP #700 setup.ms
V5793
s10
f1
H3216


h250cI
33fw73y50o50u50'33r33ew84u50s39i28n50gw90aw84K72M89C67,w65r33u50nwf5

91/60e60t60c60/60k60d60i60l60o60a60dn120 0
V5913
s10
f5
H3216

f1


ct
28owh186cl
28o50a44dwh186cm
78i28c44r33o50c44o50d50ewh180ci
28n50t28owh186ci
28t28,wh161ca
44f33t28e44rwh169ce
44d50i28t28i28n50gn120 0
V6033
s10
f1
H3216

f5


c/
60e60t60c60/60k60m60c60t60a60bwf1

h120ct
28owh110cp
50o50i28n50tw89a44tw89t28h50ewh105ca
44p50p50r33o50p50r33i28a44t28ewh105cK
72M89Cn120 0
V6153
s10
f1
H3216


cm
78i28c44r33o50c44o50d50e44:wf5

h111c/
60e60t60c60/60d60k60k60.60k60d60iwf1

h143cf
33o50rwh115ct
28h50ewh126cK
72M89S56150150-33K72,n120 0
V6273
s10
f1
H3216

f5


c/
60e60t60c60/60d60k60k60.60d60u60b60h60iwf1

h166cf
33o50rwh139ct
28h50ewh150cD
72U72B67H72I33.wf2

h165cK
67m72cf1

52(33850)n120 0
V6393
s10
f1
H3216


ce
44x50p50l28a44i28n50sw72s39o50m78ew77o50fw66t28h50i28s39.n120 0


x font 1 R
x font 2 I
x font 3 B
x font 4 BI
x font 5 CW
x font 6 H
x font 7 HB
x font 8 HX
x font 9 S1
x font 10 S
s10

f1

x X SP 36 PP #714 setup.ms
x X BS 2 PP #714 setup.ms
V6555
s10
f1
H3216


h250cT
61ow92t28u50r33nw92o50nw92T61C67P56/28I33P56,w67y50o50uw92m78u50s39tw70r33u50nw92a44nw93i28n50s39t28a44n50c44en120 0
V6675
s10
f1
H3216


co
50fwf2

68i28p50c44o50nh50Cfi
50gf1

58(33850)w68f33o50rw68e44a44c44hw85I33Pw91n50e44t28w72o50r33kw85i28n50t28e44r33f33a44c44e44,w60a44n50dw85o50n50en120 0
V6795
s10
f1
H3216


ci
28n50s39t28a44n50c44ew80o50fwf2

69t28c44p50m72g50rf1

47(33850)33.w94I33fw70y50o50uw87w72a44n50tw65t28ow87u50s39ew81U72D72P56,w62r33u50nn120 0
V6915
s10
f1
H3216

f2


cu
50d50p50c44o50nh50Cfi
50gwf1

91t28o50o50.n120 0


x font 1 R
x font 2 I
x font 3 B
x font 4 BI
x font 5 CW
x font 6 H
x font 7 HB
x font 8 HX
x font 9 S1
x font 10 S
s10

f1

x X SP 36 PP #725 setup.ms
x X BS 2 PP #725 setup.ms
V7077
s10
f1
H3216


h250cB
67e44s39i28d50e44sw76t28h50ew81h50a44r33d50w72a44r33ew81d50e44v50i28c44e44sw76(33e44.25g50.w62a44nw88E61t28h50e44r33n50e44tn120 0
V7197
s10
f1
H3216


cc
44o50n50t28r33o50l28l28e44r33)33,w60t28h50e44s39ew79s39p50e44c44i28a44lwh63Cfi
56l28e44sw74a44r33ew79n50e44e44d50e44dw85f33o50rw67T61C67P56/28I33P56.n120 0


x font 1 R
x font 2 I
x font 3 B
x font 4 BI
x font 5 CW
x font 6 H
x font 7 HB
x font 8 HX
x font 9 S1
x font 10 S
s10

f1

x X BT 500 #27 setup.ms
V7560
s10
f1
H720


c5
500500h4032cU
72N72I33X72 33P56a44p50e44r33sn120 0
x X END BT 500 #27 setup.ms
V7920
p501


x font 1 R
x font 2 I
x font 3 B
x font 4 BI
x font 5 CW
x font 6 H
x font 7 HB
x font 8 HX
x font 9 S1
x font 10 S
s10

f1

x X PT 501 #38 setup.ms
V480
s10
f1
H720

x font 0 NI
f0


cs
44e44t35u61pf1

h2972cS
56e44t28t28i28n50g50 33U72p50 33a44 33R67e44s39e44a44r33c44h50 33U72N72I33X72 33S56y50s39t28e44mn120 0
x X END PT 501 #38 setup.ms
V720
V840
s10
f1
H720


cC
67h50a44n50n50e44lw83n50u50m78b50e44r33sw94l28i28k50ewh100ct
28h50a44tw84i28nwf5

h106c/
60d60e60v60/60t60c60p600601wf1

h116cm
78u50s39tn120 0
V960
s10
f1
H720


ca
44l28w72a44y50sw72b50ew77t28w72ow83d50i28g50i28t28s39.n120 0


x font 1 R
x font 2 I
x font 3 B
x font 4 BI
x font 5 CW
x font 6 H
x font 7 HB
x font 8 HX
x font 9 S1
x font 10 S
s10

f1

x X US KS 0 #733 setup.ms
x X SP 60  #733 setup.ms
x X SP 60 TS #734 setup.ms
x X US TS #734 setup.ms
V1197
s10
f1
H720


Cul
h11Cul
h50Cul
h50Cul
h50Cul
h50Cul
h50Cul
h50Cul
h50Cul
h50Cul
h50Cul
h50Cul
h50Cul
h50Cul
h50Cul
h50Cul
h50Cul
h50Cul
h50Cul
h50Cul
h50Cul
h50Cul
h50Cul
h50Cul
h50Cul
h50Cul
h50Cul
h50Cul
h50Cul
h50Cul
h50Cul
h50Cul
h50Cul
h50Cul
h50Cul
h50Cul
h50Cul
h50Cul
h50Cul
h50Cul
h50Cul
h50Cul
h50Cul
n20 0
V1317
s10
f1
H720


h236Cfi
56l28eh430cm
78a44j28,25m78i28nn120 0
V1327
s10
f1
H720


Cul
h11Cul
h50Cul
h50Cul
h50Cul
h50Cul
h50Cul
h50Cul
h50Cul
h50Cul
h50Cul
h50Cul
h50Cul
h50Cul
h50Cul
h50Cul
h50Cul
h50Cul
h50Cul
h50Cul
h50Cul
h50Cul
h50Cul
h50Cul
h50Cul
h50Cul
h50Cul
h50Cul
h50Cul
h50Cul
h50Cul
h50Cul
h50Cul
h50Cul
h50Cul
h50Cul
h50Cul
h50Cul
h50Cul
h50Cul
h50Cul
h50Cul
h50Cul
v20
h-2061
Cul
h11Cul
h50Cul
h50Cul
h50Cul
h50Cul
h50Cul
h50Cul
h50Cul
h50Cul
h50Cul
h50Cul
h50Cul
h50Cul
h50Cul
h50Cul
h50Cul
h50Cul
h50Cul
h50Cul
h50Cul
h50Cul
h50Cul
h50Cul
h50Cul
h50Cul
h50Cul
h50Cul
h50Cul
h50Cul
h50Cul
h50Cul
h50Cul
h50Cul
h50Cul
h50Cul
h50Cul
h50Cul
h50Cul
h50Cul
h50Cul
h50Cul
h50Cul
n20 0
V1457
s10
f1
H720

f5


c/
60d60e60v60/60i60p600f1

h330c4
50250,250h356cf
33o50rw66g50e44n50e44r33a44lw61I33Pw89c44o50n50t28r33o50ln120 0
V1577
s10
f1
H720

f5


c/
60d60e60v60/60i60p60t60c60pf1

h210c4
50250,256h356cf
33o50rw66T61C67Pn120 0
V1697
s10
f1
H720

f5


c/
60d60e60v60/60i60p601606f1

h270c4
50250,251506h306cf
33o50rwf2

66r39o50u50t28e44dn120 0
V1817
s10
f2
H720

f5


c/
60d60e60v60/60i60p60u60d60pf1

h210c4
50250,251507h306cf
33o50rw66U72D72Pn120 0
V1937
s10
f1
H720

f5


c/
60d60e60v60/60t60c60pf2

60n50nf1

h220c4
50350,f2

25n50nf1

h306cT
61C67Pw89c44h50a44n50n50e44l28sn120 0
V2057
s10
f1
H720

f5


c/
60d60e60v60/60u60d60pf2

60n50nf1

h220c5
50050,f2

25n50nf1

h306cU
72D72Pw89c44h50a44n50n50e44l28sn120 0
V2077
s10
f1
H720


Cul
h11Cul
h50Cul
h50Cul
h50Cul
h50Cul
h50Cul
h50Cul
h50Cul
h50Cul
h50Cul
h50Cul
h50Cul
h50Cul
h50Cul
h50Cul
h50Cul
h50Cul
h50Cul
h50Cul
h50Cul
h50Cul
h50Cul
h50Cul
h50Cul
h50Cul
h50Cul
h50Cul
h50Cul
h50Cul
h50Cul
h50Cul
h50Cul
h50Cul
h50Cul
h50Cul
h50Cul
h50Cul
h50Cul
h50Cul
h50Cul
h50Cul
h50Cul
n20 0
x X END US TE #851 setup.ms
x X SP 60 TE #851 setup.ms


x font 1 R
x font 2 I
x font 3 B
x font 4 BI
x font 5 CW
x font 6 H
x font 7 HB
x font 8 HX
x font 9 S1
x font 10 S
s10

f1



x font 1 R
x font 2 I
x font 3 B
x font 4 BI
x font 5 CW
x font 6 H
x font 7 HB
x font 8 HX
x font 9 S1
x font 10 S
s10

f1

x X SP 60  #839 setup.ms
x X END US KS #839 setup.ms


x font 1 R
x font 2 I
x font 3 B
x font 4 BI
x font 5 CW
x font 6 H
x font 7 HB
x font 8 HX
x font 9 S1
x font 10 S
s10

f1

x X SP 36 PP #840 setup.ms
x X BS 2 PP #840 setup.ms
V2414
s10
f1
H720


h250cM
89o50s39tw82T61C67P56/28I33Pwh110cp
50r33o50g50r33a44m78sw93d50e44p50e44n50dwh104co
50nwh104ct
28h50ew98n50a44m78en120 0
V2534
s10
f1
H720


cs
39e44r33v50i28c44ew95m78e44c44h50a44n50i28s39m78sw90d50e44s39c44r33i28b50e44dwh101ci
28nwf2

h100cq
50n50sf1

47(33750)w83a44n50dwf2

h100cn
50sf1

47(33850)33.n120 0
V2654
s10
f1
H720


cY
72o50uwh252cm
78u50s39twh230cr
33u50nwf2

h253cn
50sf1

47,wh228ca
44f33t28e44rwh236ca
44d50j28u50s39t28i28n50gn120 0
V2774
s10
f1
H720

f5


c/
60u60s60r60/60i60p60c60/60l60i60b60/60n60s60.60d60bf1

60.n120 0


x font 1 R
x font 2 I
x font 3 B
x font 4 BI
x font 5 CW
x font 6 H
x font 7 HB
x font 8 HX
x font 9 S1
x font 10 S
s10

f1

x X SP 36 PP #850 setup.ms
x X BS 2 PP #850 setup.ms
V3024
s10
f1
H720


h250cT
61owh101ct
28u50r33nwh101co
50nwh101co
50u50rw84k50i28n50dwh101co
50fw84n50e44t28w72o50r33kwh102Cfi
56l28ew96s39y50s39t28e44m78,n120 0
V3144
s10
f1
H720


cy
50o50uwh101cn
50e44e44dwh101ct
28owh101ce
44d50i28twh78Cfi
56l28e44sw89i28nwf5

h100c/
60u60s60r60/60n60e60t60bf1

60,w75a44n50dwh100ct
28owh100cr
33u50nn120 0
V3264
s10
f1
H720


cc
44e44r33t28a44i28nw97p50r33o50g50r33a44m78sw86k50e44p50tw75t28h50e44r33e44;w75s39e44ewf2

91n50e44t28f28sf1

47(33850)33.wh105cO
72u50rw80n50e44th28Chy
n120 0
V3384
s10
f1
H720


cw
72o50r33kwh89Cfi
56l28ew83s39y50s39t28e44mwh117cp
50r33o50t28o50c44o50lw67i28sw78d50i28f33f33e44r33e44n50tw66f33r33o50mwh116ce
44v50e44r33y50o50n50en120 0
V3504
s10
f1
H720


ce
44l28s39e44'33s39.w97S56i28n50c44ew83o50u50rw72s39e44r33v50e44rw72i28sw78j28u50s39tw67aw83u50s39e44rw73p50r33o50g50r33a44m78,w65i28tw68i28sn120 0
V3624
s10
f1
H720


cp
50o50s39s39i28b50l28ew81w72i28t28hw87s39o50m78ew81e44f33f33o50r33tw65t28ow87m78a44k50ew81i28tw65r33u50nw86u50n50d50e44rw69o50t28h50e44rn120 0
V3744
s10
f1
H720


co
50p50e44r33a44t28i28n50gwh105cs
39y50s39t28e44m78s39,w80m78a44k50i28n50gwh105ct
28h50e44i28rwh89Cfi
56l28e44sw95a44c44c44e44s39s39i28b50l28ewh100ct
28on120 0
V3864
s10
f1
H720


ct
28h50ew79m78a44c44h50i28n50ew79r33u50n50n50i28n50gw85o50u50rw68s39y50s39t28e44mwh113c(
33b50u50tw63n50o50tw63v50i28c44ew78v50e44r33s39a44)33.n120 0
V3984
s10
f1
H720


cF
56o50rw76e44x50a44m78p50l28e44,w68s39o50m78ew87o50fw76o50u50rw76m78a44c44h50i28n50e44sw83c44a44nw94s39e44ew88a44l28lw72t28h50en120 0
V4104
s10
f1
H720


Cfi
56l28e44sw82o50nw93t28h50ew87l28o50c44a44lw71C67r33a44y50.wh101cL
61o50o50kw93i28nw93t28h50ew87s39o50u50r33c44e44sw81i28fw75y50o50un120 0
V4224
s10
f1
H720


cw
72a44n50tw61t28ow83d50ow83t28h50i28s39.n120 0


x font 1 R
x font 2 I
x font 3 B
x font 4 BI
x font 5 CW
x font 6 H
x font 7 HB
x font 8 HX
x font 9 S1
x font 10 S
s10

f1

x X NE 600 NH 	 #869 setup.ms
x X SP 120 NH #869 setup.ms
V840
s10
f1
H3216

f3


c9
50.w91B67i28t33m83a50p56p56e44dw89t33e44r44m83i28n56a50l28sn120 0


x font 1 R
x font 2 I
x font 3 B
x font 4 BI
x font 5 CW
x font 6 H
x font 7 HB
x font 8 HX
x font 9 S1
x font 10 S
s10

f1

x X SP 36 PP #871 setup.ms
x X BS 2 PP #871 setup.ms
V996
s10
f1
H3216


h250cT
61h50e44r33ew82i28sw78aw83f33a44i28r33l28yw89e44x50t28e44n50s39i28v50ew83s39e44tw67o50fw72p50r33o50g50r33a44m78sw78f33o50rn120 0
V1116
s10
f1
H3216


ct
28h50ewh105cT
61e44l28e44t28y50p50ewh105c5
506502500wh111ct
28e44r33m78i28n50a44l28;w89s39e44ewh105cs
39e44c44t28i28o50nwh111c9
wh111co
50fw93t28h50en120 0
V1236
s10
f1
H3216


cm
78a44n50u50a44l28,w63i28nw88p50a44r33t28i28c44u50l28a44rwf2

71i28n50t28r39of1

58(33950)33.w96T61h50ew82p50r33o50g50r33a44m78sw78l28i28v50ew83i28nn120 0
V1356
s10
f1
H3216

f5


c/
60u60s60r60/60j60e60r60qf1

60.wh125cS
56o50m78ewh111co
50fwh100ct
28h50ewh111cp
50r33o50g50r33a44m78swh105ch
50a44v50ewh110cb
50e44e44nn120 0
V1476
s10
f1
H3216


cm
78o50v50e44dw90t28ow90t28h50ew84A72T61&78Twh101c6
503500w91t28e44r33m78i28n50a44l28;w69t28h50ew856503500w91v50e44r33s39i28o50n50sn120 0
V1596
s10
f1
H3216


cl
28i28v50ew89i28nwf5

94/60u60s60r60/606603600f1

60.wh102cT
61h50e44r33ew88i28sw83n50ow94d50o50c44u50m78e44n50t28a44t28i28o50nw94f33o50rn120 0
V1716
s10
f1
H3216


ct
28h50ewh101c6
503500wh107cv
50e44r33s39i28o50n50s39,w82b50u50tw85m78o50s39tw85a44r33ewh102ct
28h50ewh102cs
39a44m78ewh102ca
44sw97t28h50e44i28rn120 0
V1836
s10
f1
H3216


c5
506502500wh101cc
44o50u50s39i28n50s39.wf2

h109c6
50350050m72u50xwf1

h103ci
28sw90t28h50ew95w72i28n50d50o50wwh122cm
78u50l28t28i28p50l28e44x50e44r33.n120 0
V1956
s10
f1
H3216


cT
61h50ew97n50a44m78ew97i28sw92d50e44c44e44p50t28i28v50e44;wf2

81650350050m72u50xwf1

h105ct
28e44r33m78i28n50a44lw81w72i28n50d50o50w72sn120 0
V2076
s10
f1
H3216


ca
44c44tw69l28i28k50ew85t28h50ew85o50n50e44sw79i28nw90t28h50ew846503500w90R67O72M89,w65n50o50tw68l28i28k50ew84t28h50o50s39ew84i28nn120 0
V2196
s10
f1
H3216

f2


cm
72u50xf1

52.n120 0


x font 1 R
x font 2 I
x font 3 B
x font 4 BI
x font 5 CW
x font 6 H
x font 7 HB
x font 8 HX
x font 9 S1
x font 10 S
s10

f1

x X NE 600 NH 	 #892 setup.ms
x X SP 120 NH #892 setup.ms
V2436
s10
f1
H3216

f3


c1
50050.w91M94i28s39c44e44l28l28a50n56e44o50u56sw72h56a50r44d56w72a50r44ew77s39u56p56p56o50r44tn120 0


x font 1 R
x font 2 I
x font 3 B
x font 4 BI
x font 5 CW
x font 6 H
x font 7 HB
x font 8 HX
x font 9 S1
x font 10 S
s10

f1

x X SP 36 PP #894 setup.ms
x X BS 2 PP #894 setup.ms
V2592
s10
f1
H3216


h250cI
33fw83y50o50uwh100ch
50a44v50ew95aw95V72A72X72-33150150/287505500wh101cw
72i28t28hwh101ca
w95p50a44t28c44h50a44b50l28en120 0
V2712
s10
f1
H3216


cc
44o50n50t28r33o50lw84s39t28o50r33ew99(33m78o50s39tw83d50o50)33,wf2

80l28d50p50c44sf1

47(33850)w88w72i28l28lw83l28o50a44dwh105cD
72E61C67'33sn120 0
V2832
s10
f1
H3216


cm
78i28c44r33o50c44o50d50ew77p50a44t28c44h50e44s39.n120 0


x font 1 R
x font 2 I
x font 3 B
x font 4 BI
x font 5 CW
x font 6 H
x font 7 HB
x font 8 HX
x font 9 S1
x font 10 S
s10

f1

x X SP 36 PP #900 setup.ms
x X BS 2 PP #900 setup.ms
V2988
s10
f1
H3216


h250cT
61h50ewh147cs
39y50s39t28e44mwh181cd
50o50e44s39n50'33twh131cr
33e44p50l28a44c44ewh147cb
50a44dwh153cb
50l28o50c44k50sn120 0
V3108
s10
f1
H3216


ca
44u50t28o50m78a44t28i28c44a44l28l28ywh114co
50nwh114cM
89S56C67Pwh120cd
50i28s39k50s39,w89b50u50twf2

92r39a50r39e44p50lf1

36(33850)w96w72i28l28ln120 0
V3228
s10
f1
H3216


cr
33e44p50l28a44c44ew89aw89p50a44r33t28i28c44u50l28a44rw78b50l28o50c44kw95o50nw96r33e44q50u50e44s39t28,w71a44n50dwf2

96s39m72a50s39hf1

58(33850)n120 0
V3348
s10
f1
H3216


cw
72i28l28lw76o50f33t28e44nw98m78a44k50ew92i28tw76u50n50n50e44c44e44s39s39a44r33y50.wh106cI
33nw97o50u50rw80e44x50p50e44r33i28e44n50c44e44,n120 0
V3468
s10
f1
H3216


cb
50a44dwh103cb
50l28o50c44kwh103cr
33e44p50l28a44c44e44m78e44n50tw82i28sw93a44l28m78o50s39tw82n50e44v50e44rw87a44p50p50r33o50p50r33i28a44t28en120 0
V3588
s10
f1
H3216


co
50nw83R67A72850150s39.n120 0


x font 1 R
x font 2 I
x font 3 B
x font 4 BI
x font 5 CW
x font 6 H
x font 7 HB
x font 8 HX
x font 9 S1
x font 10 S
s10

f1

x X SP 36 PP #911 setup.ms
x X BS 2 PP #911 setup.ms
V3744
s10
f1
H3216


h250cO
72nwh123ca
wh117cV
72A72X72-33150150/28750850050,wf5

98/60d60e60v60/60f60l60o60p60p60ywf1

h134ci
28swh113ct
28h50en120 0
V3864
s10
f1
H3216


cc
44o50n50s39o50l28ew97d50i28s39k50;w81i28tw81s39h50o50u50l28dwh103cb
50ew97aw96c44h50a44r33a44c44t28e44rw85d50e44v50i28c44ew96w72i28t28hn120 0
V3984
s10
f1
H3216


cm
78a44j28o50rw75n50u50m78b50e44rw76850,w68m78i28n50o50rw76n50u50m78b50e44rw76050.wf2

h101cA
61r39f28ff1

36(33850)w76a44t28t28e44m78p50t28sn120 0
V4104
s10
f1
H3216


ct
28ow92u50n50d50e44r33s39t28a44n50dw92t28h50ew85R67T61-331501wh91Cfi
56l28ew85s39y50s39t28e44mwh119cf
33o50r33m78a44tw69u50s39e44dw91b50yn120 0
V4224
s10
f1
H3216


ct
28h50ew77c44o50n50s39o50l28e44.n120 0


x font 1 R
x font 2 I
x font 3 B
x font 4 BI
x font 5 CW
x font 6 H
x font 7 HB
x font 8 HX
x font 9 S1
x font 10 S
s10

f1

x X BT 501 #38 setup.ms
V7560
s10
f1
H720


cR
67e44s39e44a44r33c44h50 33T61e44n50t28h50 33E61d50i28t28i28o50nh3621c5
500501n120 0
x X END BT 501 #38 setup.ms
V7920
x trailer

x stop
