/bin/adb                    root,bin 100775 ---n-- ------   0000 0000 ...
/bin/rmail                  root,bin 104755 -u---- -u----   0000 0000 ...
/bin/chmod                   bin,bin 100775 --x--- ------   0000 0000 ...
/bin/dd                      bin,bin 100775 ---n-- ------   0000 0000 ...
/bin/df                     root,sys 102775 ---n-- ---n--   0000 0000 ...
/bin/rm                      bin,bin 100775 ---n-- ------   0000 0000 ...
/bin/ps                      root,-1 104755 ---n-- ------   0000 0000 ...
/bin/kasb                    pjw,bin 100775 ---n-- ------   0000 0000 ...
/bin/newgrp                 root,bin 104755 -u---- -u----   0000 0000 ...
/bin/vmstat                 root,sys 102775 ---n-- ---n--   0000 0000 ...
/bin/passwdx                root,bin 104755 ---n-- ---n--   0000 0000 ...
/bin/session                root,bin 104755 --xnl- --xn--   0000 0000 ...
/bin/stat                    bin,bin 100775 ---n-- ------   0000 0000 ...
/bin/setlab                  bin,bin 100775 --xn-p ------   0000 0000 ...
/bin/pcopy                  root,bin 100775 -----p ------   0000 0000 ...
/bin/getlab                  bin,bin 100775 ---n-- ------   0000 0000 ...
/bin/nsession               root,bin 100755 --xnl- --xn--   0000 0000 ...
/bin/xs                      bin,bin 100775 ------ ---n--   0000 0000 ...
/bin/osession               root,bin 104775 --xnl- --xn--   0000 0000 ...
/dev/mtpr                     root,0 0 ------ ------ U 0000 0000 ...
/dev/worm0                    root,0 0 ------ ------ U 0000 0000 ...
/dev/worm1                    root,0 0 ------ ------ U 0000 0000 ...
/dev/ra00                     root,0 0 ------ ------ U 0000 0000 ...
/dev/dk/dkctl                 root,0 0 ------ ------ U 0000 0000 ...
/dev/dk/dk10                  root,0 0 ------ ------ U 0000 0000 ...
/dev/dk/dk03                  root,0 0 ------ ------ U 0000 0000 ...
/dev/dk/dk04                  root,0 20600 ------ ------R  ffff 0000 0000 ...
/dev/dk/dk05                  root,0 20600 ------ ------R  ffff 0000 0000 ...
/dev/dk/dk06                  root,0 20600 ------ ------R  ffff 0000 0000 ...
/dev/dk/dk07                  root,0 20600 ------ ------R  ffff 0000 0000 ...
/dev/dk/dk08                  root,0 20600 ------ ------ U 0000 0000 ...
/dev/dk/dk09                  root,0 20600 ------ ------R  ffff 0000 0000 ...
/dev/dk/dk25                  root,0 20600 ------ ------R  ffff 0000 0000 ...
/dev/dk/dk11                  root,0 20600 ------ ------R  ffff 0000 0000 ...
/dev/dk/dk12                  root,0 20600 ------ ------ U 0000 0000 ...
/dev/dk/dk13                  root,0 20600 ------ ------R  ffff 0000 0000 ...
/dev/dk/dk14                  root,0 20600 ------ ------ U 0000 0000 ...
/dev/dk/dk15                  root,0 20600 ------ ------ U 0000 0000 ...
/dev/dk/dk16                  root,0 20600 ------ ------ U 0000 0000 ...
/dev/dk/dk17                  root,0 20600 ------ ------ U 0000 0000 ...
/dev/dk/dk18                  root,0 20600 ------ ------ U 0000 0000 ...
/dev/dk/dk19                  root,0 20600 ------ ------ U 0000 0000 ...
/dev/dk/dk20                  root,0 20600 ------ ------ U 0000 0000 ...
/dev/dk/dk21                  root,0 20600 ------ ------ U 0000 0000 ...
/dev/dk/dk22                  root,0 20600 ------ ------ U 0000 0000 ...
/dev/dk/dk23                  root,0 20600 ------ ------ U 0000 0000 ...
/dev/dk/dk24                  root,0 20600 ------ ------ U 0000 0000 ...
/dev/dk/dk26                  root,0 20600 ------ ------ U 0000 0000 ...
/dev/dk/dk27                  root,0 20600 ------ ------ U 0000 0000 ...
/dev/dk/dk28                  root,0 20600 ------ ------ U 0000 0000 ...
/dev/dk/dk29                  root,0 20600 ------ ------ U 0000 0000 ...
/dev/dk/dk30                  root,0 20600 ------ ------ U 0000 0000 ...
/dev/dk/dk31                  root,0 20600 ------ ------ U 0000 0000 ...
/dev/dk/dk32                  root,0 20600 ------ ------ U 0000 0000 ...
/dev/dk/dk33                  root,0 20600 ------ ------ U 0000 0000 ...
/dev/dk/dk34                  root,0 20600 ------ ------ U 0000 0000 ...
/dev/dk/dk35                  root,0 20600 ------ ------ U 0000 0000 ...
/dev/dk/dk36                  root,0 20600 ------ ------ U 0000 0000 ...
/dev/dk/dk37                  root,0 20600 ------ ------ U 0000 0000 ...
/dev/dk/dk38                  root,0 20600 ------ ------ U 0000 0000 ...
/dev/dk/dk39                  root,0 20600 ------ ------ U 0000 0000 ...
/dev/dk/dk40                  root,0 20600 ------ ------ U 0000 0000 ...
/dev/dk/dk41                  root,0 20600 ------ ------ U 0000 0000 ...
/dev/dk/dk42                  root,0 20600 ------ ------ U 0000 0000 ...
/dev/dk/dk43                  root,0 20600 ------ ------ U 0000 0000 ...
/dev/dk/dk44                  root,0 20600 ------ ------ U 0000 0000 ...
/dev/dk/dk45                  root,0 20600 ------ ------ U 0000 0000 ...
/dev/dk/dk46                  root,0 20600 ------ ------ U 0000 0000 ...
/dev/dk/dk47                  root,0 20600 ------ ------ U 0000 0000 ...
/dev/dk/dk48                  root,0 20600 ------ ------ U 0000 0000 ...
/dev/dk/dk49                  root,0 20600 ------ ------ U 0000 0000 ...
/dev/dk/dk50                  root,0 20600 ------ ------ U 0000 0000 ...
/dev/dk/dk51                  root,0 20600 ------ ------ U 0000 0000 ...
/dev/dk/dk52                  root,0 20600 ------ ------ U 0000 0000 ...
/dev/dk/dk53                  root,0 20600 ------ ------ U 0000 0000 ...
/dev/dk/dk54                  root,0 20600 ------ ------ U 0000 0000 ...
/dev/dk/dk55                  root,0 20600 ------ ------ U 0000 0000 ...
/dev/dk/dk56                  root,0 20600 ------ ------ U 0000 0000 ...
/dev/dk/dk57                  root,0 20600 ------ ------ U 0000 0000 ...
/dev/dk/dk58                  root,0 20600 ------ ------ U 0000 0000 ...
/dev/dk/dk59                  root,0 20600 ------ ------ U 0000 0000 ...
/dev/dk/dk60                  root,0 20600 ------ ------ U 0000 0000 ...
/dev/dk/dk61                  root,0 20600 ------ ------ U 0000 0000 ...
/dev/dk/dk62                  root,0 20600 ------ ------ U 0000 0000 ...
/dev/dk/dk63                  root,0 20600 ------ ------ U 0000 0000 ...
/dev/dk/dk64                  root,0 20600 ------ ------ U 0000 0000 ...
/dev/dk/dk65                  root,0 20600 ------ ------ U 0000 0000 ...
/dev/dk/dk66                  root,0 20600 ------ ------ U 0000 0000 ...
/dev/dk/dk67                  root,0 20600 ------ ------ U 0000 0000 ...
/dev/dk/dk68                  root,0 20600 ------ ------ U 0000 0000 ...
/dev/dk/dk69                  root,0 20600 ------ ------ U 0000 0000 ...
/dev/dk/dk70                  root,0 20600 ------ ------ U 0000 0000 ...
/dev/dk/dk71                  root,0 20600 ------ ------ U 0000 0000 ...
/dev/dk/dk72                  root,0 20600 ------ ------ U 0000 0000 ...
/dev/dk/dk73                  root,0 20600 ------ ------ U 0000 0000 ...
/dev/dk/dk74                  root,0 20600 ------ ------ U 0000 0000 ...
/dev/dk/dk75                  root,0 20600 ------ ------ U 0000 0000 ...
/dev/dk/dk76                  root,0 20600 ------ ------ U 0000 0000 ...
/dev/dk/dk77                  root,0 20600 ------ ------ U 0000 0000 ...
/dev/dk/dk78                  root,0 20600 ------ ------ U 0000 0000 ...
/dev/dk/dk79                  root,0 20600 ------ ------ U 0000 0000 ...
/dev/dk/dk80                  root,0 20600 ------ ------ U 0000 0000 ...
/dev/dk/dk81                  root,0 20600 ------ ------ U 0000 0000 ...
/dev/dk/dk82                  root,0 20600 ------ ------ U 0000 0000 ...
/dev/dk/dk83                  root,0 20600 ------ ------ U 0000 0000 ...
/dev/dk/dk84                  root,0 20600 ------ ------ U 0000 0000 ...
/dev/dk/dk85                  root,0 20600 ------ ------ U 0000 0000 ...
/dev/dk/dk86                  root,0 20600 ------ ------ U 0000 0000 ...
/dev/dk/dk87                  root,0 20600 ------ ------ U 0000 0000 ...
/dev/dk/dk88                  root,0 20600 ------ ------ U 0000 0000 ...
/dev/dk/dk89                  root,0 20600 ------ ------ U 0000 0000 ...
/dev/dk/dk90                  root,0 20600 ------ ------ U 0000 0000 ...
/dev/dk/dk91                  root,0 20600 ------ ------ U 0000 0000 ...
/dev/dk/dk92                  root,0 20600 ------ ------ U 0000 0000 ...
/dev/dk/dk93                  root,0 20600 ------ ------ U 0000 0000 ...
/dev/dk/dk94                  root,0 20600 ------ ------ U 0000 0000 ...
/dev/dk/dk95                  root,0 20600 ------ ------ U 0000 0000 ...
/dev/drum                    bin,bin 40777 ------ ------ U 0000 0000 ...
/dev/log/sessionlog           root,0 20666 ------ ------CY 0000 0000 ...
/dev/log/privlog              root,0 20666 ------ ------CY 0000 0000 ...
/dev/log/sulog                root,0 20666 ------ ------CY 0000 0000 ...
/dev/log/seclog               root,0 20666 ------ ------CY 0000 0000 ...
/dev/log/shutdownlog          root,0 20666 ------ ------CY 0000 0000 ...
/dev/log/pwlog                root,0 20666 ------ ------CY 0000 0000 ...
/dev/log/setlablog            root,0 20666 ------ ------CY 0000 0000 ...
/dev/log/log00                root,0 20666 ------ ------CY 0000 0000 ...
/dev/log/log01                root,0 20666 ------ ------CY 0000 0000 ...
/dev/log/log02                root,0 20666 ------ ------CY 0000 0000 ...
/dev/log/log03                root,0 20666 ------ ------CY 0000 0000 ...
/dev/log/log04                root,0 20666 ------ ------CY 0000 0000 ...
/dev/log/log05                root,0 20666 ------ ------CY 0000 0000 ...
/dev/log/log06                root,0 20666 ------ ------CY 0000 0000 ...
/dev/log/log07                root,0 20666 ------ ------CY 0000 0000 ...
/dev/log/log08                root,0 20666 ------ ------CY 0000 0000 ...
/dev/log/log09                root,0 20666 ------ ------CY 0000 0000 ...
/dev/log/log10                root,0 20666 ------ ------CY 0000 0000 ...
/dev/log/log11                root,0 20666 ------ ------CY 0000 0000 ...
/dev/log/log12                root,0 20666 ------ ------CY 0000 0000 ...
/dev/log/log13                root,0 20666 ------ ------CY 0000 0000 ...
/dev/log/log14                root,0 20666 ------ ------CY 0000 0000 ...
/dev/log/log15                root,0 20666 ------ ------CY 0000 0000 ...
/dev/kUmem                  root,bin 40775 ------ ------ U 0000 0000 ...
/dev/log1                     root,0 20666 ------ ------CY 0000 0000 ...
/dev/ra02                     root,0 20666 ------ ------ U 0000 0000 ...
/dev/null                     root,0 20666 ------ ------CY 0000 0000 ...
/dev/ra03                     root,0 20666 ------ ------ U 0000 0000 ...
/dev/ra01                     root,0 20666 ------ ------ U 0000 0000 ...
/dev/ra04                     root,0 20666 ------ ------ U 0000 0000 ...
/dev/ra05                     root,0 20666 ------ ------ U 0000 0000 ...
/dev/ra06                     root,0 20666 ------ ------ U 0000 0000 ...
/dev/ra10                     root,0 20666 ------ ------ U 0000 0000 ...
/dev/ra11                     root,0 20666 ------ ------ U 0000 0000 ...
/dev/ra12                     root,0 20666 ------ ------ U 0000 0000 ...
/dev/ra13                     root,0 20666 ------ ------ U 0000 0000 ...
/dev/ra14                     root,0 20666 ------ ------ U 0000 0000 ...
/dev/ra15                     root,0 20666 ------ ------ U 0000 0000 ...
/dev/ra16                     root,0 20666 ------ ------ U 0000 0000 ...
/dev/mem                      root,0 20666 ------ ------ U 0000 0000 ...
/dev/kmem                     root,0 20666 ------ ------ U 0000 0000 ...
/dev/fd/0                     root,0 20666 ------ ------CY 0000 0000 ...
/dev/fd/1                     root,0 20666 ------ ------CY 0000 0000 ...
/dev/fd/2                     root,0 20666 ------ ------CY 0000 0000 ...
/dev/fd/3                     root,0 20666 ------ ------CY 0000 0000 ...
/dev/fd/4                     root,0 20666 ------ ------CY 0000 0000 ...
/dev/fd/5                     root,0 20666 ------ ------CY 0000 0000 ...
/dev/fd/6                     root,0 20666 ------ ------CY 0000 0000 ...
/dev/fd/7                     root,0 20666 ------ ------CY 0000 0000 ...
/dev/fd/8                     root,0 20666 ------ ------CY 0000 0000 ...
/dev/fd/9                     root,0 20666 ------ ------CY 0000 0000 ...
/dev/fd/10                    root,0 20666 ------ ------CY 0000 0000 ...
/dev/fd/11                    root,0 20666 ------ ------CY 0000 0000 ...
/dev/fd/12                    root,0 20666 ------ ------CY 0000 0000 ...
/dev/fd/13                    root,0 20666 ------ ------CY 0000 0000 ...
/dev/fd/14                    root,0 20666 ------ ------CY 0000 0000 ...
/dev/fd/15                    root,0 20666 ------ ------CY 0000 0000 ...
/dev/fd/16                    root,0 20666 ------ ------CY 0000 0000 ...
/dev/fd/17                    root,0 20666 ------ ------CY 0000 0000 ...
/dev/fd/18                    root,0 20666 ------ ------CY 0000 0000 ...
/dev/fd/19                    root,0 20666 ------ ------CY 0000 0000 ...
/dev/fd/20                    root,0 20666 ------ ------CY 0000 0000 ...
/dev/fd/21                    root,0 20666 ------ ------CY 0000 0000 ...
/dev/fd/22                    root,0 20666 ------ ------CY 0000 0000 ...
/dev/fd/23                    root,0 20666 ------ ------CY 0000 0000 ...
/dev/fd/24                    root,0 20666 ------ ------CY 0000 0000 ...
/dev/fd/25                    root,0 20666 ------ ------CY 0000 0000 ...
/dev/fd/26                    root,0 20666 ------ ------CY 0000 0000 ...
/dev/fd/27                    root,0 20666 ------ ------CY 0000 0000 ...
/dev/fd/28                    root,0 20666 ------ ------CY 0000 0000 ...
/dev/fd/29                    root,0 20666 ------ ------CY 0000 0000 ...
/dev/fd/30                    root,0 20666 ------ ------CY 0000 0000 ...
/dev/fd/31                    root,0 20666 ------ ------CY 0000 0000 ...
/dev/fd/32                    root,0 20666 ------ ------CY 0000 0000 ...
/dev/fd/33                    root,0 20666 ------ ------CY 0000 0000 ...
/dev/fd/34                    root,0 20666 ------ ------CY 0000 0000 ...
/dev/fd/35                    root,0 20666 ------ ------CY 0000 0000 ...
/dev/fd/36                    root,0 20666 ------ ------CY 0000 0000 ...
/dev/fd/37                    root,0 20666 ------ ------CY 0000 0000 ...
/dev/fd/38                    root,0 20666 ------ ------CY 0000 0000 ...
/dev/fd/39                    root,0 20666 ------ ------CY 0000 0000 ...
/dev/fd/40                    root,0 20666 ------ ------CY 0000 0000 ...
/dev/fd/41                    root,0 20666 ------ ------CY 0000 0000 ...
/dev/fd/42                    root,0 20666 ------ ------CY 0000 0000 ...
/dev/fd/43                    root,0 20666 ------ ------CY 0000 0000 ...
/dev/fd/44                    root,0 20666 ------ ------CY 0000 0000 ...
/dev/fd/45                    root,0 20666 ------ ------CY 0000 0000 ...
/dev/fd/46                    root,0 20666 ------ ------CY 0000 0000 ...
/dev/fd/47                    root,0 20666 ------ ------CY 0000 0000 ...
/dev/fd/48                    root,0 20666 ------ ------CY 0000 0000 ...
/dev/fd/49                    root,0 20666 ------ ------CY 0000 0000 ...
/dev/fd/50                    root,0 20666 ------ ------CY 0000 0000 ...
/dev/fd/51                    root,0 20666 ------ ------CY 0000 0000 ...
/dev/fd/52                    root,0 20666 ------ ------CY 0000 0000 ...
/dev/fd/53                    root,0 20666 ------ ------CY 0000 0000 ...
/dev/fd/54                    root,0 20666 ------ ------CY 0000 0000 ...
/dev/fd/55                    root,0 20666 ------ ------CY 0000 0000 ...
/dev/fd/56                    root,0 20666 ------ ------CY 0000 0000 ...
/dev/fd/57                    root,0 20666 ------ ------CY 0000 0000 ...
/dev/fd/58                    root,0 20666 ------ ------CY 0000 0000 ...
/dev/fd/59                    root,0 20666 ------ ------CY 0000 0000 ...
/dev/fd/60                    root,0 20666 ------ ------CY 0000 0000 ...
/dev/fd/61                    root,0 20666 ------ ------CY 0000 0000 ...
/dev/fd/62                    root,0 20666 ------ ------CY 0000 0000 ...
/dev/fd/63                    root,0 20666 ------ ------CY 0000 0000 ...
/dev/fd/64                    root,0 20666 ------ ------CY 0000 0000 ...
/dev/fd/65                    root,0 20666 ------ ------CY 0000 0000 ...
/dev/fd/66                    root,0 20666 ------ ------CY 0000 0000 ...
/dev/fd/67                    root,0 20666 ------ ------CY 0000 0000 ...
/dev/fd/68                    root,0 20666 ------ ------CY 0000 0000 ...
/dev/fd/69                    root,0 20666 ------ ------CY 0000 0000 ...
/dev/fd/70                    root,0 20666 ------ ------CY 0000 0000 ...
/dev/fd/71                    root,0 20666 ------ ------CY 0000 0000 ...
/dev/fd/72                    root,0 20666 ------ ------CY 0000 0000 ...
/dev/fd/73                    root,0 20666 ------ ------CY 0000 0000 ...
/dev/fd/74                    root,0 20666 ------ ------CY 0000 0000 ...
/dev/fd/75                    root,0 20666 ------ ------CY 0000 0000 ...
/dev/fd/76                    root,0 20666 ------ ------CY 0000 0000 ...
/dev/fd/77                    root,0 20666 ------ ------CY 0000 0000 ...
/dev/fd/78                    root,0 20666 ------ ------CY 0000 0000 ...
/dev/fd/79                    root,0 20666 ------ ------CY 0000 0000 ...
/dev/fd/80                    root,0 20666 ------ ------CY 0000 0000 ...
/dev/fd/81                    root,0 20666 ------ ------CY 0000 0000 ...
/dev/fd/82                    root,0 20666 ------ ------CY 0000 0000 ...
/dev/fd/83                    root,0 20666 ------ ------CY 0000 0000 ...
/dev/fd/84                    root,0 20666 ------ ------CY 0000 0000 ...
/dev/fd/85                    root,0 20666 ------ ------CY 0000 0000 ...
/dev/fd/86                    root,0 20666 ------ ------CY 0000 0000 ...
/dev/fd/87                    root,0 20666 ------ ------CY 0000 0000 ...
/dev/fd/88                    root,0 20666 ------ ------CY 0000 0000 ...
/dev/fd/89                    root,0 20666 ------ ------CY 0000 0000 ...
/dev/fd/90                    root,0 20666 ------ ------CY 0000 0000 ...
/dev/fd/91                    root,0 20666 ------ ------CY 0000 0000 ...
/dev/fd/92                    root,0 20666 ------ ------CY 0000 0000 ...
/dev/fd/93                    root,0 20666 ------ ------CY 0000 0000 ...
/dev/fd/94                    root,0 20666 ------ ------CY 0000 0000 ...
/dev/fd/95                    root,0 20666 ------ ------CY 0000 0000 ...
/dev/fd/96                    root,0 20666 ------ ------CY 0000 0000 ...
/dev/fd/97                    root,0 20666 ------ ------CY 0000 0000 ...
/dev/fd/98                    root,0 20666 ------ ------CY 0000 0000 ...
/dev/fd/99                    root,0 20666 ------ ------CY 0000 0000 ...
/dev/fd/100                   root,0 20666 ------ ------CY 0000 0000 ...
/dev/fd/101                   root,0 20666 ------ ------CY 0000 0000 ...
/dev/fd/102                   root,0 20666 ------ ------CY 0000 0000 ...
/dev/fd/103                   root,0 20666 ------ ------CY 0000 0000 ...
/dev/fd/104                   root,0 20666 ------ ------CY 0000 0000 ...
/dev/fd/105                   root,0 20666 ------ ------CY 0000 0000 ...
/dev/fd/106                   root,0 20666 ------ ------CY 0000 0000 ...
/dev/fd/107                   root,0 20666 ------ ------CY 0000 0000 ...
/dev/fd/108                   root,0 20666 ------ ------CY 0000 0000 ...
/dev/fd/109                   root,0 20666 ------ ------CY 0000 0000 ...
/dev/fd/110                   root,0 20666 ------ ------CY 0000 0000 ...
/dev/fd/111                   root,0 20666 ------ ------CY 0000 0000 ...
/dev/fd/112                   root,0 20666 ------ ------CY 0000 0000 ...
/dev/fd/113                   root,0 20666 ------ ------CY 0000 0000 ...
/dev/fd/114                   root,0 20666 ------ ------CY 0000 0000 ...
/dev/fd/115                   root,0 20666 ------ ------CY 0000 0000 ...
/dev/fd/116                   root,0 20666 ------ ------CY 0000 0000 ...
/dev/fd/117                   root,0 20666 ------ ------CY 0000 0000 ...
/dev/fd/118                   root,0 20666 ------ ------CY 0000 0000 ...
/dev/fd/119                   root,0 20666 ------ ------CY 0000 0000 ...
/dev/fd/120                   root,0 20666 ------ ------CY 0000 0000 ...
/dev/fd/121                   root,0 20666 ------ ------CY 0000 0000 ...
/dev/fd/122                   root,0 20666 ------ ------CY 0000 0000 ...
/dev/fd/123                   root,0 20666 ------ ------CY 0000 0000 ...
/dev/fd/124                   root,0 20666 ------ ------CY 0000 0000 ...
/dev/fd/125                   root,0 20666 ------ ------CY 0000 0000 ...
/dev/fd/126                   root,0 20666 ------ ------CY 0000 0000 ...
/dev/fd/127                   root,0 20666 ------ ------CY 0000 0000 ...
/dev/tty                      root,0 20666 ------ ------CY 0000 0000 ...
/dev/stdin                    root,0 20666 ------ ------CY 0000 0000 ...
/dev/stdout                   root,0 20666 ------ ------CY 0000 0000 ...
/dev/rra17                    root,0 20666 ------ ------ U 0000 0000 ...
/dev/rra07                    root,0 20666 ------ ------ U 0000 0000 ...
/dev/ra17                     root,0 20666 ------ ------ U 0000 0000 ...
/dev/rra00                    root,0 20666 ------ ------ U 0000 0000 ...
/dev/rra01                    root,0 20666 ------ ------ U 0000 0000 ...
/dev/rra02                    root,0 20666 ------ ------ U 0000 0000 ...
/dev/rra03                    root,0 20666 ------ ------ U 0000 0000 ...
/dev/rra04                    root,0 20666 ------ ------ U 0000 0000 ...
/dev/rra05                    root,0 20666 ------ ------ U 0000 0000 ...
/dev/rra06                    root,0 20666 ------ ------ U 0000 0000 ...
/dev/rra10                    root,0 20666 ------ ------ U 0000 0000 ...
/dev/rra11                    root,0 20666 ------ ------ U 0000 0000 ...
/dev/rra12                    root,0 20666 ------ ------ U 0000 0000 ...
/dev/rra13                    root,0 20666 ------ ------ U 0000 0000 ...
/dev/rra14                    root,0 20666 ------ ------ U 0000 0000 ...
/dev/rra15                    root,0 20666 ------ ------ U 0000 0000 ...
/dev/rra16                    root,0 20666 ------ ------ U 0000 0000 ...
/dev/stderr                   root,0 20666 ------ ------CY 0000 0000 ...
/dev/ra07                     root,0 20666 ------ ------ U 0000 0000 ...
/dev/kmc0                     root,0 20666 ------ ------ U 0000 0000 ...
/dev/kmc1                     root,0 20666 ------ ------ U 0000 0000 ...
/dev/console                  root,0 20622 ------ ------R  ffff 0000 0000 ...
/etc/dkclean                root,bin 100700 ---n-- ------   0000 0000 ...
/etc/login                   bin,bin 100775 -u-n-- -u----   0000 0000 ...
/etc/clri                    bin,bin 100775 ---n-- ------   0000 0000 ...
/etc/cron                   root,bin 100775 -u---- ------   0000 0000 ...
/etc/init                    bin,bin 100775 --xn-- ------   0000 0000 ...
/etc/dmesg                   bin,sys 102775 ---n-- ---n--   0000 0000 ...
/etc/fsck                    bin,bin 100775 ---n-- ------   0000 0000 ...
/etc/icheck                 root,bin 100775 ---n-- ------   0000 0000 ...
/etc/chuck                  root,bin 100775 ---n-- ------   0000 0000 ...
/etc/dkhup                  root,bin 100775 ---n-- ------   0000 0000 ...
/etc/rarepl               norman,bin 100775 ---n-- ------   0000 0000 ...
/etc/mkbitfs                root,bin 100775 ---n-- ------   0000 0000 ...
/etc/mknod                   bin,bin 100755 --x--- ------   0000 0000 ...
/etc/mount                  root,sys 100775 --x--- ------   0000 0000 ...
/etc/upchuck                root,bin 100775 ---n-- ------   0000 0000 ...
/etc/ldpcs                  root,bin 100775 ---n-- ------   0000 0000 ...
/etc/pstat                  root,bin 100777 ---n-- ---n--   0000 0000 ...
/etc/su                     root,bin 104655 -u---- -u----   0000 0000 ...
/etc/rc                     root,bin 100644 ------ ---n--   0000 0000 ...
/etc/priv                   root,bin 100775 ----l- ----l-   0000 0000 ...
/etc/rarct                norman,bin 100775 ---n-- ------   0000 0000 ...
/etc/pwx                    root,bin 104775 ---n-p ---n--   0000 0000 ...
/etc/pwserv                 root,bin 100777 --xn-- --xn--   0000 0000 ...
/etc/osu                    root,bin 104755 -u---- -u----   0000 0000 ...
/etc/syslog                  bin,bin 100775 g--n-- ---n--   0000 0000 ...
/etc/logpr                   bin,bin 100775 ---n-- ------   0000 0000 ...
/etc/nosh                    bin,bin 100775 ------ ---n--   0000 0000 ...
/etc/dcheck                  bin,bin 100775 ---n-- ------   0000 0000 ...
/etc/ncheck                  bin,bin 100775 ---n-- ------   0000 0000 ...
/etc/pwfile                  bin,bin 100664 ------ ------ U 0000 0000 ...
/etc/rc.nosh                root,bin 100664 ------ ---n--F  0000 0000 ...
/etc/savecore                bin,bin 100775 ---n-- ------   0000 0000 ...
/etc/hideblock               bin,bin 100775 ---n-- ------   0000 0000 ...
/etc/kdiload                root,sys 100775 ---n-- ------   0000 0000 ...
/etc/slabblab               root,sys 102755 ---n-- ---n--   0000 0000 ...
/etc/setlog                  bin,bin 100775 -u---- ------   0000 0000 ...
/etc/privs                  root,bin 100666 ------ ---n--   0000 0000 ...
/etc/floor                  root,bin 100444 ------ ---n--F  ffff 0000 0000 ...
/etc/apx                     bin,bin 100755 --x--- ------   0000 0000 ...
/etc/privserv               root,bin 100744 -uxnl- ------   0000 0000 ...
/usr/jerq/bin/mux         doug,other 100775 ---n-- ---n--   0000 0000 ...
/usr/jerq/bin/32ld           bin,bin 100775 --x--- --x---   0000 0000 ...
/usr/jerq/bin/sysmon        root,bin 100775 --xn-- --xn--   0000 0000 ...
/usr/jerq/lib/muxterm         tom,bin 100664 ------ ---n--   0000 0000 ...
/usr/jerq/mbin/sam.m      andrew,bin 100664 ------ ---n--   0000 0000 ...
/usr/jerq/mbin/osam.m        root,bin 100664 ------ ---n--   ffff 0000 0000 ...
/usr/lib/asd/dkinstall        root,bin 100755 ------ ---n--   ffff 0000 0000 ...
/usr/lib/atrun              root,bin 100775 -u---- -u----   0000 0000 ...
/usr/lib/libport.a          root,bin 120777 ------ ------C  ffff 0000 0000 ...
/usr/lib/backup/fcheck      andrew,bin 100775 ---n-- ---n--   ffff 0000 0000 ...
/usr/lib/backup/fmpush        root,bin 100775 ---n-- ---n--   ffff 0000 0000 ...
/usr/lib/backup/iprint      andrew,bin 100775 ---n-- ---n--   ffff 0000 0000 ...
/usr/lib/backup/missing      andrew,bin 100775 ---n-- ---n--   ffff 0000 0000 ...
/usr/lib/upas/send          root,bin 104755 -u---- -u----   0000 0000 ...
/usr/spool/man              doug,bin 120777 ------ ------C  ffff 0000 0000 ...
/usr/ipc/mgrs/dkmgr         root,bin 100775 --xn-- ------   0000 0000 ...
/usr/ipc/mgrs/svcmgr        root,bin 100775 --xn-- ------   0000 0000 ...
/usr/ipc/mgrs/ns        presotto,bin 100775 --x--- ------   0000 0000 ...
/usr/bin/wwv                root,bin 100775 ---n-- ---n--   0000 0000 ...
/usr/bin/inspkg              bin,bin 100775 --xn-- ------   0000 0000 ...
/usr/bin/load                bin,sys 102775 ---n-- ---n--   0000 0000 ...
/usr/bin/kp                  bin,bin 100775 ---n-- ------   0000 0000 ...
/usr/bin/blackmail           bin,bin 100775 ---n-- ---n--   0000 0000 ...
/usr/src/cmd/adb/vax/Makefile        doug,bin 120777 ------ ------C  ffff 0000 0000 ...
/usr/src/cmd/adb/vax/base.h        doug,bin 120777 ------ ------C  ffff 0000 0000 ...
/usr/src/cmd/adb/vax/hello.c        doug,bin 120777 ------ ------C  ffff 0000 0000 ...
/usr/src/cmd/adb/vax/instrs        doug,bin 120777 ------ ------C  ffff 0000 0000 ...
/usr/src/cmd/adb/vax/machine.h        doug,bin 120777 ------ ------C  ffff 0000 0000 ...
/usr/src/cmd/adb/vax/mchframe.c        doug,bin 120777 ------ ------C  ffff 0000 0000 ...
/usr/src/cmd/adb/vax/mchinit.c        doug,bin 120777 ------ ------C  ffff 0000 0000 ...
/usr/src/cmd/adb/vax/mchio.c        doug,bin 120777 ------ ------C  ffff 0000 0000 ...
/usr/src/cmd/adb/vax/mchpr.c        doug,bin 120777 ------ ------C  ffff 0000 0000 ...
/usr/src/cmd/adb/vax/mchrun.c        doug,bin 120777 ------ ------C  ffff 0000 0000 ...
/usr/src/cmd/adb/vax/mchsys.c        doug,bin 120777 ------ ------C  ffff 0000 0000 ...
/usr/src/cmd/adb/vax/mtype.h        doug,bin 120777 ------ ------C  ffff 0000 0000 ...
/usr/src/cmd/adb/vax/opset.c        doug,bin 120777 ------ ------C  ffff 0000 0000 ...
/usr/src/cmd/adb/vax/optab.c        doug,bin 120777 ------ ------C  ffff 0000 0000 ...
/usr/src/cmd/adb/vax/regs.c        doug,bin 120777 ------ ------C  ffff 0000 0000 ...
/usr/src/cmd/adb/vax/regs.h        doug,bin 120777 ------ ------C  ffff 0000 0000 ...
/usr/src/cmd/adb/vax/setup.c        doug,bin 120777 ------ ------C  ffff 0000 0000 ...
/usr/src/cmd/adb/comm        doug,bin 120777 ------ ------C  ffff 0000 0000 ...
/usr/src/cmd/adb/v8         doug,bin 120777 ------ ------C  ffff 0000 0000 ...
/usr/src/cmd/priv/priv.save        root,bin 100775 ----l- ----l-   0000 0000 ...
/usr/src/cmd/setlab.go        doug,bin 100775 ------ ---n--   0000 0000 ...
/usr/netb/setup             root,bin 100755 -ux--- ------   ffff 0000 0000 ...
/usr/netb/runfs             root,bin 100775 --x--- ------   0000 0000 ...
/usr/netb/faced             root,bin 100775 ---n-- ------   0000 0000 ...
