x T post
x res 720 1 1
x init
x font 1 R
# adjusted 7 bases
# 5376 characters, 450 lines
# 102 slugs
# page top 720 bot 7200 size 6480 physbot 7920

#MESSAGE TO USER:  page 1 only 8% full; will not be adjusted
p1


x font 1 R
x font 2 I
x font 3 B
x font 4 BI
x font 5 CW
x font 6 H
x font 7 HB
x font 8 HX
x font 9 S1
x font 10 S
s10

f1

x X PT 1 #52 photo3.ms
V0
H720

n120 0
x X END PT 1 #52 photo3.ms
V720
V1220
s10
f1
H720


x font 1 R
x font 2 I
x font 3 B
x font 4 BI
x font 5 CW
x font 6 H
x font 7 HB
x font 8 HX
x font 9 S1
x font 10 S
s10

f1

x X PARM NP 720 #52 photo3.ms
x X PARM FO 7200 #52 photo3.ms

f3

s12


h828cp
67h67o60t40owh100cp
67a60g60e53sw87(40h67e53r53e53'40sw87$604wh100cw
86a60s47t40e53dwh107cf
40o60rw93awh100ch
67e53a60d67e53rw93p67a60g60e53.30.30.30)n140 0


x font 1 R
x font 2 I
x font 3 B
x font 4 BI
x font 5 CW
x font 6 H
x font 7 HB
x font 8 HX
x font 9 S1
x font 10 S
s10

f1

x X SP 36 LP #52 photo3.ms
x X BS 2 LP #52 photo3.ms
x X CMD BP #53 photo3.ms


x font 1 R
x font 2 I
x font 3 B
x font 4 BI
x font 5 CW
x font 6 H
x font 7 HB
x font 8 HX
x font 9 S1
x font 10 S
s10

f1

x X BT 1 #52 photo3.ms
V7560
s10
f1
H720


cR
67e44s39e44a44r33c44h50 33T61e44n50t28h50 33E61d50i28t28i28o50nh3721c1
n120 0
x X END BT 1 #52 photo3.ms
V7920

#MESSAGE TO USER:  page 2 only 75% full; will not be adjusted
p2


x font 1 R
x font 2 I
x font 3 B
x font 4 BI
x font 5 CW
x font 6 H
x font 7 HB
x font 8 HX
x font 9 S1
x font 10 S
s10

f1

x X PT 2 #1 photo2.pic
V480
s10
f1
H720
x font 0 NI


cP
56i28c44o50-33P56o50r33t28r33a44i28tn120 0
x X END PT 2 #1 photo2.pic
V720


x font 1 R
x font 2 I
x font 3 B
x font 4 BI
x font 5 CW
x font 6 H
x font 7 HB
x font 8 HX
x font 9 S1
x font 10 S
s10

f1

x X MC 1 0 #1 photo2.pic
x X SP 42 PS #6 photo2.pic
x X US PS 8.750i #6 photo2.pic
V3936
s10
f1
H720

s18


h900Dl 0 -2880 .
n120 0
V1056
s18
f1
H720

h900Dl 2880 0 .
n120 0
V1056
s18
f1
H720

h3780Dl 0 2880 .
n120 0
V3936
s18
f1
H720

h3780Dl -2880 0 .
n120 0
V5448
s18
f1
H720


h2700Dl 0 -1080 .
n120 0
V4368
s18
f1
H720

h2700Dl 1080 0 .
n120 0
V4368
s18
f1
H720

h3780Dl 0 1080 .
n120 0
V5448
s18
f1
H720

h3780Dl -1080 0 .
n120 0
V5448
s18
f1
H720

h900Dl 0 -1080 .
n120 0
V4368
s18
f1
H720

h900Dl 1080 0 .
n120 0
V4368
s18
f1
H720

h1980Dl 0 1080 .
n120 0
V5448
s18
f1
H720

h1980Dl -1080 0 .
n120 0
V4100
s18
f1
H720

s10


h930cn
50e44wwh105c=
w89o50l28d50[33x50_50c44a44r33t28(33r33=56150650*50s39q50r33t28(33r33_50p50o50l28a44r33(33x50,25y50)33)33,25a44=56a44_50p50o50l28a44r33(33x50,25y50)33)33,w58y50_50c44a44r33t28(33r33,25a44)33]n120 0
V5612
s10
f1
H720


h2927cK
72e44nw83T61h50o50m78p50s39o50nn120 0
V5612
s10
f1
H720

h1138cD
72e44n50n50i28sw72R67i28t28c44h50i28en120 0
x X END US PE #56 photo2.pic
x X SP 78 PE #56 photo2.pic


x font 1 R
x font 2 I
x font 3 B
x font 4 BI
x font 5 CW
x font 6 H
x font 7 HB
x font 8 HX
x font 9 S1
x font 10 S
s10

f1

x X CMD BP #54 photo3.ms


x font 1 R
x font 2 I
x font 3 B
x font 4 BI
x font 5 CW
x font 6 H
x font 7 HB
x font 8 HX
x font 9 S1
x font 10 S
s10

f1

x X BT 2 #1 photo2.pic
V7560
s10
f1
H720


ci
28ih4104cU
72N72I33X72 33P56a44p50e44r33sn120 0
x X END BT 2 #1 photo2.pic
V7920

#MESSAGE TO USER:  page 6 only 73% full; will not be adjusted
p6


x font 1 R
x font 2 I
x font 3 B
x font 4 BI
x font 5 CW
x font 6 H
x font 7 HB
x font 8 HX
x font 9 S1
x font 10 S
s10

f1

x X PT 6 #1 photo11.pic
V480
s10
f1
H720


cP
56i28c44o50-33P56o50r33t28r33a44i28tn120 0
x X END PT 6 #1 photo11.pic
V720


x font 1 R
x font 2 I
x font 3 B
x font 4 BI
x font 5 CW
x font 6 H
x font 7 HB
x font 8 HX
x font 9 S1
x font 10 S
s10

f1

x X MC 1 0 #1 photo11.pic
x X SP 42 PS #6 photo11.pic
x X US PS 8.750i #6 photo11.pic
V3936
s10
f1
H720

s18


h900Dl 0 -2880 .
n120 0
V1056
s18
f1
H720

h900Dl 2880 0 .
n120 0
V1056
s18
f1
H720

h3780Dl 0 2880 .
n120 0
V3936
s18
f1
H720

h3780Dl -2880 0 .
n120 0
V5448
s18
f1
H720


h2700Dl 0 -1080 .
n120 0
V4368
s18
f1
H720

h2700Dl 1080 0 .
n120 0
V4368
s18
f1
H720

h3780Dl 0 1080 .
n120 0
V5448
s18
f1
H720

h3780Dl -1080 0 .
n120 0
V4128
s18
f1
H720

s10


h1261cn
50e44wwh105c=
w89$50a44n50d50r33e44w72[33x50_50c44a44r33t28(33(33r33-33(33s39i28n50(33a44)33)33/28350050050)33,25a44)33,w58y50_50c44a44r33t28(33r33,25a44)33]n120 0
V4258
s10
f1
H720


h1551cw
72i28t28hw83r33=56r33_50p50o50l28a44r33(33x50,25y50)w66a44n50dw83a44=56a44_50p50o50l28a44r33(33x50,25y50)n120 0
V5432
s10
f1
H720


h1886cA
72n50d50r33e44wwh105cH
72u50m78en120 0
x X END US PE #44 photo11.pic
x X SP 78 PE #44 photo11.pic


x font 1 R
x font 2 I
x font 3 B
x font 4 BI
x font 5 CW
x font 6 H
x font 7 HB
x font 8 HX
x font 9 S1
x font 10 S
s10

f1

x X CMD BP #55 photo3.ms


x font 1 R
x font 2 I
x font 3 B
x font 4 BI
x font 5 CW
x font 6 H
x font 7 HB
x font 8 HX
x font 9 S1
x font 10 S
s10

f1

x X BT 6 #1 photo11.pic
V7560
s10
f1
H720


cv
50ih4082cU
72N72I33X72 33P56a44p50e44r33sn120 0
x X END BT 6 #1 photo11.pic
V7920

#MESSAGE TO USER:  page 602 only 73% full; will not be adjusted
p602


x font 1 R
x font 2 I
x font 3 B
x font 4 BI
x font 5 CW
x font 6 H
x font 7 HB
x font 8 HX
x font 9 S1
x font 10 S
s10

f1

x X PT 602 #1 photo1.pic
V480
s10
f1
H720


cP
56i28c44o50-33P56o50r33t28r33a44i28tn120 0
x X END PT 602 #1 photo1.pic
V720


x font 1 R
x font 2 I
x font 3 B
x font 4 BI
x font 5 CW
x font 6 H
x font 7 HB
x font 8 HX
x font 9 S1
x font 10 S
s10

f1

x X MC 1 0 #1 photo1.pic
x X SP 42 PS #6 photo1.pic
x X US PS 8.750i #6 photo1.pic
V3936
s10
f1
H720

s18


h900Dl 0 -2880 .
n120 0
V1056
s18
f1
H720

h900Dl 2880 0 .
n120 0
V1056
s18
f1
H720

h3780Dl 0 2880 .
n120 0
V3936
s18
f1
H720

h3780Dl -2880 0 .
n120 0
V5448
s18
f1
H720


h2700Dl 0 -1080 .
n120 0
V4368
s18
f1
H720

h2700Dl 1080 0 .
n120 0
V4368
s18
f1
H720

h3780Dl 0 1080 .
n120 0
V5448
s18
f1
H720

h3780Dl -1080 0 .
n120 0
V4128
s18
f1
H720

s10


h874cn
50e44wwh105c=
w89$50p50g50[33X72_50c44a44r33t28(33r33=56r33_50p50o50l28a44r33(33x50,25y50)33,w58a44=56(33y50*50x50)33/28450+56A72_50p50o50l28a44r33(33x50,25y50)33)33,w58Y72_50c44a44r33t28(33r33,25a44)33]n120 0
V5432
s10
f1
H720


h2051cP
56a44u50lw61G72l28i28c44kn120 0
x X END US PE #41 photo1.pic
x X SP 78 PE #41 photo1.pic


x font 1 R
x font 2 I
x font 3 B
x font 4 BI
x font 5 CW
x font 6 H
x font 7 HB
x font 8 HX
x font 9 S1
x font 10 S
s10

f1

x X CMD BP #56 photo3.ms


x font 1 R
x font 2 I
x font 3 B
x font 4 BI
x font 5 CW
x font 6 H
x font 7 HB
x font 8 HX
x font 9 S1
x font 10 S
s10

f1

x X BT 602 #1 photo1.pic
V7560
s10
f1
H720


c6
500502h4032cU
72N72I33X72 33P56a44p50e44r33sn120 0
x X END BT 602 #1 photo1.pic
V7920
p5

#MESSAGE TO USER:  ran out of page titles at 5
V720
V840
s10
f1
H720


cd
50o50n50en120 0

#MESSAGE TO USER:  ran out of page bottoms at 5
V7920
x trailer

x stop
