x T post
x res 720 1 1
x init
x font 1 R
# adjusted 10 bases
# 12054 characters, 1040 lines
# 228 slugs
# page top 720 bot 7200 size 6480 physbot 7920

#MESSAGE TO USER:  page 1 only 8% full; will not be adjusted
p1


x font 1 R
x font 2 I
x font 3 B
x font 4 BI
x font 5 CW
x font 6 H
x font 7 HB
x font 8 HX
x font 9 S1
x font 10 S
s10

f1

x X PT 1 #16 photo2.ms
V0
H720

n120 0
x X END PT 1 #16 photo2.ms
V720
V1220
s10
f1
H720


x font 1 R
x font 2 I
x font 3 B
x font 4 BI
x font 5 CW
x font 6 H
x font 7 HB
x font 8 HX
x font 9 S1
x font 10 S
s10

f1

x X PARM NP 720 #16 photo2.ms
x X PARM FO 7200 #16 photo2.ms

f3

s12


h1629cp
67h67o60t40owh100cp
67a60g60e53sw87-w80p67a60r53tw802n140 0


x font 1 R
x font 2 I
x font 3 B
x font 4 BI
x font 5 CW
x font 6 H
x font 7 HB
x font 8 HX
x font 9 S1
x font 10 S
s10

f1

x X SP 36 LP #16 photo2.ms
x X BS 2 LP #16 photo2.ms
x X CMD BP #17 photo2.ms


x font 1 R
x font 2 I
x font 3 B
x font 4 BI
x font 5 CW
x font 6 H
x font 7 HB
x font 8 HX
x font 9 S1
x font 10 S
s10

f1

x X BT 1 #16 photo2.ms
V7560
s10
f1
H720


cR
67e44s39e44a44r33c44h50 33T61e44n50t28h50 33E61d50i28t28i28o50nh3721c1
n120 0
x X END BT 1 #16 photo2.ms
V7920

#MESSAGE TO USER:  page 502 only 73% full; will not be adjusted
p502


x font 1 R
x font 2 I
x font 3 B
x font 4 BI
x font 5 CW
x font 6 H
x font 7 HB
x font 8 HX
x font 9 S1
x font 10 S
s10

f1

x X PT 502 #17 photo2.ms
V480
s10
f1
H720
x font 0 NI


cP
56i28c44o50-33P56o50r33t28r33a44i28tn120 0
x X END PT 502 #17 photo2.ms
V720


x font 1 R
x font 2 I
x font 3 B
x font 4 BI
x font 5 CW
x font 6 H
x font 7 HB
x font 8 HX
x font 9 S1
x font 10 S
s10

f1

x X US KS 0 #17 photo2.ms
x X SP 60  #17 photo2.ms


x font 1 R
x font 2 I
x font 3 B
x font 4 BI
x font 5 CW
x font 6 H
x font 7 HB
x font 8 HX
x font 9 S1
x font 10 S
s10

f1

x X MC 1 0 #1 photo1.pic
x X SP 42 PS #6 photo1.pic
x X US PS 8.750i #6 photo1.pic
V3936
s10
f1
H720

s18


h900Dl 0 -2880 .
n120 0
V1056
s18
f1
H720

h900Dl 2880 0 .
n120 0
V1056
s18
f1
H720

h3780Dl 0 2880 .
n120 0
V3936
s18
f1
H720

h3780Dl -2880 0 .
n120 0
V5448
s18
f1
H720


h2700Dl 0 -1080 .
n120 0
V4368
s18
f1
H720

h2700Dl 1080 0 .
n120 0
V4368
s18
f1
H720

h3780Dl 0 1080 .
n120 0
V5448
s18
f1
H720

h3780Dl -1080 0 .
n120 0
V4128
s18
f1
H720

s10


h1684cn
50e44wwh105c=
w89$50d50m78r33[33x50+56s39i28n50(33y50)33/28(33y50+56550050)33,w58y50]n120 0
V5432
s10
f1
H720


h1879cD
72e44n50n50i28sw72R67i28t28c44h50i28en120 0
x X END US PE #41 photo1.pic
x X SP 78 PE #41 photo1.pic


x font 1 R
x font 2 I
x font 3 B
x font 4 BI
x font 5 CW
x font 6 H
x font 7 HB
x font 8 HX
x font 9 S1
x font 10 S
s10

f1



x font 1 R
x font 2 I
x font 3 B
x font 4 BI
x font 5 CW
x font 6 H
x font 7 HB
x font 8 HX
x font 9 S1
x font 10 S
s10

f1

x X SP 60  #17 photo2.ms
x X END US KS #17 photo2.ms
x X CMD BP #17 photo2.ms


x font 1 R
x font 2 I
x font 3 B
x font 4 BI
x font 5 CW
x font 6 H
x font 7 HB
x font 8 HX
x font 9 S1
x font 10 S
s10

f1

x X BT 502 #17 photo2.ms
V7560
s10
f1
H720


c5
500502h4032cU
72N72I33X72 33P56a44p50e44r33sn120 0
x X END BT 502 #17 photo2.ms
V7920

#MESSAGE TO USER:  page 503 only 2% full; will not be adjusted
p503


x font 1 R
x font 2 I
x font 3 B
x font 4 BI
x font 5 CW
x font 6 H
x font 7 HB
x font 8 HX
x font 9 S1
x font 10 S
s10

f1

x X PT 503 #1 photo1.pic
V480
s10
f1
H720


h4169cP
56i28c44o50-33P56o50r33t28r33a44i28tn120 0
x X END PT 503 #1 photo1.pic
V720
V840
s10
f1
H720


Cfi
56l28l28e44rn120 0
x X CMD BP #18 photo2.ms


x font 1 R
x font 2 I
x font 3 B
x font 4 BI
x font 5 CW
x font 6 H
x font 7 HB
x font 8 HX
x font 9 S1
x font 10 S
s10

f1

x X BT 503 #1 photo1.pic
V7560
s10
f1
H720


cR
67e44s39e44a44r33c44h50 33T61e44n50t28h50 33E61d50i28t28i28o50nh3621c5
500503n120 0
x X END BT 503 #1 photo1.pic
V7920

#MESSAGE TO USER:  page 512 only 73% full; will not be adjusted
p512


x font 1 R
x font 2 I
x font 3 B
x font 4 BI
x font 5 CW
x font 6 H
x font 7 HB
x font 8 HX
x font 9 S1
x font 10 S
s10

f1

x X PT 512 #18 photo2.ms
V480
s10
f1
H720


cP
56i28c44o50-33P56o50r33t28r33a44i28tn120 0
x X END PT 512 #18 photo2.ms
V720


x font 1 R
x font 2 I
x font 3 B
x font 4 BI
x font 5 CW
x font 6 H
x font 7 HB
x font 8 HX
x font 9 S1
x font 10 S
s10

f1

x X US KS 0 #18 photo2.ms
x X SP 60  #18 photo2.ms


x font 1 R
x font 2 I
x font 3 B
x font 4 BI
x font 5 CW
x font 6 H
x font 7 HB
x font 8 HX
x font 9 S1
x font 10 S
s10

f1

x X MC 1 0 #1 photo1.pic
x X SP 42 PS #6 photo1.pic
x X US PS 8.750i #6 photo1.pic
V3936
s10
f1
H720

s18


h900Dl 0 -2880 .
n120 0
V1056
s18
f1
H720

h900Dl 2880 0 .
n120 0
V1056
s18
f1
H720

h3780Dl 0 2880 .
n120 0
V3936
s18
f1
H720

h3780Dl -2880 0 .
n120 0
V5448
s18
f1
H720


h2700Dl 0 -1080 .
n120 0
V4368
s18
f1
H720

h2700Dl 1080 0 .
n120 0
V4368
s18
f1
H720

h3780Dl 0 1080 .
n120 0
V5448
s18
f1
H720

h3780Dl -1080 0 .
n120 0
V4128
s18
f1
H720

s10


h1222cF
56l28a44k50ew77T61r33a44n50s39f33o50r33m78a44t28i28o50nw83(33p50r33o50g50r33a44mwh111cb
50yw83R67o50d50i28a44nw83P56a44u50l28,w58150950850850)n120 0
V5432
s10
f1
H720


h1835cN
72o50r33m78a44nw83W94i28l28s39o50nn120 0
x X END US PE #41 photo1.pic
x X SP 78 PE #41 photo1.pic


x font 1 R
x font 2 I
x font 3 B
x font 4 BI
x font 5 CW
x font 6 H
x font 7 HB
x font 8 HX
x font 9 S1
x font 10 S
s10

f1



x font 1 R
x font 2 I
x font 3 B
x font 4 BI
x font 5 CW
x font 6 H
x font 7 HB
x font 8 HX
x font 9 S1
x font 10 S
s10

f1

x X SP 60  #18 photo2.ms
x X END US KS #18 photo2.ms
x X CMD BP #18 photo2.ms


x font 1 R
x font 2 I
x font 3 B
x font 4 BI
x font 5 CW
x font 6 H
x font 7 HB
x font 8 HX
x font 9 S1
x font 10 S
s10

f1

x X BT 512 #18 photo2.ms
V7560
s10
f1
H720


c5
501502h4032cU
72N72I33X72 33P56a44p50e44r33sn120 0
x X END BT 512 #18 photo2.ms
V7920

#MESSAGE TO USER:  page 513 only 2% full; will not be adjusted
p513


x font 1 R
x font 2 I
x font 3 B
x font 4 BI
x font 5 CW
x font 6 H
x font 7 HB
x font 8 HX
x font 9 S1
x font 10 S
s10

f1

x X PT 513 #1 photo1.pic
V480
s10
f1
H720


h4169cP
56i28c44o50-33P56o50r33t28r33a44i28tn120 0
x X END PT 513 #1 photo1.pic
V720
V840
s10
f1
H720


Cfi
56l28l28e44rn120 0
x X CMD BP #19 photo2.ms


x font 1 R
x font 2 I
x font 3 B
x font 4 BI
x font 5 CW
x font 6 H
x font 7 HB
x font 8 HX
x font 9 S1
x font 10 S
s10

f1

x X BT 513 #1 photo1.pic
V7560
s10
f1
H720


cR
67e44s39e44a44r33c44h50 33T61e44n50t28h50 33E61d50i28t28i28o50nh3621c5
501503n120 0
x X END BT 513 #1 photo1.pic
V7920

#MESSAGE TO USER:  page 542 only 73% full; will not be adjusted
p542


x font 1 R
x font 2 I
x font 3 B
x font 4 BI
x font 5 CW
x font 6 H
x font 7 HB
x font 8 HX
x font 9 S1
x font 10 S
s10

f1

x X PT 542 #19 photo2.ms
V480
s10
f1
H720


cP
56i28c44o50-33P56o50r33t28r33a44i28tn120 0
x X END PT 542 #19 photo2.ms
V720


x font 1 R
x font 2 I
x font 3 B
x font 4 BI
x font 5 CW
x font 6 H
x font 7 HB
x font 8 HX
x font 9 S1
x font 10 S
s10

f1

x X US KS 0 #19 photo2.ms
x X SP 60  #19 photo2.ms


x font 1 R
x font 2 I
x font 3 B
x font 4 BI
x font 5 CW
x font 6 H
x font 7 HB
x font 8 HX
x font 9 S1
x font 10 S
s10

f1

x X MC 1 0 #1 photo1.pic
x X SP 42 PS #6 photo1.pic
x X US PS 8.750i #6 photo1.pic
V3936
s10
f1
H720

s18


h900Dl 0 -2880 .
n120 0
V1056
s18
f1
H720

h900Dl 2880 0 .
n120 0
V1056
s18
f1
H720

h3780Dl 0 2880 .
n120 0
V3936
s18
f1
H720

h3780Dl -2880 0 .
n120 0
V5448
s18
f1
H720


h2700Dl 0 -1080 .
n120 0
V4368
s18
f1
H720

h2700Dl 1080 0 .
n120 0
V4368
s18
f1
H720

h3780Dl 0 1080 .
n120 0
V5448
s18
f1
H720

h3780Dl -1080 0 .
n120 0
V4128
s18
f1
H720

s10


h1465cP
56i28c44t28u50r33ew77M89a44pw83(33p50r33o50d50u50c44e44dw83b50yw83aw77p50i28c44ow83f33u50n50c44t28i28o50n50)n120 0
V5432
s10
f1
H720


h1941cF
56r33e44dw83G72r33a44m78p50pn120 0
x X END US PE #41 photo1.pic
x X SP 78 PE #41 photo1.pic


x font 1 R
x font 2 I
x font 3 B
x font 4 BI
x font 5 CW
x font 6 H
x font 7 HB
x font 8 HX
x font 9 S1
x font 10 S
s10

f1



x font 1 R
x font 2 I
x font 3 B
x font 4 BI
x font 5 CW
x font 6 H
x font 7 HB
x font 8 HX
x font 9 S1
x font 10 S
s10

f1

x X SP 60  #19 photo2.ms
x X END US KS #19 photo2.ms
x X CMD BP #19 photo2.ms


x font 1 R
x font 2 I
x font 3 B
x font 4 BI
x font 5 CW
x font 6 H
x font 7 HB
x font 8 HX
x font 9 S1
x font 10 S
s10

f1

x X BT 542 #19 photo2.ms
V7560
s10
f1
H720


c5
504502h4032cU
72N72I33X72 33P56a44p50e44r33sn120 0
x X END BT 542 #19 photo2.ms
V7920

#MESSAGE TO USER:  page 543 only 2% full; will not be adjusted
p543


x font 1 R
x font 2 I
x font 3 B
x font 4 BI
x font 5 CW
x font 6 H
x font 7 HB
x font 8 HX
x font 9 S1
x font 10 S
s10

f1

x X PT 543 #1 photo1.pic
V480
s10
f1
H720


h4169cP
56i28c44o50-33P56o50r33t28r33a44i28tn120 0
x X END PT 543 #1 photo1.pic
V720
V840
s10
f1
H720


Cfi
56l28l28e44rn120 0
x X CMD BP #20 photo2.ms


x font 1 R
x font 2 I
x font 3 B
x font 4 BI
x font 5 CW
x font 6 H
x font 7 HB
x font 8 HX
x font 9 S1
x font 10 S
s10

f1

x X BT 543 #1 photo1.pic
V7560
s10
f1
H720


cR
67e44s39e44a44r33c44h50 33T61e44n50t28h50 33E61d50i28t28i28o50nh3621c5
504503n120 0
x X END BT 543 #1 photo1.pic
V7920

#MESSAGE TO USER:  page 556 only 73% full; will not be adjusted
p556


x font 1 R
x font 2 I
x font 3 B
x font 4 BI
x font 5 CW
x font 6 H
x font 7 HB
x font 8 HX
x font 9 S1
x font 10 S
s10

f1

x X PT 556 #20 photo2.ms
V480
s10
f1
H720


cP
56i28c44o50-33P56o50r33t28r33a44i28tn120 0
x X END PT 556 #20 photo2.ms
V720


x font 1 R
x font 2 I
x font 3 B
x font 4 BI
x font 5 CW
x font 6 H
x font 7 HB
x font 8 HX
x font 9 S1
x font 10 S
s10

f1

x X US KS 0 #20 photo2.ms
x X SP 60  #20 photo2.ms


x font 1 R
x font 2 I
x font 3 B
x font 4 BI
x font 5 CW
x font 6 H
x font 7 HB
x font 8 HX
x font 9 S1
x font 10 S
s10

f1

x X MC 1 0 #1 photo1.pic
x X SP 42 PS #6 photo1.pic
x X US PS 8.750i #6 photo1.pic
V3936
s10
f1
H720

s18


h900Dl 0 -2880 .
n120 0
V1056
s18
f1
H720

h900Dl 2880 0 .
n120 0
V1056
s18
f1
H720

h3780Dl 0 2880 .
n120 0
V3936
s18
f1
H720

h3780Dl -2880 0 .
n120 0
V5448
s18
f1
H720


h2700Dl 0 -1080 .
n120 0
V4368
s18
f1
H720

h2700Dl 1080 0 .
n120 0
V4368
s18
f1
H720

h3780Dl 0 1080 .
n120 0
V5448
s18
f1
H720

h3780Dl -1080 0 .
n120 0
V4128
s18
f1
H720

s10


h1225cW
94i28p50ew77T61r33a44n50s39f33o50r33m78a44t28i28o50nw83(33p50r33o50g50r33a44mwh111cb
50yw83R67o50d50i28a44nw83P56a44u50l28,w58150950850850)n120 0
V5432
s10
f1
H720


h1913cD
72a44v50ew77P56r33e44s39o50t28t28on120 0
x X END US PE #41 photo1.pic
x X SP 78 PE #41 photo1.pic


x font 1 R
x font 2 I
x font 3 B
x font 4 BI
x font 5 CW
x font 6 H
x font 7 HB
x font 8 HX
x font 9 S1
x font 10 S
s10

f1



x font 1 R
x font 2 I
x font 3 B
x font 4 BI
x font 5 CW
x font 6 H
x font 7 HB
x font 8 HX
x font 9 S1
x font 10 S
s10

f1

x X SP 60  #20 photo2.ms
x X END US KS #20 photo2.ms
x X CMD BP #20 photo2.ms


x font 1 R
x font 2 I
x font 3 B
x font 4 BI
x font 5 CW
x font 6 H
x font 7 HB
x font 8 HX
x font 9 S1
x font 10 S
s10

f1

x X BT 556 #20 photo2.ms
V7560
s10
f1
H720


c5
505506h4032cU
72N72I33X72 33P56a44p50e44r33sn120 0
x X END BT 556 #20 photo2.ms
V7920

#MESSAGE TO USER:  page 557 only 2% full; will not be adjusted
p557


x font 1 R
x font 2 I
x font 3 B
x font 4 BI
x font 5 CW
x font 6 H
x font 7 HB
x font 8 HX
x font 9 S1
x font 10 S
s10

f1

x X PT 557 #1 photo1.pic
V480
s10
f1
H720


h4169cP
56i28c44o50-33P56o50r33t28r33a44i28tn120 0
x X END PT 557 #1 photo1.pic
V720
V840
s10
f1
H720


Cfi
56l28l28e44rn120 0
x X CMD BP #22 photo2.ms


x font 1 R
x font 2 I
x font 3 B
x font 4 BI
x font 5 CW
x font 6 H
x font 7 HB
x font 8 HX
x font 9 S1
x font 10 S
s10

f1

x X BT 557 #1 photo1.pic
V7560
s10
f1
H720


cR
67e44s39e44a44r33c44h50 33T61e44n50t28h50 33E61d50i28t28i28o50nh3621c5
505507n120 0
x X END BT 557 #1 photo1.pic
V7920

#MESSAGE TO USER:  page 604 only 73% full; will not be adjusted
p604


x font 1 R
x font 2 I
x font 3 B
x font 4 BI
x font 5 CW
x font 6 H
x font 7 HB
x font 8 HX
x font 9 S1
x font 10 S
s10

f1

x X PT 604 #22 photo2.ms
V480
s10
f1
H720


cP
56i28c44o50-33P56o50r33t28r33a44i28tn120 0
x X END PT 604 #22 photo2.ms
V720


x font 1 R
x font 2 I
x font 3 B
x font 4 BI
x font 5 CW
x font 6 H
x font 7 HB
x font 8 HX
x font 9 S1
x font 10 S
s10

f1

x X US KS 0 #22 photo2.ms
x X SP 60  #22 photo2.ms


x font 1 R
x font 2 I
x font 3 B
x font 4 BI
x font 5 CW
x font 6 H
x font 7 HB
x font 8 HX
x font 9 S1
x font 10 S
s10

f1

x X MC 1 0 #1 photo1.pic
x X SP 42 PS #6 photo1.pic
x X US PS 8.750i #6 photo1.pic
V3936
s10
f1
H720

s18


h900Dl 0 -2880 .
n120 0
V1056
s18
f1
H720

h900Dl 2880 0 .
n120 0
V1056
s18
f1
H720

h3780Dl 0 2880 .
n120 0
V3936
s18
f1
H720

h3780Dl -2880 0 .
n120 0
V5448
s18
f1
H720


h2700Dl 0 -1080 .
n120 0
V4368
s18
f1
H720

h2700Dl 1080 0 .
n120 0
V4368
s18
f1
H720

h3780Dl 0 1080 .
n120 0
V5448
s18
f1
H720

h3780Dl -1080 0 .
n120 0
V4128
s18
f1
H720

s10


h874cn
50e44wwh105c=
w89$50p50g50[33X72_50c44a44r33t28(33r33=56r33_50p50o50l28a44r33(33x50,25y50)33,w58a44=56(33y50*50x50)33/28450+56A72_50p50o50l28a44r33(33x50,25y50)33)33,w58Y72_50c44a44r33t28(33r33,25a44)33]n120 0
V5432
s10
f1
H720


h2051cP
56a44u50lw61G72l28i28c44kn120 0
x X END US PE #41 photo1.pic
x X SP 78 PE #41 photo1.pic


x font 1 R
x font 2 I
x font 3 B
x font 4 BI
x font 5 CW
x font 6 H
x font 7 HB
x font 8 HX
x font 9 S1
x font 10 S
s10

f1



x font 1 R
x font 2 I
x font 3 B
x font 4 BI
x font 5 CW
x font 6 H
x font 7 HB
x font 8 HX
x font 9 S1
x font 10 S
s10

f1

x X SP 60  #22 photo2.ms
x X END US KS #22 photo2.ms
x X CMD BP #22 photo2.ms


x font 1 R
x font 2 I
x font 3 B
x font 4 BI
x font 5 CW
x font 6 H
x font 7 HB
x font 8 HX
x font 9 S1
x font 10 S
s10

f1

x X BT 604 #22 photo2.ms
V7560
s10
f1
H720


c6
500504h4032cU
72N72I33X72 33P56a44p50e44r33sn120 0
x X END BT 604 #22 photo2.ms
V7920

#MESSAGE TO USER:  page 605 only 2% full; will not be adjusted
p605


x font 1 R
x font 2 I
x font 3 B
x font 4 BI
x font 5 CW
x font 6 H
x font 7 HB
x font 8 HX
x font 9 S1
x font 10 S
s10

f1

x X PT 605 #1 photo1.pic
V480
s10
f1
H720


h4169cP
56i28c44o50-33P56o50r33t28r33a44i28tn120 0
x X END PT 605 #1 photo1.pic
V720
V840
s10
f1
H720


Cfi
56l28l28e44rn120 0
x X CMD BP #23 photo2.ms


x font 1 R
x font 2 I
x font 3 B
x font 4 BI
x font 5 CW
x font 6 H
x font 7 HB
x font 8 HX
x font 9 S1
x font 10 S
s10

f1

x X BT 605 #1 photo1.pic
V7560
s10
f1
H720


cR
67e44s39e44a44r33c44h50 33T61e44n50t28h50 33E61d50i28t28i28o50nh3621c6
500505n120 0
x X END BT 605 #1 photo1.pic
V7920
p12

#MESSAGE TO USER:  ran out of page titles at 12
V720
V840
s10
f1
H720


cw
72ew77a44r33ew77d50o50n50ew77n50o50wn120 0

#MESSAGE TO USER:  ran out of page bottoms at 12
V7920
x trailer

x stop
