cc -O -DPXP -w -c call.c
cc -O -DPXP -w -c case.c
cc -O -DPXP -w -c const.c
cc -O -DPXP -w -c cset.c
cc -O -DPXP -w -c error.c
cc -O -DPXP -w -c fdec.c
cc -O -DPXP -w -c func.c
cc -O -DPXP -w -c hash.c
cc -O -DPXP -w -c lab.c
cc -O -DPXP -w -c lval.c
cc -O -DPXP -w -c main.c
cc -O -DPXP -w -c nl.c
cc -O -DPXP -w -c pmon.c
cc -O -DPXP -w -c pp.c
cc -O -DPXP -w -c proc.c
cc -O -DPXP -w -c rec.c
cc -O -DPXP -w -c rval.c
cc -O -DPXP -w -c stat.c
cc -O -DPXP -w -c string.c
cc -O -DPXP -w -c subr.c
cc -O -DPXP -w -c tree.c
cc -O -DPXP -w -c type.c
cc -O -DPXP -w -c var.c
cc -O -DPXP -w -c y.tab.c
cc -O -DPXP -w -c yycomm.c
cc -O -DPXP -w -c yycosts.c
cc -O -DPXP -w -c yyerror.c
cc -O -DPXP -w -c yyget.c
cc -O -DPXP -w -c yyid.c
cc -O -DPXP -w -c yylex.c
cc -O -DPXP -w -c yymain.c
cc -O -DPXP -w -c yypanic.c
cc -O -DPXP -w -c yyparse.c
cc -O -DPXP -w -c yyprint.c
cc -O -DPXP -w -c yyput.c
cc -O -DPXP -w -c yyrecover.c
cc -O -DPXP -w -c yyseman.c
cc -O -DPXP -w -c yytree.c
cc -O -DPXP -w -E doprnt.c > doprnt.s
as -o doprnt.o doprnt.s
Assembler:
"doprnt.c", line 466: WARNING: .align 3 in any segment is NOT preserved by the loader
Assembler:
"doprnt.c", line 466: WARNING: .align 3 converted to .align 2
rm -f doprnt.s
cc -O -DPXP -w -c printf.c
cc -O -DPXP -w -c treen.c
cc -O -DPXP -w -c yycopy.c
cc -O -DPXP -w -c TRdata.c
cc -O -DPXP -w -c Version.c
cc -O -DPXP -w -i call.o case.o const.o cset.o  error.o fdec.o func.o hash.o lab.o lval.o  main.o nl.o pmon.o pp.o proc.o rec.o rval.o  stat.o string.o subr.o tree.o type.o var.o y.tab.o  yycomm.o yycosts.o yyerror.o yyget.o yyid.o yylex.o yymain.o  yypanic.o yyparse.o yyprint.o yyput.o yyrecover.o  yyseman.o yytree.o doprnt.o printf.o treen.o yycopy.o TRdata.o Version.o
ld: -i ignored
install -s a.out /usr/bin/pxp
204.3u 109.7s 1409r 39t 47d 156m 1136f 1422i 1742o 	 make install
