cd ../anim; mk pg
mk: 'pg' is up to date
cd ../auth; mk pg
mk: 'pg' is up to date
cd ../cin; mk pg
mk: 'pg' is up to date
cd ../cip; mk pg
mk: 'pg' is up to date
cd ../contents; mk pg
mk: 'pg' is up to date
cd ../dag; mk pg
mk: 'pg' is up to date
cd ../eqn; mk pg
mk: 'pg' is up to date
cd ../f77; mk pg
mk: 'pg' is up to date
cd ../fm; mk pg
mk: 'pg' is up to date
cd ../fsck; mk pg
mk: 'pg' is up to date
cd ../grap; mk pg
mk: 'pg' is up to date
cd ../graphics; mk pg
mk: 'pg' is up to date
cd ../ideal; mk pg
mk: 'pg' is up to date
cd ../index; mk pg
mk: 'pg' is up to date
cd ../intro; mk pg
mk: 'pg' is up to date
cd ../ipc; mk pg
mk: 'pg' is up to date
cd ../latex; mk pg
mk: 'pg' is up to date
cd ../lex; mk pg
mk: 'pg' is up to date
cd ../lp; mk pg
mk: 'pg' is up to date
cd ../mk; mk pg
mk: 'pg' is up to date
cd ../monk; mk pg
mk: 'pg' is up to date
cd ../ms; mk pg
mk: 'pg' is up to date
cd ../music; mk pg
mk: 'pg' is up to date
cd ../netb; mk pg
mk: 'pg' is up to date
cd ../pi; mk pg
mk: 'pg' is up to date
cd ../pic; mk pg
mk: 'pg' is up to date
cd ../pico; mk pg
mk: 'pg' is up to date
cd ../pm; mk pg
mk: 'pg' is up to date
cd ../prefer; mk pg
mk: 'pg' is up to date
cd ../rc; mk pg
mk: 'pg' is up to date
cd ../sam; mk pg
mk: 'pg' is up to date
cd ../security; mk pg
mk: 'pg' is up to date
cd ../sed; mk pg
mk: 'pg' is up to date
cd ../setup; mk pg
mk: 'pg' is up to date
cd ../snocone; mk pg
prefer -m -s../ADM/vol2.style -p../ADM/vol2.ref snocone.ms | eqn | troff -mpm > snocone.out
306	CWif	S #776 -
306	CWfor	S #828 -
307	SET	S #1035 -
count snocone.ms snocone.out
cd ../spin; mk pg
prefer -m -s../ADM/vol2.style -p../ADM/vol2.ref spin.ms | tbl | eqn | troff -mpm > spin.out
count spin.ms spin.out
cd ../streams; mk pg
prefer -m -s../ADM/vol2.style -p../ADM/vol2.ref streams.ms | pic | troff -mpm > streams.out
count streams.ms streams.out
cd ../tbl; mk pg
prefer -m -s../ADM/vol2.style -p../ADM/vol2.ref tbl.ms | tbl | eqn | troff -mpm > tbl.out 2>err
awk '$2=="Example" { if($1 != $4) printf "Example %s: was %d, should be %d\n", $3, $1, $4 }
$2!= "Example" { print }' < err
Table at line 964 file Input is too wide - 2665 units
count tbl.ms tbl.out
cd ../troff; mk pg
(prefer -m -s../ADM/vol2.style -p../ADM/vol2.ref tut.ms; prf.awk ZD) | tbl | troff -mpm > tut.out
tbl man.ms | eqn | troff $ARG -mpm >man.out
man.ms: line 2247: Data ignored on table line 8
man.ms: line 2247: Data ignored on table line 8
man.ms: line 2247: Data ignored on table line 8
man.ms: line 2247: Data ignored on table line 12
man.ms: line 2247: Data ignored on table line 12
man.ms: line 2247: Data ignored on table line 12
count tut.ms tut.out; count man.ms man.out
cd ../upas; mk pg
prefer -m -s../ADM/vol2.style -p../ADM/vol2.ref upas.ms | pic | troff -mpm > upas.out
count upas.ms upas.out
cd ../uucp; mk pg
pic admin.ms | tbl | troff -mpm > admin.out
count admin.ms admin.out
cd ../yacc; mk pg
sed -f xref.script yacc.ms | prefer -m -s../ADM/vol2.style -p../ADM/vol2.ref | pic | tbl | eqn | troff -mpm > yacc.out
count yacc.ms yacc.out
cd ../anim; mk pg
prefer -m -s../ADM/vol2.style -p../ADM/vol2.ref anim.ms | pic | eqn '-d@@' | troff -mpm > anim.out
count anim.ms anim.out
cd ../auth; mk pg
prefer -m -s../ADM/vol2.style -p../ADM/vol2.ref auth.ms | troff -mpm > auth.out
count auth.ms auth.out
cd ../cin; mk pg
../ADM/monk.mac: line 48: Redefining associate or environment titlebox
../ADM/monk.mac: line 64: Redefining associate or environment reference_placement
../ADM/monk.mac: line 81: Redefining associate or environment appendix
../ADM/monk.mac: line 85: Redefining associate or environment index
../ADM/monk.mac: line 121: Redefining associate or environment paragraph
../ADM/monk.mac: line 157: Redefining associate or environment p
cin.m: line 12: Redefining associate or environment computeroutput
count cin.m cin.out
cd ../cip; mk pg
prefer -m -s../ADM/vol2.style -p../ADM/vol2.ref cip.ms | pic | tbl | eqn | troff -mpm > cip.out
count cip.ms cip.out
cd ../contents; mk pg
troffing contents.ms ...
intro/intro.ms: odd page count 7
tbl/tbl.ms: odd page count 53
pic/pic.ms: odd page count 79
ideal/user.ms: odd page count 109
troff/man.ms: odd page count 223
latex/latex.tex: odd page count 269
mk/mk.ms: odd page count 283
snocone/snocone.ms: odd page count 311
f77/f77.ms: odd page count 325
pi/feel.ms: odd page count 347
lex/lex.ms: odd page count 389
sed/sed.ms: odd page count 399
sam/sam.ms: odd page count 423
anim/anim.ms: odd page count 477
music/music.ms: odd page count 483
graphics/cmd.ms: odd page count 497
setup/setup.ms: odd page count 503
streams/streams.ms: odd page count 513
auth/auth.ms: odd page count 543
security/security.ms: odd page count 557
fsck/fsck.m: odd page count 595
fm/fm.ms: odd page count 605
index/index.ms: odd page count 613
612 pages.
23 blank pages.
count contents.ms contents.out
cd ../dag; mk pg
prefer -m -s../ADM/vol2.style -p../ADM/vol2.ref dag.ms | dag | pic | tbl | eqn | troff -mpm > dag.out
count dag.ms dag.out
cd ../eqn; mk pg
prefer -m -s../ADM/vol2.style -p../ADM/vol2.ref guide.ms | eqn | troff -mpm > guide.out
count guide.ms guide.out
cd ../f77; mk pg
prefer -m -s../ADM/vol2.style -p../ADM/vol2.ref f77.ms | tbl | eqn | troff -mpm > f77.out
317	Options	s #192 -
count f77.ms f77.out
cd ../fm; mk pg
prefer -m -s../ADM/vol2.style -p../ADM/vol2.ref fm.ms | tbl | troff -mpm > fm.out
count fm.ms fm.out
cd ../fsck; mk pg
../ADM/monk.mac: line 48: Redefining associate or environment titlebox
../ADM/monk.mac: line 64: Redefining associate or environment reference_placement
../ADM/monk.mac: line 81: Redefining associate or environment appendix
../ADM/monk.mac: line 85: Redefining associate or environment index
../ADM/monk.mac: line 121: Redefining associate or environment paragraph
../ADM/monk.mac: line 157: Redefining associate or environment p
fsck.m: line 14: Redefining associate or environment text_list
count fsck.m fsck.out
cd ../grap; mk pg
prefer -m -s../ADM/vol2.style -p../ADM/vol2.ref paper.ms | eqn | tee temp | troff -mpm > paper.out
count paper.ms paper.out
cd ../graphics; mk pg
prefer -m -s../ADM/vol2.style -p../ADM/vol2.ref cmd.ms | tbl | troff -mpm > cmd.out
count cmd.ms cmd.out
cd ../ideal; mk pg
prefer -m -s../ADM/vol2.style -p../ADM/vol2.ref user.ms | ideal -q | eqn | troff -mpm > user.out
count user.ms user.out
cd ../index; mk pg
prefer -m -s../ADM/vol2.style -p../ADM/vol2.ref index.ms | pic | troff -mpm > index.out
count index.ms index.out
cd ../intro; mk pg
prefer -m -s../ADM/vol2.style -p../ADM/vol2.ref -sapa intro.ms | troff -mpm > intro.out
count intro.ms intro.out
cd ../ipc; mk pg
prefer -m -s../ADM/vol2.style -p../ADM/vol2.ref ipc.ms | troff -mpm > ipc.out
no reference found for RFS att remote file system 
no reference found for NFS sun remote file system 
count ipc.ms ipc.out
cd ../latex; mk pg
sed -n '/^Output w/s/.*(\([0-9]*\).*/\1/p' latex.log > latex.tex.pg && touch pg
cd ../lex; mk pg
prefer -m -s../ADM/vol2.style -p../ADM/vol2.ref lex.ms | tbl | troff -mpm > lex.out
count lex.ms lex.out
cd ../lp; mk pg
prefer -m -s../ADM/vol2.style -p../ADM/vol2.ref lp.ms | tbl | troff -mpm > lp.out
count lp.ms lp.out
cd ../mk; mk pg
prefer -m -s../ADM/vol2.style -p../ADM/vol2.ref mk.ms | pic | tbl | troff -mpm > mk.out
count mk.ms mk.out
cd ../monk; mk pg
monking ...
../ADM/monk.mac: line 48: Redefining associate or environment titlebox
../ADM/monk.mac: line 64: Redefining associate or environment reference_placement
../ADM/monk.mac: line 81: Redefining associate or environment appendix
../ADM/monk.mac: line 85: Redefining associate or environment index
../ADM/monk.mac: line 121: Redefining associate or environment paragraph
../ADM/monk.mac: line 157: Redefining associate or environment p
monk.m: line 18: Redefining associate or environment computeroutput
monk.m: line 181: Redefining associate or environment date
monk.m: line 348: Redefining associate or environment date
samples/reset_def: line 33: Redefining associate or environment titlebox
count monk.m monk.out
cd ../ms; mk pg
prefer -m -s../ADM/vol2.style -p../ADM/vol2.ref ms | tbl | troff > ms.out
count ms ms.out
echo `cat ms.pg` +4 | hoc | sort -o ms.pg && touch pg
cd ../music; mk pg
prefer -m -s../ADM/vol2.style -p../ADM/vol2.ref music.ms | troff -mpm > music.out
count music.ms music.out
cd ../netb; mk pg
prefer -m -s../ADM/vol2.style -p../ADM/vol2.ref netb.ms | tbl | troff -mpm > netb.out
count netb.ms netb.out
cd ../pi; mk pg
cat ../ADM/bm.mac feel.ms | prefer -m -s../ADM/vol2.style -p../ADM/vol2.ref | troff -mpm | ../ADM/bm.sh > feel.out
count feel.ms feel.out
cd ../pic; mk pg
prefer -m -s../ADM/vol2.style -p../ADM/vol2.ref pic.ms | pic | eqn | troff -mpm > pic.out
count pic.ms pic.out
cd ../pico; mk pg
prefer -m -s../ADM/vol2.style -p../ADM/vol2.ref pico.ms | tbl | eqn | troff -mpm > pico.out
count pico.ms pico.out
cd ../pm; mk pg
prefer -m -s../ADM/vol2.style -p../ADM/vol2.ref pm.ms | tbl | eqn | troff -mpm > pm.out
21	typesetting	g #3 -
count pm.ms pm.out
cd ../prefer; mk pg
monking ...
../ADM/monk.mac: line 48: Redefining associate or environment titlebox
../ADM/monk.mac: line 64: Redefining associate or environment reference_placement
../ADM/monk.mac: line 81: Redefining associate or environment appendix
../ADM/monk.mac: line 85: Redefining associate or environment index
../ADM/monk.mac: line 121: Redefining associate or environment paragraph
../ADM/monk.mac: line 157: Redefining associate or environment p
prefer.m: line 1057: Redefining associate or environment reference_placement
prefer.m: line 1073: Redefining associate or environment appendix
count prefer.m prefer.out
cd ../rc; mk pg
prefer -m -s../ADM/vol2.style -p../ADM/vol2.ref rc.ms | troff -mpm > rc.out
count rc.ms rc.out
cd ../sam; mk pg
cat ../ADM/bm.mac sam.ms | prefer -m -s../ADM/vol2.style -p../ADM/vol2.ref | pic | tbl | troff -mpm | ../ADM/bm.sh > sam.out
count sam.ms sam.out
cd ../security; mk pg
prefer -m -s../ADM/vol2.style -p../ADM/vol2.ref security.ms | troff -mpm > security.out
count security.ms security.out
cd ../sed; mk pg
prefer -m -s../ADM/vol2.style -p../ADM/vol2.ref sed.ms | tbl | troff -mpm > sed.out
count sed.ms sed.out
cd ../setup; mk pg
tbl setup.ms | troff -mpm > setup.out
count setup.ms setup.out
cd ../snocone; mk pg
mk: 'pg' is up to date
cd ../spin; mk pg
mk: 'pg' is up to date
cd ../streams; mk pg
mk: 'pg' is up to date
cd ../tbl; mk pg
mk: 'pg' is up to date
cd ../troff; mk pg
mk: 'pg' is up to date
cd ../upas; mk pg
mk: 'pg' is up to date
cd ../uucp; mk pg
mk: 'pg' is up to date
cd ../yacc; mk pg
mk: 'pg' is up to date
mk vol2.ref.i incpg
(cd ../contents; mk headers)
mk incpg
mk: 'vol2.ref.i' is up to date
cd ../anim; mk pg
mk: 'pg' is up to date
cd ../auth; mk pg
prefer -m -s../ADM/vol2.style -p../ADM/vol2.ref auth.ms | troff -mpm > auth.out
count auth.ms auth.out
cd ../cin; mk pg
../ADM/monk.mac: line 48: Redefining associate or environment titlebox
../ADM/monk.mac: line 64: Redefining associate or environment reference_placement
../ADM/monk.mac: line 81: Redefining associate or environment appendix
../ADM/monk.mac: line 85: Redefining associate or environment index
../ADM/monk.mac: line 121: Redefining associate or environment paragraph
../ADM/monk.mac: line 157: Redefining associate or environment p
cin.m: line 12: Redefining associate or environment computeroutput
count cin.m cin.out
cd ../cip; mk pg
prefer -m -s../ADM/vol2.style -p../ADM/vol2.ref cip.ms | pic | tbl | eqn | troff -mpm > cip.out
count cip.ms cip.out
cd ../contents; mk pg
troffing contents.ms ...
intro/intro.ms: odd page count 7
tbl/tbl.ms: odd page count 53
pic/pic.ms: odd page count 79
ideal/user.ms: odd page count 109
troff/man.ms: odd page count 223
latex/latex.tex: odd page count 269
mk/mk.ms: odd page count 283
snocone/snocone.ms: odd page count 311
f77/f77.ms: odd page count 325
pi/feel.ms: odd page count 347
lex/lex.ms: odd page count 389
sed/sed.ms: odd page count 399
sam/sam.ms: odd page count 423
anim/anim.ms: odd page count 477
music/music.ms: odd page count 483
graphics/cmd.ms: odd page count 497
setup/setup.ms: odd page count 503
streams/streams.ms: odd page count 513
auth/auth.ms: odd page count 543
security/security.ms: odd page count 557
fsck/fsck.m: odd page count 595
fm/fm.ms: odd page count 605
index/index.ms: odd page count 613
612 pages.
23 blank pages.
count contents.ms contents.out
cd ../dag; mk pg
prefer -m -s../ADM/vol2.style -p../ADM/vol2.ref dag.ms | dag | pic | tbl | eqn | troff -mpm > dag.out
count dag.ms dag.out
cd ../eqn; mk pg
prefer -m -s../ADM/vol2.style -p../ADM/vol2.ref guide.ms | eqn | troff -mpm > guide.out
count guide.ms guide.out
cd ../f77; mk pg
prefer -m -s../ADM/vol2.style -p../ADM/vol2.ref f77.ms | tbl | eqn | troff -mpm > f77.out
311	Options	s #192 -
count f77.ms f77.out
cd ../fm; mk pg
prefer -m -s../ADM/vol2.style -p../ADM/vol2.ref fm.ms | tbl | troff -mpm > fm.out
count fm.ms fm.out
cd ../fsck; mk pg
../ADM/monk.mac: line 48: Redefining associate or environment titlebox
../ADM/monk.mac: line 64: Redefining associate or environment reference_placement
../ADM/monk.mac: line 81: Redefining associate or environment appendix
../ADM/monk.mac: line 85: Redefining associate or environment index
../ADM/monk.mac: line 121: Redefining associate or environment paragraph
../ADM/monk.mac: line 157: Redefining associate or environment p
fsck.m: line 14: Redefining associate or environment text_list
count fsck.m fsck.out
cd ../grap; mk pg
prefer -m -s../ADM/vol2.style -p../ADM/vol2.ref paper.ms | eqn | tee temp | troff -mpm > paper.out
count paper.ms paper.out
cd ../graphics; mk pg
prefer -m -s../ADM/vol2.style -p../ADM/vol2.ref cmd.ms | tbl | troff -mpm > cmd.out
count cmd.ms cmd.out
cd ../ideal; mk pg
prefer -m -s../ADM/vol2.style -p../ADM/vol2.ref user.ms | ideal -q | eqn | troff -mpm > user.out
count user.ms user.out
cd ../index; mk pg
prefer -m -s../ADM/vol2.style -p../ADM/vol2.ref index.ms | pic | troff -mpm > index.out
count index.ms index.out
cd ../intro; mk pg
prefer -m -s../ADM/vol2.style -p../ADM/vol2.ref -sapa intro.ms | troff -mpm > intro.out
count intro.ms intro.out
cd ../ipc; mk pg
prefer -m -s../ADM/vol2.style -p../ADM/vol2.ref ipc.ms | troff -mpm > ipc.out
no reference found for RFS att remote file system 
no reference found for NFS sun remote file system 
count ipc.ms ipc.out
cd ../latex; mk pg
latex -t latex
This is TeX, C Version 2.93 (no format preloaded)
(latex.tex
LaTeX Version 2.09 <25 Jan 1988>
(/usr/lib/tex/macros/attart.sty
Document Style 'attart'. Released 11 August 1989
(/usr/lib/tex/macros/att10.sty))
sed -n '/^Output w/s/.*(\([0-9]*\).*/\1/p' latex.log > latex.tex.pg && touch pg
cd ../lex; mk pg
prefer -m -s../ADM/vol2.style -p../ADM/vol2.ref lex.ms | tbl | troff -mpm > lex.out
count lex.ms lex.out
cd ../lp; mk pg
prefer -m -s../ADM/vol2.style -p../ADM/vol2.ref lp.ms | tbl | troff -mpm > lp.out
count lp.ms lp.out
cd ../mk; mk pg
prefer -m -s../ADM/vol2.style -p../ADM/vol2.ref mk.ms | pic | tbl | troff -mpm > mk.out
count mk.ms mk.out
cd ../monk; mk pg
monking ...
../ADM/monk.mac: line 48: Redefining associate or environment titlebox
../ADM/monk.mac: line 64: Redefining associate or environment reference_placement
../ADM/monk.mac: line 81: Redefining associate or environment appendix
../ADM/monk.mac: line 85: Redefining associate or environment index
../ADM/monk.mac: line 121: Redefining associate or environment paragraph
../ADM/monk.mac: line 157: Redefining associate or environment p
monk.m: line 18: Redefining associate or environment computeroutput
monk.m: line 181: Redefining associate or environment date
monk.m: line 348: Redefining associate or environment date
samples/reset_def: line 33: Redefining associate or environment titlebox
cite: foobar redefined as 249 (old value 253)
monking ...
../ADM/monk.mac: line 48: Redefining associate or environment titlebox
../ADM/monk.mac: line 64: Redefining associate or environment reference_placement
../ADM/monk.mac: line 81: Redefining associate or environment appendix
../ADM/monk.mac: line 85: Redefining associate or environment index
../ADM/monk.mac: line 121: Redefining associate or environment paragraph
../ADM/monk.mac: line 157: Redefining associate or environment p
monk.m: line 18: Redefining associate or environment computeroutput
monk.m: line 181: Redefining associate or environment date
monk.m: line 348: Redefining associate or environment date
samples/reset_def: line 33: Redefining associate or environment titlebox
count monk.m monk.out
cd ../ms; mk pg
prefer -m -s../ADM/vol2.style -p../ADM/vol2.ref ms | tbl | troff > ms.out
count ms ms.out
echo `cat ms.pg` +4 | hoc | sort -o ms.pg && touch pg
cd ../music; mk pg
prefer -m -s../ADM/vol2.style -p../ADM/vol2.ref music.ms | troff -mpm > music.out
count music.ms music.out
cd ../netb; mk pg
prefer -m -s../ADM/vol2.style -p../ADM/vol2.ref netb.ms | tbl | troff -mpm > netb.out
count netb.ms netb.out
cd ../pi; mk pg
cat ../ADM/bm.mac feel.ms | prefer -m -s../ADM/vol2.style -p../ADM/vol2.ref | troff -mpm | ../ADM/bm.sh > feel.out
count feel.ms feel.out
cd ../pic; mk pg
prefer -m -s../ADM/vol2.style -p../ADM/vol2.ref pic.ms | pic | eqn | troff -mpm > pic.out
count pic.ms pic.out
cd ../pico; mk pg
prefer -m -s../ADM/vol2.style -p../ADM/vol2.ref pico.ms | tbl | eqn | troff -mpm > pico.out
count pico.ms pico.out
cd ../pm; mk pg
prefer -m -s../ADM/vol2.style -p../ADM/vol2.ref pm.ms | tbl | eqn | troff -mpm > pm.out
21	typesetting	g #3 -
count pm.ms pm.out
cd ../prefer; mk pg
monking ...
../ADM/monk.mac: line 48: Redefining associate or environment titlebox
../ADM/monk.mac: line 64: Redefining associate or environment reference_placement
../ADM/monk.mac: line 81: Redefining associate or environment appendix
../ADM/monk.mac: line 85: Redefining associate or environment index
../ADM/monk.mac: line 121: Redefining associate or environment paragraph
../ADM/monk.mac: line 157: Redefining associate or environment p
prefer.m: line 1057: Redefining associate or environment reference_placement
prefer.m: line 1073: Redefining associate or environment appendix
count prefer.m prefer.out
cd ../rc; mk pg
prefer -m -s../ADM/vol2.style -p../ADM/vol2.ref rc.ms | troff -mpm > rc.out
count rc.ms rc.out
cd ../sam; mk pg
cat ../ADM/bm.mac sam.ms | prefer -m -s../ADM/vol2.style -p../ADM/vol2.ref | pic | tbl | troff -mpm | ../ADM/bm.sh > sam.out
402	n 	S #713 -
402	k 	S #714 -
402	q 	S #715 -
402	p 	S #716 -
count sam.ms sam.out
cd ../security; mk pg
prefer -m -s../ADM/vol2.style -p../ADM/vol2.ref security.ms | troff -mpm > security.out
count security.ms security.out
cd ../sed; mk pg
prefer -m -s../ADM/vol2.style -p../ADM/vol2.ref sed.ms | tbl | troff -mpm > sed.out
count sed.ms sed.out
cd ../setup; mk pg
tbl setup.ms | troff -mpm > setup.out
count setup.ms setup.out
cd ../snocone; mk pg
prefer -m -s../ADM/vol2.style -p../ADM/vol2.ref snocone.ms | eqn | troff -mpm > snocone.out
302	CWif	S #776 -
302	CWfor	S #828 -
303	SET	S #1035 -
count snocone.ms snocone.out
cd ../spin; mk pg
prefer -m -s../ADM/vol2.style -p../ADM/vol2.ref spin.ms | tbl | eqn | troff -mpm > spin.out
count spin.ms spin.out
cd ../streams; mk pg
prefer -m -s../ADM/vol2.style -p../ADM/vol2.ref streams.ms | pic | troff -mpm > streams.out
count streams.ms streams.out
cd ../tbl; mk pg
prefer -m -s../ADM/vol2.style -p../ADM/vol2.ref tbl.ms | tbl | eqn | troff -mpm > tbl.out 2>err
awk '$2=="Example" { if($1 != $4) printf "Example %s: was %d, should be %d\n", $3, $1, $4 }
$2!= "Example" { print }' < err
Table at line 966 file Input is too wide - 2665 units
36	tab	S #503 -
36	delim	S #508 -
count tbl.ms tbl.out
cd ../troff; mk pg
prefer -m -s../ADM/vol2.style -p../ADM/vol2.ref man.ms | tbl | eqn | troff $ARG -mpm >man.out
Input: line 2266: Data ignored on table line 8
Input: line 2266: Data ignored on table line 8
Input: line 2266: Data ignored on table line 8
Input: line 2266: Data ignored on table line 12
Input: line 2266: Data ignored on table line 12
Input: line 2266: Data ignored on table line 12
count tut.ms tut.out; count man.ms man.out
cd ../upas; mk pg
prefer -m -s../ADM/vol2.style -p../ADM/vol2.ref upas.ms | pic | troff -mpm > upas.out
count upas.ms upas.out
cd ../uucp; mk pg
pic admin.ms | tbl | troff -mpm > admin.out
count admin.ms admin.out
cd ../yacc; mk pg
xtags yacc.ms > xref.script
sed -f xref.script yacc.ms | prefer -m -s../ADM/vol2.style -p../ADM/vol2.ref | pic | tbl | eqn | troff -mpm > yacc.out
count yacc.ms yacc.out
mk: 'headers' is up to date
cd ../anim; mk pg
mk: 'pg' is up to date
cd ../auth; mk pg
mk: 'pg' is up to date
cd ../cin; mk pg
mk: 'pg' is up to date
cd ../cip; mk pg
mk: 'pg' is up to date
cd ../contents; mk pg
mk: 'pg' is up to date
cd ../dag; mk pg
mk: 'pg' is up to date
cd ../eqn; mk pg
mk: 'pg' is up to date
cd ../f77; mk pg
mk: 'pg' is up to date
cd ../fm; mk pg
mk: 'pg' is up to date
cd ../fsck; mk pg
mk: 'pg' is up to date
cd ../grap; mk pg
mk: 'pg' is up to date
cd ../graphics; mk pg
mk: 'pg' is up to date
cd ../ideal; mk pg
mk: 'pg' is up to date
cd ../index; mk pg
mk: 'pg' is up to date
cd ../intro; mk pg
mk: 'pg' is up to date
cd ../ipc; mk pg
mk: 'pg' is up to date
cd ../latex; mk pg
mk: 'pg' is up to date
cd ../lex; mk pg
mk: 'pg' is up to date
cd ../lp; mk pg
mk: 'pg' is up to date
cd ../mk; mk pg
mk: 'pg' is up to date
cd ../monk; mk pg
mk: 'pg' is up to date
cd ../ms; mk pg
mk: 'pg' is up to date
cd ../music; mk pg
mk: 'pg' is up to date
cd ../netb; mk pg
mk: 'pg' is up to date
cd ../pi; mk pg
mk: 'pg' is up to date
cd ../pic; mk pg
mk: 'pg' is up to date
cd ../pico; mk pg
mk: 'pg' is up to date
cd ../pm; mk pg
mk: 'pg' is up to date
cd ../prefer; mk pg
mk: 'pg' is up to date
cd ../rc; mk pg
mk: 'pg' is up to date
cd ../sam; mk pg
mk: 'pg' is up to date
cd ../security; mk pg
mk: 'pg' is up to date
cd ../sed; mk pg
mk: 'pg' is up to date
cd ../setup; mk pg
mk: 'pg' is up to date
cd ../snocone; mk pg
mk: 'pg' is up to date
cd ../spin; mk pg
mk: 'pg' is up to date
cd ../streams; mk pg
mk: 'pg' is up to date
cd ../tbl; mk pg
mk: 'pg' is up to date
cd ../troff; mk pg
mk: 'pg' is up to date
cd ../upas; mk pg
mk: 'pg' is up to date
cd ../uucp; mk pg
mk: 'pg' is up to date
cd ../yacc; mk pg
mk: 'pg' is up to date
