007287c9 t BW_XORINNER
00728786 t BW_XORLOOP
0071f828 T Bottom
0072ae14 t CB_ALIGNED
0072ae28 t CB_DEST_ST
0072adfc t CB_NO_STRADDLE
00724910 T Control
0071f848 T Current
0071f748 T Delete
0072eb70 B ENDAREA
00729f4a t FCLEAR
00729f52 t FCLR
00729fb3 t FOR
0072a015 t FSTORE
00729ee9 t FXOR
0072ed2c B F_rectf
00729f7c t Fclr_4
00729fde t For_4
00726b48 T GCalloc
0072ec04 B HIWATER
00729068 T Jclipline
0072ed34 B Jdmajor
0072ed36 B Jdminor
007299a8 T Jmajor
00729940 T Jminor
0072b9d8 D Jrect
00729b80 T Jsetdda
00729a30 T Jsetline
0072ed3a B Jslopeneg
0072ed38 B Jxmajor
00726e20 t LLdownback
0072ec08 B LOWATER
007274b0 t Lblt
00727a08 T Lbox
00726ea8 t Ldownback
00727a70 T Lgrey
00727668 t Lrectf
007276d0 t Lsegment
00727ab8 t Lsetvis
00727760 t Ltexture
007278c0 t Lupfront
0071fc28 T Move
00730bc0 O NPROC
0071f6f8 T New
0072ec1c B Null
0071e700 T P
0072ecb4 B Pkp
0071f718 T Psend
00725d10 T Rectf
00724ab0 T Reply
0071fab0 T Reshape
00724b30 T Retry
0072ecbc B Sbufp
0072ecc2 B Scount
0071f500 T Sw
0071e700 T Sys
0071f808 T Top
00722658 T Uaddr
00721b28 T Ualloc
00721b48 T Uballoc
00722368 T Ubitblt
00721d90 T Ucursallow
00721e38 T Ucursinhibit
00721e00 T Ucursset
00721ea8 T Ucursswitch
00721b78 T Uexit
00721c50 T Ukbdchar
00722608 T Unewproc
00722630 T Unewwindow
00722718 T Uogetrect
00721c88 T Uown
00722308 T Upoint
00721c28 T Urcvchar
007223f0 T Urectf
00721ba0 T Urequest
007225b8 T Uscreenswap
007224a0 T Usegment
007222d0 T Usendchar
00722500 T Utexture
00721d10 T Uwait
007292a8 T _line
0071e870 T _start
0072ae48 T abs
00002000 f abs.c
0072a088 T aciainit
0072a270 T aciapaws
0072a180 T aciatrint
00727b50 T add
00727b28 T addr
007233f8 T advance
0071f358 T alarm
0071eb58 T alloc
00000068 f alloc.c
0072af68 d allocb
0072d9ec B allocendp
0071ea30 T allocinit
0072d9e8 B allocstartp
0072b7b8 d alphanl
0072a6f0 T auto1
0072a8b8 T auto2
0072a310 T auto4
00727e78 T balloc
0072d8e0 D baud_speeds
00727ea8 T bfree
0072a2f0 T binit
00727ed0 T bitblt
00001e4d f bitblt.c
0072ba60 d bits
0071ef20 T bldargs
0072b968 D blitdir
0072d9dc B blocked
0071ec18 T boot
007207f0 T border
0072d4b4 D botbits
0072afe8 D boxcurs
0072ec0c B buf
00722a68 T bufinit
0072afc8 D bullseye
007240b8 T but1func
00724130 T but2func
00724198 T but3func
0072b868 D butfunc
0071f4d8 T buttons
0072b7fc d c
0072d5e8 d c_ll
0072d628 d c_lr
0072d5c8 d c_ul
0072d608 d c_ur
0071e930 T callps
0071f870 T canon
00720a18 T cansend
0072b7b0 d cbreak
0072edb8 B cbuf_next
007301b8 B cbuf_word
007298f0 T ceil
007263b0 T charofpt
0072ad00 T checkbram
00724078 T checkmouse
00720638 T clear
00722800 T clearname
00721470 T clearpex
00723db0 T clixtopix
0071f0e0 T clockroutine
00726288 T closeframe
0072b0f8 d cmd
00729020 t code
00721278 t compact
0072ec14 B complete
0071f548 T control
007219e8 T copy
00720de8 T copyb
007265b8 T cpl
00724510 T crc
0072b8b8 D crc16t_32
0072b7b4 d crmod
0072af88 D cup
0072d9e4 B cur
0072a410 T cursallow
0072adc8 T cursblt
0072ed8c B cursbm
0071ea28 T curse
0072a3b8 T cursinhibit
0072a6b0 T cursinit
0072ed64 B cursor
0072a608 T cursset
0072a788 T cursswitch
0072ed60 B curtabp
00723a18 T cut
0072ecc0 B dcount
0072afa8 D deadmouse
0071fe28 T debug
0072d9f0 B debugger
0072d670 D defkeymap
0072cbb4 D defont
00001e67 f defont.c
0071f768 T delete
00720198 T delim
00726db8 T dellayer
00001d2d f dellayer.c
0071f7d0 T delproc
00726d20 T delstring
0072b9b0 d delta
007256c8 T deltext
00001529 f deltext.c
00723648 T deltype
00720a70 T demux
00727338 t destop
0072a290 T disconnect
0072d3d0 D display
0072d6f0 D ditab
00727c18 T div
0071fec0 T dobutton
00720bc8 T doctl
0072da00 B doubleclickOK
00726ef8 T downback
00001d41 f downback.c
00725ba8 T draw
007261d8 T drawframe
00723e30 T drawscrollbar
0072ed3c B dtr
0072a230 T dtrctl
0072b7ac d echo
0072d9b0 A edata
0072b820 d editmenu
0072b808 d editstrs
0072b008 D eightball
00729ee3 t end
00730bc0 A end
0072ecc4 B endpoint
00727d50 T eqpt
00727d70 T eqrect
00721aa0 T error
0072af68 A etext
0071ea08 T excep_int
0071e990 T excep_norm
0071ea08 T excep_proc
0071e9e8 T excep_stack
0071c320 O excep_tab
00720fe0 T exec
00720f78 T execsw
00725678 t flip
0072a648 t flipcursor
007298a0 T floor
00725fd8 T fralloc
007259c0 T frameop
000016b0 f frameop.c
0071eb78 T free
0071eba8 T freeall
00730bb8 B freelist
00730bbc B freemark
0071f0b8 T freemem
007261a8 T frfree
00726118 T frinit
007266f0 T frselect
00726030 T frsetrects
007211c0 T gcalloc
000008cd f gcalloc.c
007211e0 T gcfree
00721230 T gcfreeall
007210c0 T gcinit
0072ecc8 B genbuf
0071efa0 T getchar
0071f018 T getlong
00722ab8 T getmuxbuf
00722748 T getname
0071fe40 T getproc
0071fea8 T getproctab
0071fa78 T getrect
0071f8f8 T getrectb
00723380 T getto
0071f2a0 T givemouse
0072b848 D grey
00724210 T guide
0072b650 d hex
0071e8d0 T host_int
0071c0f0 O host_pcb
0071cc10 O hoststk
0072ae68 T index
0000200c f index.c
0072b790 d inhibited
00723310 T inschar
0072ec18 B inscomplete
00723430 T insertstring
00723458 T inserttype
00727bb0 T inset
00726ca8 T insstring
00725d48 T instext
000017d1 f instext.c
00723778 T instype
00726ba8 T insure
0071c2d0 O int_pcb
0072eda0 B interrupt
00726b08 T isalnum
0071c3f0 O istack
00721a50 T itox
000002a2 f jerq.h
00001ea1 f jerq.h
00001e3f f jerq.h
00001eda f jerq.h
00001f97 f jerq.h
00001f5d f jerq.h
000005a6 f jerq.h
00000af9 f jerq.h
000007fe f jerq.h
00001eb5 f jerq.h
00001ec1 f jerq.h
00001e5d f jerq.h
00001e6f f jerq.h
000009fc f jerq.h
00001e2b f jerq.h
0000113c f jerq.h
00001ecd f jerq.h
00001fb3 f jerq.h
00000709 f jerq.h
00001dff f jerq.h
00001f4d f jerq.h
00000182 f jerq.h
00001f21 f jerq.h
00001409 f jerq.h
00000c0d f jerq.h
00001ef6 f jerq.h
00000e19 f jerq.h
00001ee6 f jerq.h
00720448 T jline
0072d5b8 d jmptbl
00721540 T jpex
00729d70 T jstrwidth
00722e58 T kbd
0072a800 T kbdchar
0072a820 T kbdinit
0072b048 D kbdproc
0072da0c B kbdrepeat
0072aa30 T kbdrpt
0072edac B kbdstatus
0072b800 d kbdstr
0071e8c0 T key_int
0071c1e0 O key_pcb
0071d0c0 O keystk
0072b1b0 D kmap
007214d8 T labchk
00721448 T labinit
0072b904 d lasty
0072edb0 B latin1
0072edb4 B latinchar
00727240 T layerop
00001d52 f layerop.c
0072ed30 B lback
00727398 T lbitblt
00001d67 f lbitblt.c
00727508 T lblt
00001d77 f lblt.c
00001ddf f lbox.c
00729f32 t less4
00729f9b t less4clr
00729ffd t less4or
0072eb64 B lfront
00001e7b f line.c
00722d90 T linecurse
007266b8 T lineno
0072b5b0 d lower
00727580 T lpoint
00001d83 f lpoint.c
0072d66c d lr
00727698 T lrectf
00001d93 f lrectf.c
00727708 T lsegment
00001da3 f lsegment.c
0072b910 d ltbrack
00727798 T ltexture
00001db3 f ltexture.c
00727050 T mRlayerop
0071f388 T main
0071c3a0 O main_pcb
0071d700 O mainstk
000008dd f map.h
00721390 T mapchar
0072aa58 T mappair
00729f3d t mask2ok
0072a008 t mask2or
00001ea9 f masks.c
00726860 T matchit
00720540 T max
0072d8d8 D maxaddr
0072b06c D menufn
00724df8 T menuhit
0072b04c D menutext
00722e10 T mesg
00720520 T min
00729f13 t more4
0071e8a2 t mous_chk
0072d9f8 B mouse
00726d68 T movstring
0072b794 d mrfont
00729fa6 t msk2clr
0071e8b8 t msvid_exit
0071e880 T msvid_int
0071c230 O msvid_pcb
0071d250 O msvidstk
00727c58 T mul
007203a8 T muxkill
007203d8 T muxmesg
007202a8 T muxnewwind
00720360 T muxsendchar
007203f8 T muxublk
0072a760 T nap
00723248 T nback
0072b900 d nc
0072b178 d ncmd
0000191e f newframe.c
007277d0 T newlayer
00001dbf f newlayer.c
007215a8 T newproc
0072a340 T newquad
0071fff8 T newwindow
0072b96c d nextcase
0072b1a0 d nextlong
00725970 T nexttab
0072b798 d nlist
0072b610 D normalmsg
007232d8 T notin
00729ec6 t notnarrow
0072eda4 B old
007244d0 T oldlinepos
0072d538 d ones
00725c28 T opclear
00726588 T opcpl
00725b38 T opdraw
00725cc8 T opnull
00725bd0 T oprectf
00726828 T order
00721f40 T ostring
0071e8f8 T out_int
0071c140 O out_pcb
00720478 T outline
0071cda0 O outstk
00723a90 T paste
0072da08 B patch
0072da04 B patchedspot
0072ecb8 B pbufp
00000016 f pcbs.c
00001151 f pcheck.c
0072af74 D pconfig
0072da10 B pconvs
0072ec24 B pconvsend
0072b028 D pexchex
0072eb50 B pextab
0071ea28 T pfkey
007245e0 T pinit
000011a7 f pinit.c
0071e908 T pioh_int
0071c190 O pioh_pcb
0071cf30 O piohstk
0071e918 T piol_int
0071c280 O piol_pcb
0071d3e0 O piolstk
00723df0 T pixtoclix
0072b5b8 d plabtab
007246b8 T precv
0000121b f precv.c
0072ec30 B precvpkt
0071c050 O proc_pcb
0071c8f0 O procstk
00730bc4 O proctab
00724bb8 T psend
0000127a f psend.c
0072ec28 B pseqtable
0071ea28 T pt
00724ce0 T ptimeout
000012d3 f ptimeout.c
00729be0 T ptinrect
00726338 T ptofchar
00001a95 f ptofchar.c
007227c8 T putname
0072ac78 T qclear
0072abf0 T qgetc
0072aab0 T qinit
0072acd8 T qpeekc
0072ab00 T qputc
0072abb8 T qputstr
00001fd3 f queue.c
0072d9b8 B queues
0072b1a4 d r
0072b0b8 d r
00725cd8 T rXOR
00727cf0 T raddp
0072b7a8 d raw
00722b40 T rcv
0072a128 T rcvchar
0071ea80 T realalloc
00727da8 T realballoc
007210f8 T realgcalloc
0071e928 T realtime
00720ac8 T reboot
0072eb68 B rebootflag
00729c10 T rectXrect
00729c40 T rectclip
00729cb0 T rectf
00720ae0 T recvchars
0072a010 t rest_or
00721638 T restart
00729fae t restclr
00729ed1 t restcode
00729f45 t restloop
0071e938 T resume
0071e940 T retps
0071ea28 T ringbell
0072eda8 B rptcount
00727c90 T rsubp
0072b918 d rtbrack
0072b920 d same
00729ce8 T screenswap
007235a8 T scrlb
007234d8 T scrlf
0072eb6c B scrltimeout
007243b0 T scroll
00724238 T scrollbar
00723d10 T scrollclip
00726660 T scrollcpl
00723d40 T scrollmark
0072b82c d scrollstrs
0072d9f4 B second
00729850 T segment
00001bd5 f select.c
00725c70 T selectf
00723b00 T send
0072a1e8 T sendbreak
0072eb60 B sendbusy
0072a158 T sendchar
00720f00 T sendcmd
007200e0 T sendnchars
00723cc0 T sendoldtext
007201c8 T sendpkt
00723c40 T sendsubstr
00720128 T sendwithdelim
00720950 T setborder
0072ad78 T setbram
00721488 T setbuflab
007264f0 T setcpl
0071ef70 T setdata
00722b18 T setmuxbuf
007213f0 T setproclab
00723f30 T setscroll
00726310 T setsel
00001fdb f setup.c
00001ff4 f setup.h
00727ad8 T setvis
00001def f setvis.c
0072a4a0 t setxy
00720e18 T shellproc
0071f048 T shutdown
0071f2d8 T sleep
007239b0 T snarf
0072b5bc d snarflab
0071e948 T spl0
0071e958 T spl1
0071e958 T spl4
0071e968 T spl5
0071e968 T spl6
0071e968 T spl7
0071e978 T splx
007272f0 t srcop
0072a066 t st4less
0071c0a0 O stack_pcb
0071ca80 O stackstk
007264b8 T startline
0072d648 D stdcurtab
0072a071 t sto2ok
0072a07c t stoloop
0072a047 t store4
0072ae98 T strcat
00002018 f strcat.c
0072aed8 T strcmp
00002024 f strcmp.c
0072af10 T strcpy
00002030 f strcpy.c
0072cba0 d strike
00722090 T string
00001d21 f string.c
0072af40 T strlen
0000203c f strlen.c
0071d570 O strstk
00729d90 T strwidth
00726c60 T strzero
0071c4f0 O ststk
00727b80 T sub
007216a8 T sw
00721730 T swinit
007216d8 T switcher
0072ebb4 B swpcbp
0072eb74 B swstk
0072b8f8 d table
00724dd8 t tablegen
00720688 T tborder
0072af6c d temp
0071ea28 T test32
00729dd8 T texture
00729e28 T texture32
0072d9f6 B ticks
0072d9b0 B ticks0
007205b0 T tolayer
0072d430 D topbits
007217a0 T trap
0072b600 D trapmsg
0072b5f8 D trusted
0072a250 T tstdcd
0072d9e0 B ublocked
0072d668 d ud
0072a430 t update
00727930 T upfront
00001dcf f upfront.c
0072ed40 B usercurtab
0072af70 D usermouse
0072d8e8 D val_baud
0072d914 D val_duplex
0072d92c D val_indx
0072d91c D val_keytone
0072d944 D val_maxes
0072d90c D val_newline
0072d900 D val_retkey
0072d924 D val_screencolor
007237c8 T wbuttons
0072b098 d which
0071ffd0 T whichbutton
00720560 T whichlayer
0071ff78 T whichproc
0072b08c D windowmenu
00722830 T windowproc
0072b908 d wrapped
0072d428 d x0
0072ed7c B xdata
0072d42c d y0
0072ed84 B ydata
0072b7a0 d zerostr
00721050 T zombexec
00720fa8 T zombsw
