This is TeX, C Version 3.0
(man.tex
LaTeX Version 2.09 <7 Dec 1989>
(/usr/lib/tex/macros/report.sty
Document Style `report' <13 Nov 89>.
(/usr/lib/tex/macros/rep10.sty) (/usr/lib/tex/macros/titlepage.sty)) (man.aux
(intro.aux) (lex.aux) (gram2.aux) (eval.aux) (type.aux) (direct.aux)
(standard.aux) (derived.aux) (equality.aux) (exceptions.aux) (reference.aux)
(reftype.aux) (module.aux) (gram.aux) (library.aux) (compat.aux)) [0] [0]
(intro.tex
Chapter 1.
) [1] (lex.tex
Chapter 2.
[2] [3]) [4] (gram2.tex
Underfull \hbox (badness 10000) in paragraph at lines 2--2


Underfull \hbox (badness 10000) in paragraph at lines 2--2

[5]) (eval.tex
Chapter 3.

Underfull \vbox (badness 10000) has occurred while \output is active [6]
[7]
Overfull \hbox (3.95251pt too wide) in paragraph at lines 141--146
[] []\tenrm if $\tenmi v \tenrm = \tensy f[][] \tenrm = \tenmi v[]; :::; [][] \
tenrm =
[8]
Overfull \hbox (1.81725pt too wide) in paragraph at lines 180--183
[] []\tenrm the $[][]$ are eval-u-ated in se-quence,
[9] [10] [11]) [12] (type.tex
Chapter 4.
) [13] (direct.tex
Chapter 5.
)
Overfull \hbox (6.88951pt too wide) in paragraph at lines 28--37
[]\tenrm Several stan-dard func-tions and con-struc-tors have in-fix sta-tus (s
ee Ap-pendix A[])
[14] (standard.tex
Chapter 6.
[15]
Overfull \hbox (54.54391pt too wide) in paragraph at lines 53--56
\tenrm sey, e.g. []\tentt input: instream->int->string \tenrm in-stead of []\te
ntt input: instream*int->string\tenrm . 
) [16] (derived.tex
Chapter 7.

Overfull \hbox (60.02307pt too wide) in paragraph at lines 7--19
\tenrm pres-sion verb"1="$\tenmi exp[]$[]\tentt ,2=$\tenmi exp[]$[]\tentt , $[]
$ [],$\tenmi n$[]\tentt =$\tenmi exp[]$[]\tentt }\tenrm , and the $\tenmi n$\te
nrm -tuple pat-tern []\tentt ($\tenmi pat[]$[]\tentt ,$\tenmi pat[]$[]\tentt , 
$[]$ [],$\tenmi pat[]$[]\tentt )
[17]
Overfull \hbox (94.71959pt too wide) in paragraph at lines 54--63
[]\tenrm The ex-pres-sion []\tentt [$\tenmi exp[]$[]\tentt ,$\tenmi exp[]$[]\te
ntt ,$[]$[],$\tenmi exp[]$[]\tentt ] \tenrm is an ab-bre-vi-a-tion for the list
 $\tenmi exp[]$[]\tentt ::$\tenmi exp[]$[]\tentt ::$[]$[]::$\tenmi exp[]$[]\ten
tt ::nil\tenrm ,

Underfull \vbox (badness 10000) has occurred while \output is active [18]
Underfull \vbox (badness 10000) has occurred while \output is active [19])
Overfull \hbox (22.71361pt too wide) in paragraph at lines 175--39
[][]
[20] (equality.tex
Chapter 8.

Underfull \hbox (badness 2790) detected at line 21
 \tenbf Record types

Underfull \hbox (badness 10000) detected at line 23
 \tenbf Datatypes
) [21] (exceptions.tex
Chapter 9.
[22] [23] [24]) [25] (reference.tex
Chapter 10.
[26]
Overfull \hbox (1.32092pt too wide) in paragraph at lines 46--50
[] []\tenrm The ex-pres-sion $([][]\tenmi ; [][]\tenrm )$ is eval-u-ated in $\t
enmi S$\tenrm , yield-
) [27] (reftype.tex
Chapter 11.
[28]) [29] (module.tex
Chapter 12.
[30] [31] [32]
LaTeX Warning: Reference `sharing' on page 33 undefined.
[33]
Overfull \hbox (2.36035pt too wide) in paragraph at lines 221--231
[]\tentt type \tenrm con-struc-tor and not as a []\tentt datatype \tenrm con-st
ruc-tor, the iden-ti-fier []\tentt Stack1.stack
) [34] (gram.tex
Appendix A.
[35] [36]) [37] (library.tex
Appendix B.
[38] [39] [40]
Overfull \hbox (1.49698pt too wide) in paragraph at lines 157--157
[]   \tentt fun update(a,i,z) = nth(a,i) := z handle Nth => raise Subscript[] 
[41] [42]
Overfull \hbox (27.74675pt too wide) in paragraph at lines 281--281
[]    \tentt val exportFn : string * (string list * string list -> unit) -> uni
t[] 
[43]
Overfull \hbox (24.5273pt too wide) in paragraph at lines 292--300
[]\tenrm The func-tion []\tentt flush_out \tenrm en-sures that the con-sumer as
-so-ci-ated with an []\tentt out_stream

Overfull \hbox (24.4341pt too wide) in paragraph at lines 337--345
\tenrm that wrote the file. For ex-am-ple, the com-mand []\tentt (exportML "foo
"; print "Hello");
[44] [45] [46] [47] [48] [49] [50]) [51] (compat.tex
Appendix C.
) [52] (man.aux (intro.aux) (lex.aux) (gram2.aux) (eval.aux) (type.aux)
(direct.aux) (standard.aux) (derived.aux) (equality.aux) (exceptions.aux)
(reference.aux) (reftype.aux) (module.aux) (gram.aux) (library.aux)
(compat.aux)) )
(\end occurred inside a group at level 2)
(see the transcript file for additional information)
Output written on man.dvi (54 pages, 117788 bytes).
Transcript written on man.log.
