touch externs.h
/bin/cc -O -c assorted.c
/bin/cc -O -c boarders.c
/bin/cc -O -c game.c
/bin/cc -O -c parties.c
/bin/cc -O -c screen.c
/usr/include/sys/param.h: 105: BUFSIZE redefined
/bin/cc -O -c main.c
/bin/cc -O -c globals.c
/bin/cc -O -c version.c
touch player.h
/bin/cc -O -c player1.c
./machdep.h: 11: BUFSIZE redefined
/bin/cc -O -c player2.c
./machdep.h: 11: BUFSIZE redefined
/bin/cc -O assorted.o boarders.o game.o parties.o screen.o main.o globals.o version.o player1.o player2.o -lcurses -ltermlib -ljobs -o sail
/bin/cc -O -c driver1.c
/usr/include/sys/param.h: 105: BUFSIZE redefined
/bin/cc -O -c driver2.c
/bin/cc -O -c driver3.c
/bin/cc -O -c grap.c
/bin/cc -O assorted.o boarders.o game.o parties.o screen.o main.o globals.o driver1.o driver2.o driver3.o grap.o -ljobs -o driver
/bin/cc -O -c sail.log.c
/bin/cc -O sail.log.o globals.o -o sail.log
/bin/cc -O -c info.c
/bin/cc -O info.o globals.o -o info
