lcc -c Version.c
Version.c:1: warning: static `junk' is not referenced
lcc -c main.c
ld -r -x main.o
mv a.out main.o
main.c:49: warning: parameter `n' is not referenced
main.c:56: warning: parameter `n' is not referenced
main.c:62: warning: parameter `n' is not referenced
main.c:69: warning: parameter `n' is not referenced
main.c:76: warning: parameter `n' is not referenced
lcc -c s_rnge.c
ld -r -x s_rnge.o
mv a.out s_rnge.o
lcc -c abort_.c
ld -r -x abort_.o
mv a.out abort_.o
lcc -c getarg_.c
ld -r -x getarg_.o
mv a.out getarg_.o
lcc -c iargc_.c
ld -r -x iargc_.o
mv a.out iargc_.o
lcc -c getenv_.c
ld -r -x getenv_.o
mv a.out getenv_.o
lcc -c signal_.c
ld -r -x signal_.o
mv a.out signal_.o
lcc -c s_stop.c
ld -r -x s_stop.o
mv a.out s_stop.o
lcc -c s_paus.c
ld -r -x s_paus.o
mv a.out s_paus.o
lcc -c system_.c
ld -r -x system_.o
mv a.out system_.o
lcc -c cabs.c
ld -r -x cabs.o
mv a.out cabs.o
lcc -c derf_.c
ld -r -x derf_.o
mv a.out derf_.o
lcc -c derfc_.c
ld -r -x derfc_.o
mv a.out derfc_.o
lcc -c erf_.c
ld -r -x erf_.o
mv a.out erf_.o
lcc -c erfc_.c
ld -r -x erfc_.o
mv a.out erfc_.o
lcc -c pow_ci.c
ld -r -x pow_ci.o
mv a.out pow_ci.o
lcc -c pow_dd.c
ld -r -x pow_dd.o
mv a.out pow_dd.o
lcc -c pow_di.c
ld -r -x pow_di.o
mv a.out pow_di.o
lcc -c pow_hh.c
ld -r -x pow_hh.o
mv a.out pow_hh.o
lcc -c pow_ii.c
ld -r -x pow_ii.o
mv a.out pow_ii.o
lcc -c pow_ri.c
ld -r -x pow_ri.o
mv a.out pow_ri.o
lcc -c pow_zi.c
ld -r -x pow_zi.o
mv a.out pow_zi.o
lcc -c pow_zz.c
ld -r -x pow_zz.o
mv a.out pow_zz.o
lcc -c c_abs.c
ld -r -x c_abs.o
mv a.out c_abs.o
lcc -c c_cos.c
ld -r -x c_cos.o
mv a.out c_cos.o
lcc -c c_div.c
ld -r -x c_div.o
mv a.out c_div.o
lcc -c c_exp.c
ld -r -x c_exp.o
mv a.out c_exp.o
lcc -c c_log.c
ld -r -x c_log.o
mv a.out c_log.o
lcc -c c_sin.c
ld -r -x c_sin.o
mv a.out c_sin.o
lcc -c c_sqrt.c
ld -r -x c_sqrt.o
mv a.out c_sqrt.o
lcc -c z_abs.c
ld -r -x z_abs.o
mv a.out z_abs.o
lcc -c z_cos.c
ld -r -x z_cos.o
mv a.out z_cos.o
lcc -c z_div.c
ld -r -x z_div.o
mv a.out z_div.o
lcc -c z_exp.c
ld -r -x z_exp.o
mv a.out z_exp.o
lcc -c z_log.c
ld -r -x z_log.o
mv a.out z_log.o
lcc -c z_sin.c
ld -r -x z_sin.o
mv a.out z_sin.o
lcc -c z_sqrt.c
ld -r -x z_sqrt.o
mv a.out z_sqrt.o
lcc -c r_abs.c
ld -r -x r_abs.o
mv a.out r_abs.o
lcc -c r_acos.c
ld -r -x r_acos.o
mv a.out r_acos.o
lcc -c r_asin.c
ld -r -x r_asin.o
mv a.out r_asin.o
lcc -c r_atan.c
ld -r -x r_atan.o
mv a.out r_atan.o
lcc -c r_atn2.c
ld -r -x r_atn2.o
mv a.out r_atn2.o
lcc -c r_cnjg.c
ld -r -x r_cnjg.o
mv a.out r_cnjg.o
lcc -c r_cos.c
ld -r -x r_cos.o
mv a.out r_cos.o
lcc -c r_cosh.c
ld -r -x r_cosh.o
mv a.out r_cosh.o
lcc -c r_dim.c
ld -r -x r_dim.o
mv a.out r_dim.o
lcc -c r_exp.c
ld -r -x r_exp.o
mv a.out r_exp.o
lcc -c r_imag.c
ld -r -x r_imag.o
mv a.out r_imag.o
lcc -c r_int.c
ld -r -x r_int.o
mv a.out r_int.o
lcc -c r_lg10.c
ld -r -x r_lg10.o
mv a.out r_lg10.o
lcc -c r_log.c
ld -r -x r_log.o
mv a.out r_log.o
lcc -c r_mod.c
ld -r -x r_mod.o
mv a.out r_mod.o
lcc -c r_nint.c
ld -r -x r_nint.o
mv a.out r_nint.o
lcc -c r_sign.c
ld -r -x r_sign.o
mv a.out r_sign.o
lcc -c r_sin.c
ld -r -x r_sin.o
mv a.out r_sin.o
lcc -c r_sinh.c
ld -r -x r_sinh.o
mv a.out r_sinh.o
lcc -c r_sqrt.c
ld -r -x r_sqrt.o
mv a.out r_sqrt.o
lcc -c r_tan.c
ld -r -x r_tan.o
mv a.out r_tan.o
lcc -c r_tanh.c
ld -r -x r_tanh.o
mv a.out r_tanh.o
lcc -c d_abs.c
ld -r -x d_abs.o
mv a.out d_abs.o
lcc -c d_acos.c
ld -r -x d_acos.o
mv a.out d_acos.o
lcc -c d_asin.c
ld -r -x d_asin.o
mv a.out d_asin.o
lcc -c d_atan.c
ld -r -x d_atan.o
mv a.out d_atan.o
lcc -c d_atn2.c
ld -r -x d_atn2.o
mv a.out d_atn2.o
lcc -c d_cnjg.c
ld -r -x d_cnjg.o
mv a.out d_cnjg.o
lcc -c d_cos.c
ld -r -x d_cos.o
mv a.out d_cos.o
lcc -c d_cosh.c
ld -r -x d_cosh.o
mv a.out d_cosh.o
lcc -c d_dim.c
ld -r -x d_dim.o
mv a.out d_dim.o
lcc -c d_exp.c
ld -r -x d_exp.o
mv a.out d_exp.o
lcc -c d_imag.c
ld -r -x d_imag.o
mv a.out d_imag.o
lcc -c d_int.c
ld -r -x d_int.o
mv a.out d_int.o
lcc -c d_lg10.c
ld -r -x d_lg10.o
mv a.out d_lg10.o
lcc -c d_log.c
ld -r -x d_log.o
mv a.out d_log.o
lcc -c d_mod.c
ld -r -x d_mod.o
mv a.out d_mod.o
lcc -c d_nint.c
ld -r -x d_nint.o
mv a.out d_nint.o
lcc -c d_prod.c
ld -r -x d_prod.o
mv a.out d_prod.o
lcc -c d_sign.c
ld -r -x d_sign.o
mv a.out d_sign.o
lcc -c d_sin.c
ld -r -x d_sin.o
mv a.out d_sin.o
lcc -c d_sinh.c
ld -r -x d_sinh.o
mv a.out d_sinh.o
lcc -c d_sqrt.c
ld -r -x d_sqrt.o
mv a.out d_sqrt.o
lcc -c d_tan.c
ld -r -x d_tan.o
mv a.out d_tan.o
lcc -c d_tanh.c
ld -r -x d_tanh.o
mv a.out d_tanh.o
lcc -c i_abs.c
ld -r -x i_abs.o
mv a.out i_abs.o
lcc -c i_dim.c
ld -r -x i_dim.o
mv a.out i_dim.o
lcc -c i_dnnt.c
ld -r -x i_dnnt.o
mv a.out i_dnnt.o
lcc -c i_indx.c
ld -r -x i_indx.o
mv a.out i_indx.o
lcc -c i_len.c
ld -r -x i_len.o
mv a.out i_len.o
i_len.c:4: warning: parameter `s' is not referenced
lcc -c i_mod.c
ld -r -x i_mod.o
mv a.out i_mod.o
lcc -c i_nint.c
ld -r -x i_nint.o
mv a.out i_nint.o
lcc -c i_sign.c
ld -r -x i_sign.o
mv a.out i_sign.o
lcc -c h_abs.c
ld -r -x h_abs.o
mv a.out h_abs.o
lcc -c h_dim.c
ld -r -x h_dim.o
mv a.out h_dim.o
lcc -c h_dnnt.c
ld -r -x h_dnnt.o
mv a.out h_dnnt.o
lcc -c h_indx.c
ld -r -x h_indx.o
mv a.out h_indx.o
lcc -c h_len.c
ld -r -x h_len.o
mv a.out h_len.o
h_len.c:6: warning: parameter `s' is not referenced
lcc -c h_mod.c
ld -r -x h_mod.o
mv a.out h_mod.o
lcc -c h_nint.c
ld -r -x h_nint.o
mv a.out h_nint.o
lcc -c h_sign.c
ld -r -x h_sign.o
mv a.out h_sign.o
lcc -c l_ge.c
ld -r -x l_ge.o
mv a.out l_ge.o
lcc -c l_gt.c
ld -r -x l_gt.o
mv a.out l_gt.o
lcc -c l_le.c
ld -r -x l_le.o
mv a.out l_le.o
lcc -c l_lt.c
ld -r -x l_lt.o
mv a.out l_lt.o
lcc -c hl_ge.c
ld -r -x hl_ge.o
mv a.out hl_ge.o
lcc -c hl_gt.c
ld -r -x hl_gt.o
mv a.out hl_gt.o
lcc -c hl_le.c
ld -r -x hl_le.o
mv a.out hl_le.o
lcc -c hl_lt.c
ld -r -x hl_lt.o
mv a.out hl_lt.o
lcc -c ef1asc_.c
ld -r -x ef1asc_.o
mv a.out ef1asc_.o
lcc -c ef1cmc_.c
ld -r -x ef1cmc_.o
mv a.out ef1cmc_.o
lcc -c s_cat.c
ld -r -x s_cat.o
mv a.out s_cat.o
lcc -c s_cmp.c
ld -r -x s_cmp.o
mv a.out s_cmp.o
lcc -c s_copy.c
ld -r -x s_copy.o
mv a.out s_copy.o
ar r libF77.a Version.o main.o s_rnge.o abort_.o getarg_.o iargc_.o getenv_.o signal_.o s_stop.o s_paus.o system_.o cabs.o derf_.o derfc_.o erf_.o erfc_.o pow_ci.o pow_dd.o pow_di.o pow_hh.o pow_ii.o pow_ri.o pow_zi.o pow_zz.o c_abs.o c_cos.o c_div.o c_exp.o c_log.o c_sin.o c_sqrt.o z_abs.o z_cos.o z_div.o z_exp.o z_log.o z_sin.o z_sqrt.o r_abs.o r_acos.o r_asin.o r_atan.o r_atn2.o r_cnjg.o r_cos.o r_cosh.o r_dim.o r_exp.o r_imag.o r_int.o r_lg10.o r_log.o r_mod.o r_nint.o r_sign.o r_sin.o r_sinh.o r_sqrt.o r_tan.o r_tanh.o d_abs.o d_acos.o d_asin.o d_atan.o d_atn2.o d_cnjg.o d_cos.o d_cosh.o d_dim.o d_exp.o d_imag.o d_int.o d_lg10.o d_log.o d_mod.o d_nint.o d_prod.o d_sign.o d_sin.o d_sinh.o d_sqrt.o d_tan.o d_tanh.o i_abs.o i_dim.o i_dnnt.o i_indx.o i_len.o i_mod.o i_nint.o i_sign.o h_abs.o h_dim.o h_dnnt.o h_indx.o h_len.o h_mod.o h_nint.o h_sign.o l_ge.o l_gt.o l_le.o l_lt.o hl_ge.o hl_gt.o hl_le.o hl_lt.o ef1asc_.o ef1cmc_.o s_cat.o s_cmp.o s_copy.o
ranlib libF77.a
ar: creating libF77.a
lcc -c Version.c
lcc -c -DSkip_f2c_Undefs main.c
ld -r -x main.o
mv a.out main.o
lcc -c -DSkip_f2c_Undefs s_rnge.c
ld -r -x s_rnge.o
mv a.out s_rnge.o
lcc -c -DSkip_f2c_Undefs abort_.c
ld -r -x abort_.o
mv a.out abort_.o
lcc -c -DSkip_f2c_Undefs getarg_.c
ld -r -x getarg_.o
mv a.out getarg_.o
lcc -c -DSkip_f2c_Undefs iargc_.c
ld -r -x iargc_.o
mv a.out iargc_.o
lcc -c -DSkip_f2c_Undefs getenv_.c
ld -r -x getenv_.o
mv a.out getenv_.o
lcc -c -DSkip_f2c_Undefs signal_.c
ld -r -x signal_.o
mv a.out signal_.o
lcc -c -DSkip_f2c_Undefs s_stop.c
ld -r -x s_stop.o
mv a.out s_stop.o
lcc -c -DSkip_f2c_Undefs s_paus.c
ld -r -x s_paus.o
mv a.out s_paus.o
lcc -c -DSkip_f2c_Undefs system_.c
ld -r -x system_.o
mv a.out system_.o
lcc -c -DSkip_f2c_Undefs cabs.c
ld -r -x cabs.o
mv a.out cabs.o
lcc -c -DSkip_f2c_Undefs derf_.c
ld -r -x derf_.o
mv a.out derf_.o
lcc -c -DSkip_f2c_Undefs derfc_.c
ld -r -x derfc_.o
mv a.out derfc_.o
lcc -c -DSkip_f2c_Undefs erf_.c
ld -r -x erf_.o
mv a.out erf_.o
lcc -c -DSkip_f2c_Undefs erfc_.c
ld -r -x erfc_.o
mv a.out erfc_.o
lcc -c -DSkip_f2c_Undefs sig_die.c
ld -r -x sig_die.o
mv a.out sig_die.o
lcc -c -DSkip_f2c_Undefs pow_ci.c
ld -r -x pow_ci.o
mv a.out pow_ci.o
lcc -c -DSkip_f2c_Undefs pow_dd.c
ld -r -x pow_dd.o
mv a.out pow_dd.o
lcc -c -DSkip_f2c_Undefs pow_di.c
ld -r -x pow_di.o
mv a.out pow_di.o
lcc -c -DSkip_f2c_Undefs pow_hh.c
ld -r -x pow_hh.o
mv a.out pow_hh.o
lcc -c -DSkip_f2c_Undefs pow_ii.c
ld -r -x pow_ii.o
mv a.out pow_ii.o
lcc -c -DSkip_f2c_Undefs pow_ri.c
ld -r -x pow_ri.o
mv a.out pow_ri.o
lcc -c -DSkip_f2c_Undefs pow_zi.c
ld -r -x pow_zi.o
mv a.out pow_zi.o
lcc -c -DSkip_f2c_Undefs pow_zz.c
ld -r -x pow_zz.o
mv a.out pow_zz.o
lcc -c -DSkip_f2c_Undefs c_abs.c
ld -r -x c_abs.o
mv a.out c_abs.o
lcc -c -DSkip_f2c_Undefs c_cos.c
ld -r -x c_cos.o
mv a.out c_cos.o
lcc -c -DSkip_f2c_Undefs c_div.c
ld -r -x c_div.o
mv a.out c_div.o
lcc -c -DSkip_f2c_Undefs c_exp.c
ld -r -x c_exp.o
mv a.out c_exp.o
lcc -c -DSkip_f2c_Undefs c_log.c
ld -r -x c_log.o
mv a.out c_log.o
lcc -c -DSkip_f2c_Undefs c_sin.c
ld -r -x c_sin.o
mv a.out c_sin.o
lcc -c -DSkip_f2c_Undefs c_sqrt.c
ld -r -x c_sqrt.o
mv a.out c_sqrt.o
lcc -c -DSkip_f2c_Undefs z_abs.c
ld -r -x z_abs.o
mv a.out z_abs.o
lcc -c -DSkip_f2c_Undefs z_cos.c
ld -r -x z_cos.o
mv a.out z_cos.o
lcc -c -DSkip_f2c_Undefs z_div.c
ld -r -x z_div.o
mv a.out z_div.o
lcc -c -DSkip_f2c_Undefs z_exp.c
ld -r -x z_exp.o
mv a.out z_exp.o
lcc -c -DSkip_f2c_Undefs z_log.c
ld -r -x z_log.o
mv a.out z_log.o
lcc -c -DSkip_f2c_Undefs z_sin.c
ld -r -x z_sin.o
mv a.out z_sin.o
lcc -c -DSkip_f2c_Undefs z_sqrt.c
ld -r -x z_sqrt.o
mv a.out z_sqrt.o
lcc -c -DSkip_f2c_Undefs r_abs.c
ld -r -x r_abs.o
mv a.out r_abs.o
lcc -c -DSkip_f2c_Undefs r_acos.c
ld -r -x r_acos.o
mv a.out r_acos.o
lcc -c -DSkip_f2c_Undefs r_asin.c
ld -r -x r_asin.o
mv a.out r_asin.o
lcc -c -DSkip_f2c_Undefs r_atan.c
ld -r -x r_atan.o
mv a.out r_atan.o
lcc -c -DSkip_f2c_Undefs r_atn2.c
ld -r -x r_atn2.o
mv a.out r_atn2.o
lcc -c -DSkip_f2c_Undefs r_cnjg.c
ld -r -x r_cnjg.o
mv a.out r_cnjg.o
lcc -c -DSkip_f2c_Undefs r_cos.c
ld -r -x r_cos.o
mv a.out r_cos.o
lcc -c -DSkip_f2c_Undefs r_cosh.c
ld -r -x r_cosh.o
mv a.out r_cosh.o
lcc -c -DSkip_f2c_Undefs r_dim.c
ld -r -x r_dim.o
mv a.out r_dim.o
lcc -c -DSkip_f2c_Undefs r_exp.c
ld -r -x r_exp.o
mv a.out r_exp.o
lcc -c -DSkip_f2c_Undefs r_imag.c
ld -r -x r_imag.o
mv a.out r_imag.o
lcc -c -DSkip_f2c_Undefs r_int.c
ld -r -x r_int.o
mv a.out r_int.o
lcc -c -DSkip_f2c_Undefs r_lg10.c
ld -r -x r_lg10.o
mv a.out r_lg10.o
lcc -c -DSkip_f2c_Undefs r_log.c
ld -r -x r_log.o
mv a.out r_log.o
lcc -c -DSkip_f2c_Undefs r_mod.c
ld -r -x r_mod.o
mv a.out r_mod.o
lcc -c -DSkip_f2c_Undefs r_nint.c
ld -r -x r_nint.o
mv a.out r_nint.o
lcc -c -DSkip_f2c_Undefs r_sign.c
ld -r -x r_sign.o
mv a.out r_sign.o
lcc -c -DSkip_f2c_Undefs r_sin.c
ld -r -x r_sin.o
mv a.out r_sin.o
lcc -c -DSkip_f2c_Undefs r_sinh.c
ld -r -x r_sinh.o
mv a.out r_sinh.o
lcc -c -DSkip_f2c_Undefs r_sqrt.c
ld -r -x r_sqrt.o
mv a.out r_sqrt.o
lcc -c -DSkip_f2c_Undefs r_tan.c
ld -r -x r_tan.o
mv a.out r_tan.o
lcc -c -DSkip_f2c_Undefs r_tanh.c
ld -r -x r_tanh.o
mv a.out r_tanh.o
lcc -c -DSkip_f2c_Undefs d_abs.c
ld -r -x d_abs.o
mv a.out d_abs.o
lcc -c -DSkip_f2c_Undefs d_acos.c
ld -r -x d_acos.o
mv a.out d_acos.o
lcc -c -DSkip_f2c_Undefs d_asin.c
ld -r -x d_asin.o
mv a.out d_asin.o
lcc -c -DSkip_f2c_Undefs d_atan.c
ld -r -x d_atan.o
mv a.out d_atan.o
lcc -c -DSkip_f2c_Undefs d_atn2.c
ld -r -x d_atn2.o
mv a.out d_atn2.o
lcc -c -DSkip_f2c_Undefs d_cnjg.c
ld -r -x d_cnjg.o
mv a.out d_cnjg.o
lcc -c -DSkip_f2c_Undefs d_cos.c
ld -r -x d_cos.o
mv a.out d_cos.o
lcc -c -DSkip_f2c_Undefs d_cosh.c
ld -r -x d_cosh.o
mv a.out d_cosh.o
lcc -c -DSkip_f2c_Undefs d_dim.c
ld -r -x d_dim.o
mv a.out d_dim.o
lcc -c -DSkip_f2c_Undefs d_exp.c
ld -r -x d_exp.o
mv a.out d_exp.o
lcc -c -DSkip_f2c_Undefs d_imag.c
ld -r -x d_imag.o
mv a.out d_imag.o
lcc -c -DSkip_f2c_Undefs d_int.c
ld -r -x d_int.o
mv a.out d_int.o
lcc -c -DSkip_f2c_Undefs d_lg10.c
ld -r -x d_lg10.o
mv a.out d_lg10.o
lcc -c -DSkip_f2c_Undefs d_log.c
ld -r -x d_log.o
mv a.out d_log.o
lcc -c -DSkip_f2c_Undefs d_mod.c
ld -r -x d_mod.o
mv a.out d_mod.o
lcc -c -DSkip_f2c_Undefs d_nint.c
ld -r -x d_nint.o
mv a.out d_nint.o
lcc -c -DSkip_f2c_Undefs d_prod.c
ld -r -x d_prod.o
mv a.out d_prod.o
lcc -c -DSkip_f2c_Undefs d_sign.c
ld -r -x d_sign.o
mv a.out d_sign.o
lcc -c -DSkip_f2c_Undefs d_sin.c
ld -r -x d_sin.o
mv a.out d_sin.o
lcc -c -DSkip_f2c_Undefs d_sinh.c
ld -r -x d_sinh.o
mv a.out d_sinh.o
lcc -c -DSkip_f2c_Undefs d_sqrt.c
ld -r -x d_sqrt.o
mv a.out d_sqrt.o
lcc -c -DSkip_f2c_Undefs d_tan.c
ld -r -x d_tan.o
mv a.out d_tan.o
lcc -c -DSkip_f2c_Undefs d_tanh.c
ld -r -x d_tanh.o
mv a.out d_tanh.o
lcc -c -DSkip_f2c_Undefs i_abs.c
ld -r -x i_abs.o
mv a.out i_abs.o
lcc -c -DSkip_f2c_Undefs i_dim.c
ld -r -x i_dim.o
mv a.out i_dim.o
lcc -c -DSkip_f2c_Undefs i_dnnt.c
ld -r -x i_dnnt.o
mv a.out i_dnnt.o
lcc -c -DSkip_f2c_Undefs i_indx.c
ld -r -x i_indx.o
mv a.out i_indx.o
lcc -c -DSkip_f2c_Undefs i_len.c
ld -r -x i_len.o
mv a.out i_len.o
lcc -c -DSkip_f2c_Undefs i_mod.c
ld -r -x i_mod.o
mv a.out i_mod.o
lcc -c -DSkip_f2c_Undefs i_nint.c
ld -r -x i_nint.o
mv a.out i_nint.o
lcc -c -DSkip_f2c_Undefs i_sign.c
ld -r -x i_sign.o
mv a.out i_sign.o
lcc -c -DSkip_f2c_Undefs h_abs.c
ld -r -x h_abs.o
mv a.out h_abs.o
lcc -c -DSkip_f2c_Undefs h_dim.c
ld -r -x h_dim.o
mv a.out h_dim.o
lcc -c -DSkip_f2c_Undefs h_dnnt.c
ld -r -x h_dnnt.o
mv a.out h_dnnt.o
lcc -c -DSkip_f2c_Undefs h_indx.c
ld -r -x h_indx.o
mv a.out h_indx.o
lcc -c -DSkip_f2c_Undefs h_len.c
ld -r -x h_len.o
mv a.out h_len.o
lcc -c -DSkip_f2c_Undefs h_mod.c
ld -r -x h_mod.o
mv a.out h_mod.o
lcc -c -DSkip_f2c_Undefs h_nint.c
ld -r -x h_nint.o
mv a.out h_nint.o
lcc -c -DSkip_f2c_Undefs h_sign.c
ld -r -x h_sign.o
mv a.out h_sign.o
lcc -c -DSkip_f2c_Undefs l_ge.c
ld -r -x l_ge.o
mv a.out l_ge.o
lcc -c -DSkip_f2c_Undefs l_gt.c
ld -r -x l_gt.o
mv a.out l_gt.o
lcc -c -DSkip_f2c_Undefs l_le.c
ld -r -x l_le.o
mv a.out l_le.o
lcc -c -DSkip_f2c_Undefs l_lt.c
ld -r -x l_lt.o
mv a.out l_lt.o
lcc -c -DSkip_f2c_Undefs hl_ge.c
ld -r -x hl_ge.o
mv a.out hl_ge.o
lcc -c -DSkip_f2c_Undefs hl_gt.c
ld -r -x hl_gt.o
mv a.out hl_gt.o
lcc -c -DSkip_f2c_Undefs hl_le.c
ld -r -x hl_le.o
mv a.out hl_le.o
lcc -c -DSkip_f2c_Undefs hl_lt.c
ld -r -x hl_lt.o
mv a.out hl_lt.o
lcc -c -DSkip_f2c_Undefs ef1asc_.c
ld -r -x ef1asc_.o
mv a.out ef1asc_.o
lcc -c -DSkip_f2c_Undefs ef1cmc_.c
ld -r -x ef1cmc_.o
mv a.out ef1cmc_.o
lcc -c -DSkip_f2c_Undefs s_cat.c
ld -r -x s_cat.o
mv a.out s_cat.o
lcc -c -DSkip_f2c_Undefs s_cmp.c
ld -r -x s_cmp.o
mv a.out s_cmp.o
lcc -c -DSkip_f2c_Undefs s_copy.c
ld -r -x s_copy.o
mv a.out s_copy.o
ar r libF77.a Version.o main.o s_rnge.o abort_.o getarg_.o iargc_.o getenv_.o signal_.o s_stop.o s_paus.o system_.o cabs.o derf_.o derfc_.o erf_.o erfc_.o sig_die.o pow_ci.o pow_dd.o pow_di.o pow_hh.o pow_ii.o pow_ri.o pow_zi.o pow_zz.o c_abs.o c_cos.o c_div.o c_exp.o c_log.o c_sin.o c_sqrt.o z_abs.o z_cos.o z_div.o z_exp.o z_log.o z_sin.o z_sqrt.o r_abs.o r_acos.o r_asin.o r_atan.o r_atn2.o r_cnjg.o r_cos.o r_cosh.o r_dim.o r_exp.o r_imag.o r_int.o r_lg10.o r_log.o r_mod.o r_nint.o r_sign.o r_sin.o r_sinh.o r_sqrt.o r_tan.o r_tanh.o d_abs.o d_acos.o d_asin.o d_atan.o d_atn2.o d_cnjg.o d_cos.o d_cosh.o d_dim.o d_exp.o d_imag.o d_int.o d_lg10.o d_log.o d_mod.o d_nint.o d_prod.o d_sign.o d_sin.o d_sinh.o d_sqrt.o d_tan.o d_tanh.o i_abs.o i_dim.o i_dnnt.o i_indx.o i_len.o i_mod.o i_nint.o i_sign.o h_abs.o h_dim.o h_dnnt.o h_indx.o h_len.o h_mod.o h_nint.o h_sign.o l_ge.o l_gt.o l_le.o l_lt.o hl_ge.o hl_gt.o hl_le.o hl_lt.o ef1asc_.o ef1cmc_.o s_cat.o s_cmp.o s_copy.o
ranlib libF77.a
ar: creating libF77.a
