mk -f ../lib/mk.naut coma.u crab.u pipe.u
../lib/hupdate coma.c.hn `../lib/listdep -DKERNEL -I.. coma.c.c`
../lib/hupdate crab.c.hn `../lib/listdep -DKERNEL -I.. crab.c.c`
../lib/hupdate pipe.c.hn `../lib/listdep -DKERNEL -I.. pipe.c.c`
mk -f ../lib/mk.comet arend.u bowell.u dutoit.u encke.u giclas.u kwee.u panther.u research.u seki.u swift.u west.u westphal.u wild.u
../lib/hupdate arend.c.hn `../lib/listdep -DKERNEL -I.. arend.c.c`
../lib/hupdate bowell.c.hn `../lib/listdep -DKERNEL -I.. bowell.c.c`
../lib/hupdate dutoit.c.hn `../lib/listdep -DKERNEL -I.. dutoit.c.c`
../lib/hupdate encke.c.hn `../lib/listdep -DKERNEL -I.. encke.c.c`
../lib/hupdate giclas.c.hn `../lib/listdep -DKERNEL -I.. giclas.c.c`
../lib/hupdate kwee.c.hn `../lib/listdep -DKERNEL -I.. kwee.c.c`
date=`date | sed 's/....\(............\)........\(....\)/\1 \2/'`
echo 'char version[] = "Unix 9Vr2 '$date'";' >vers.c
cc -c vers.c
ld -n -X -o kwee.u -T 80000000 -e start kwee.l.o kwee.c.o ../lib/ascomet.o ../lib/fs.a ../lib/io.a ../lib/comet.a ../lib/bvax.a ../lib/os.a ../lib/vm.a ../lib/inet.a vers.o
../lib/hupdate panther.c.hn `../lib/listdep -DKERNEL -I.. panther.c.c`
date=`date | sed 's/....\(............\)........\(....\)/\1 \2/'`
echo 'char version[] = "Unix 9Vr2 '$date'";' >vers.c
cc -c vers.c
ld -n -X -o panther.u -T 80000000 -e start panther.l.o panther.c.o ../lib/ascomet.o ../lib/fs.a ../lib/io.a ../lib/comet.a ../lib/bvax.a ../lib/os.a ../lib/vm.a ../lib/inet.a vers.o
../lib/hupdate research.c.hn `../lib/listdep -DKERNEL -I.. research.c.c`
date=`date | sed 's/....\(............\)........\(....\)/\1 \2/'`
echo 'char version[] = "Unix 9Vr2 '$date'";' >vers.c
cc -c vers.c
ld -n -X -o research.u -T 80000000 -e start research.l.o research.c.o ../lib/ascomet.o ../lib/fs.a ../lib/io.a ../lib/comet.a ../lib/bvax.a ../lib/os.a ../lib/vm.a ../lib/inet.a vers.o
../lib/hupdate seki.c.hn `../lib/listdep -DKERNEL -I.. seki.c.c`
date=`date | sed 's/....\(............\)........\(....\)/\1 \2/'`
echo 'char version[] = "Unix 9Vr2 '$date'";' >vers.c
cc -c vers.c
ld -n -X -o seki.u -T 80000000 -e start seki.l.o seki.c.o ../lib/ascomet.o ../lib/fs.a ../lib/io.a ../lib/comet.a ../lib/bvax.a ../lib/os.a ../lib/vm.a ../lib/inet.a vers.o
../lib/hupdate swift.c.hn `../lib/listdep -DKERNEL -I.. swift.c.c`
date=`date | sed 's/....\(............\)........\(....\)/\1 \2/'`
echo 'char version[] = "Unix 9Vr2 '$date'";' >vers.c
cc -c vers.c
ld -n -X -o swift.u -T 80000000 -e start swift.l.o swift.c.o ../lib/ascomet.o ../lib/fs.a ../lib/io.a ../lib/comet.a ../lib/bvax.a ../lib/os.a ../lib/vm.a ../lib/inet.a vers.o
../lib/hupdate west.c.hn `../lib/listdep -DKERNEL -I.. west.c.c`
date=`date | sed 's/....\(............\)........\(....\)/\1 \2/'`
echo 'char version[] = "Unix 9Vr2 '$date'";' >vers.c
cc -c vers.c
ld -n -X -o west.u -T 80000000 -e start west.l.o west.c.o ../lib/ascomet.o ../lib/fs.a ../lib/io.a ../lib/comet.a ../lib/bvax.a ../lib/os.a ../lib/vm.a ../lib/inet.a vers.o
../lib/hupdate westphal.c.hn `../lib/listdep -DKERNEL -I.. westphal.c.c`
date=`date | sed 's/....\(............\)........\(....\)/\1 \2/'`
echo 'char version[] = "Unix 9Vr2 '$date'";' >vers.c
cc -c vers.c
ld -n -X -o westphal.u -T 80000000 -e start westphal.l.o westphal.c.o ../lib/ascomet.o ../lib/fs.a ../lib/io.a ../lib/comet.a ../lib/bvax.a ../lib/os.a ../lib/vm.a ../lib/inet.a vers.o
../lib/hupdate wild.c.hn `../lib/listdep -DKERNEL -I.. wild.c.c`
date=`date | sed 's/....\(............\)........\(....\)/\1 \2/'`
echo 'char version[] = "Unix 9Vr2 '$date'";' >vers.c
cc -c vers.c
ld -n -X -o wild.u -T 80000000 -e start wild.l.o wild.c.o ../lib/ascomet.o ../lib/fs.a ../lib/io.a ../lib/comet.a ../lib/bvax.a ../lib/os.a ../lib/vm.a ../lib/inet.a vers.o
mk -f ../lib/mk.mflow r70.u
../lib/hupdate r70.c.hn `../lib/listdep -DKERNEL -I.. r70.c.c`
date=`date | sed 's/....\(............\)........\(....\)/\1 \2/'`
echo 'char version[] = "Unix 9Vr2 '$date'";' >vers.c
cc -c vers.c
ld -n -X -o r70.u -T 80000000 -e start r70.l.o r70.c.o ../lib/asmflow.o ../lib/asuvemul.o ../lib/fs.a ../lib/io.a ../lib/mflow.a ../lib/uvax.a ../lib/bvax.a ../lib/os.a ../lib/vm.a ../lib/inet.a vers.o
