x T post
x res 720 1 1
x init
x font 1 R
# 70835 characters, 5271 lines
# 931 slugs
# page top 720 bot 7200 size 6480 physbot 7920
p1
x X PT 1 #10 stdin
V0
H720

n120 0
x X END PT 1 #10 stdin
V720
V1220
s10
f1
H720


x font 1 R
x font 2 I
x font 3 B
x font 4 BI
x font 5 CW
x font 6 H
x font 7 HB
x font 8 HX
x font 9 S1
x font 10 S
s10

f1

x X PARM NP 720 #10 stdin
x X PARM FO 7200 #10 stdin

f3

s12


h2012cI
47n67t40r53o60d67u67c53t40i34o60nn140 0
V1460
s12
f3
H720

f1

s10


h1976cA
72n50d50r33e44wwh105cG
72.w58H72u50m78en120 0
V1640
s10
f1
H720

f2


h1839cA
61T56&78Tw89B61e44l28lw61L56a50b50o50r39a50t28o50r39i28e44sn120 0
V1760
s10
f2
H720


h1690cM
83u50r39r39a50yw77H72i28l28l28,w58N67e44wwh100cJ
44e44r39s39e44yw770507509507504n120 0
x X SP 120  #10 stdin


x font 1 R
x font 2 I
x font 3 B
x font 4 BI
x font 5 CW
x font 6 H
x font 7 HB
x font 8 HX
x font 9 S1
x font 10 S
s10

f1

x X MC 2 2496 #10 stdin


x font 1 R
x font 2 I
x font 3 B
x font 4 BI
x font 5 CW
x font 6 H
x font 7 HB
x font 8 HX
x font 9 S1
x font 10 S
s10

f1

x X NE 600 NH 	 #11 stdin
x X SP 120 NH #11 stdin
V2232
s10
f1
H720

f3


c1
50.w91I39n56t33r44o50d56u56c44t33i28o50nn120 0


x font 1 R
x font 2 I
x font 3 B
x font 4 BI
x font 5 CW
x font 6 H
x font 7 HB
x font 8 HX
x font 9 S1
x font 10 S
s10

f1

x X SP 36 PP #13 stdin
x X BS 2 PP #13 stdin
V2408
s10
f1
H720


h250cT
61h50i28swh122cv
50o50l28u50m78ewh127cc
44o50n50t28a44i28n50swh122cr
33e44p50o50r33t28s39,wh109cp
50a44p50e44r33swh123ca
44n50dn120 0
V2528
s10
f1
H720


cm
78a44n50u50a44l28swh126ct
28h50a44twh115cs
39u50p50p50l28e44m78e44n50twh115ct
28h50ewh130cm
78a44n50u50a44lwh114cp
50a44g50e44swh125ci
28nn120 0
V2648
s10
f1
H720


cV
72o50l28u50m78ew831w90o50fw73t28h50i28sw79m78a44n50u50a44l28.w98T61h50ew84s39e44l28e44c44t28i28o50nw90c44r33i28t28e44r33i28aw84a44r33en120 0
V2768
s10
f1
H720


cn
50o50tw70w72e44l28lw70d50eh44Cfi
56n50e44dw92b50u50tw70i28n50c44l28u50d50ew85u50t28i28l28i28t28y50,w66g50e44n50e44r33a44lw69i28n50t28e44r33e44s39t28,n120 0
V2888
s10
f1
H720


ca
44n50dw92u50n50a44v50a44i28l28a44b50i28l28i28t28yw92i28nw92t28h50ew87p50u50b50l28i28s39h50e44dw93l28i28t28e44r33a44t28u50r33e44.wh101cS
56o50m78en120 0
V3008
s10
f1
H720


ca
44u50t28h50o50r33sw73w72e44r33ew78c44a44j28o50l28e44dw83i28n50t28ow83w72r33i28t28i28n50gw83p50a44p50e44r33sw72s39p50e44c44i28a44l28l28yw83f33o50rn120 0
V3128
s10
f1
H720


ct
28h50i28sw75v50o50l28u50m78e44;w64o50t28h50e44r33w72i28s39e44,w61t28h50ew80p50a44p50e44r33sw75w72e44r33ew80c44h50o50s39e44nw86f33r33o50mn120 0
V3248
s10
f1
H720


ct
28h50ew92e44x50i28s39t28i28n50gw98l28i28t28e44r33a44t28u50r33e44,w73b50o50t28hw98e44x50t28e44r33n50a44lw76a44n50dw97i28n50t28e44r33n50a44lw75t28on120 0
V3368
s10
f1
H720


cB
67e44l28lw64L61a44b50o50r33a44t28o50r33i28e44s39.w94(33M89o50s39tw64e44x50i28s39t28i28n50gw86p50a44p50e44r33sw76a44n50dw87r33e44p50o50r33t28sn120 0
V3488
s10
f1
H720


cw
72e44r33ew89e44x50t28e44n50s39i28v50e44l28yw95r33e44v50i28s39e44dw95f33o50rw78t28h50i28sw84v50o50l28u50m78e44.25)wh111cA
72c44c44o50r33dh50Chy
n120 0
V3608
s10
f1
H720


ci
28n50g50l28y50,w67s39e44v50e44r33a44lw70p50a44p50e44r33sw81(33s39u50c44hw92a44sw81t28h50ewf2

87U72u50c44pw93A61d50m72i28n50i28s39t28r39ah50Chy
n120 0
V3728
s10
f2
H720


ct
28i28o50nwf1

89p50a44p50e44r33)w72d50ow89n50o50tw67m78a44t28c44hw89e44x50a44c44t28l28yw89t28h50ew83s39o50f33t28w72a44r33ew82i28nw88t28h50en120 0
V3848
s10
f1
H720


cc
44u50r33r33e44n50tw67s39y50s39t28e44m78.w98T61h50ew84o50n50l28i28n50ew84m78a44n50u50a44lw68p50a44g50e44sw79s39h50o50u50l28dw90b50en120 0
V3968
s10
f1
H720


cc
44o50n50s39u50l28t28e44dwh104cb
50e44f33o50r33ew98d50e44p50e44n50d50i28n50gwh104co
50nwh103ca
44n50ywh103cs
39p50e44c44ih28Cfi
56cw97d50e44t28a44i28l28sn120 0
V4088
s10
f1
H720


cc
44o50n50t28a44i28n50e44dw83i28nw83a44n50yw83o50fw66t28h50ew77p50a44p50e44r33sw72i28nw83t28h50i28sw72v50o50l28u50m78e44.n120 0


x font 1 R
x font 2 I
x font 3 B
x font 4 BI
x font 5 CW
x font 6 H
x font 7 HB
x font 8 HX
x font 9 S1
x font 10 S
s10

f1

x X SP 36 PP #27 stdin
x X BS 2 PP #27 stdin
V4264
s10
f1
H720


h250cT
61h50ew87d50o50c44u50m78e44n50t28sw82h50e44r33ew87a44r33ew87g50r33o50u50p50e44dw94r33o50u50g50h50l28yw94i28n50t28on120 0
V4384
s10
f1
H720


ct
28h50ew83a44r33e44a44sw78o50fw72p50r33o50g50r33a44m78m78i28n50g50,w64l28a44n50g50u50a44g50ew82t28o50o50l28s39,w63d50o50c44u50m78e44n50tn120 0
V4504
s10
f1
H720


cp
50r33e44p50a44r33a44t28i28o50n50,w77a44n50dwh102cs
39y50s39t28e44mwh130cm
78a44i28n50t28e44n50a44n50c44e44.wh110cM
89a44n50ywh103cd
50o50c44uh50Chy
n120 0
V4624
s10
f1
H720


cm
78e44n50t28swh103cf
33r33o50mwh142ct
28h50ewh107cl
28a44s39tw91V72o50l28u50m78ewh107c2
wh113c(
33S56e44v50e44n50t28hwh113cE
61d50i28t28i28o50n50,n120 0
V4744
s10
f1
H720


c1
50950750950)wh127ch
50a44v50ewh138cb
50e44e44nwh145cd
50r33o50p50p50e44d50.wh153cS
56o50m78ewh139ca
44r33ewh139cs
39i28m78p50l28yn120 0
V4864
s10
f1
H720


co
50b50s39o50l28e44t28e44;w67o50t28h50e44r33s39,w64p50a44r33t28i28c44u50l28a44r33l28yw89t28h50ew82i28n50t28r33o50d50u50c44t28o50r33yw88p50a44p50e44r33s39,n120 0
V4984
s10
f1
H720


ch
50a44v50ew82b50e44e44nw88s39u50p50e44r33s39e44d50e44dw88b50yw88b50e44t28t28e44rw71a44n50dw88m78o50r33ew83u50pw89t28ow89d50a44t28en120 0
V5104
s10
f1
H720


cb
50o50o50k50sw86o50nw97t28h50ews9

87U65N65I30Xs10

h65Crg
wh125cs
39y50s39t28e44m78.wh104cT
61h50ew90v50o50l28u50m78ew90h50a44sw85n50o50tn120 0
V5224
s10
f1
H720


cs
39h50r33u50n50k50;w85f33o50rw90e44v50e44r33ywh107cp
50a44p50e44rw90t28h50a44tw85h50a44sw97b50e44e44nwh108cd
50r33o50p50p50e44d50,w83an120 0
V5344
s10
f1
H720


cn
50e44wwh105cp
50r33o50g50r33a44mwh111co
50rw66p50a44p50e44rw66h50a44sw72a44p50p50e44a44r33e44d50.n120 0


x font 1 R
x font 2 I
x font 3 B
x font 4 BI
x font 5 CW
x font 6 H
x font 7 HB
x font 8 HX
x font 9 S1
x font 10 S
s10

f1

x X NE 600 NH 	 #43 stdin
x X SP 120 NH #43 stdin
V5649
s10
f1
H720

f3


c2
50.w91P61r44o50d56u56c44t33i28o50nn120 0


x font 1 R
x font 2 I
x font 3 B
x font 4 BI
x font 5 CW
x font 6 H
x font 7 HB
x font 8 HX
x font 9 S1
x font 10 S
s10

f1

x X SP 36 PP #45 stdin
x X BS 2 PP #45 stdin
V5825
s10
f1
H720


h250cT
61h50ewh102cp
50a44p50e44r33sw97i28nwh108ct
28h50i28sw97v50o50l28u50m78ewh102ch
50a44v50ewh102cn
50o50tw87s39i28m78p50l28yn120 0
V5945
s10
f1
H720


cb
50e44e44nw84r33e44p50r33i28n50t28e44d50.w92M89o50s39tw62h50a44v50ew78b50e44e44nw84c44o50n50v50e44r33t28e44dw84t28ow83u50s39ew77t28h50en120 0
V6065
s10
f1
H720

f2


cm
72p50mf1

72(33750)w85m78a44c44r33o50sw91(33s39e44ew96t28h50ewf2

96m72p50mwf1

h124cp
50a44p50e44r33)33.wh110cT
61h50ew96r33e44s39tw80o50fn120 0
V6185
s10
f1
H720


ct
28h50ew86p50a44p50e44r33sw81u50s39ewf2

86m72o50n50kf1

44(33150)w74o50rwf2

74t28e44xf1

44(33150)33.w99T61h50ew85p50a44p50e44r33sw80u50s39ew85an120 0
V6305
s10
f1
H720


ct
28w72ow93c44o50l28u50m78nw93f33o50r33m78a44tw71e44x50c44e44p50tw72w72h50e44nw94l28i28b50e44r33a44lw72u50s39ew88o50fw77f33u50l28l28-n120 0
V6425
s10
f1
H720


cw
72i28d50t28hwh112cd
50i28s39p50l28a44y50swh101cm
78a44k50ewh106ct
28h50i28swh101ci
28n50a44p50p50r33o50p50r33i28a44t28e44.wh120cT
61h50i28swh100cn
50o50tn120 0
V6545
s10
f1
H720


co
50n50l28yw90m78a44k50e44sw80t28h50ew85v50o50l28u50m78ew85l28o50o50kw91b50e44t28t28e44r33;w69i28tw69a44l28s39ow91m78a44k50e44sw80i28tn120 0
V6665
s10
f1
H720


ca
44b50o50u50tw611500500w83p50a44g50e44sw72t28h50i28n50n50e44r33.n120 0


x font 1 R
x font 2 I
x font 3 B
x font 4 BI
x font 5 CW
x font 6 H
x font 7 HB
x font 8 HX
x font 9 S1
x font 10 S
s10

f1

x X SP 36 PP #60 stdin
x X BS 2 PP #60 stdin
V6841
s10
f1
H720


h250cT
61h50ew81p50a44p50e44r33sw76a44l28s39ow87t28r33yw87t28ow87f33o50l28l28o50wwh109cV
72o50l28u50m78ew821w88i28nw88t28h50en120 0
V6961
s10
f1
H720


ct
28y50p50o50g50r33a44p50h50i28c44a44lw67r33e44p50r33e44s39e44n50t28a44t28i28o50nw89o50fw72n50a44m78e44s39.w97T61h50a44tw67i28s39,w63p50r33oh50Chy
n120 0
V7081
s10
f1
H720


cg
50r33a44m78sw72r33e44f33e44r33r33e44dw83t28ow83b50yw83n50a44m78ew77a44r33ew77i28nw83i28t28a44l28i28c44sw72a44n50dw83a44r33ew77c44a44p50ih28Chy
n120 0
V7201
s10
f1
H720


ct
28a44l28i28z44e44dwh119cw
72h50e44nwh119cs
39t28a44r33t28i28n50gwh119ca
wh113cs
39e44n50t28e44n50c44ewh113c(
33l28i28k50ewh113ca
44n50ywh119co
50t28h50e44rn120 0
V2232
s10
f1
H3216


cn
50o50u50n50)33.wh125cL
61i28t28e44r33a44lwh95Cfi
56l28e44n50a44m78e44s39,w93p50r33o50g50r33a44mwh146cf
33r33a44g50m78e44n50t28swh107ca
44n50dn120 0
V2352
s10
f1
H3216


ct
28h50i28n50g50sw94t28h50ew99u50s39e44rw87w72o50u50l28dwh104ct
28y50p50ew98a44r33ew98i28nwh104ct
28y50p50e44w72r33i28t28e44rw87f33o50n50t28.n120 0
V2472
s10
f1
H3216


cA
72swh129cf
33a44rwh123ca
44swh129cp
50o50s39s39i28b50l28e44,wh115ct
28y50p50o50g50r33a44p50h50i28cwh134Cfl
56o50u50r33i28s39h50e44swh129ca
44r33en120 0
V2592
s10
f1
H3216


ce
44s39c44h50e44w72e44d50,w61s39ow86t28h50a44tws9

61Lv-15
45Av15
55Tv15
45Ev-15
45Xws10

h101ci
28sw75r33e44n50d50e44r33e44dw86a44sw75L61a44t28e44x50.w93L61o50n50gn120 0
V2712
s10
f1
H3216


cl
28i28n50e44sw90b50r33o50k50e44nwh101cf
33o50rw84r33e44a44d50a44b50i28l28i28t28ywh101cu
50s39ewf10

s13

h125N191
wf1

s10

h137ct
28owh102ci
28n50d50i28c44a44t28ew96t28h50en120 0
V2832
s10
f1
H3216


cb
50r33e44a44k50s39:n120 0
x X SP 60 P1 #70 stdin
x X US P1 #70 stdin
V2992
s10
f1
H3216

f5

s9


h288ct
54h54i54swh108ci
54swh108co
54n54ewh108cl
54i54n54ewh108cw
54h54i54c54hwh108ch
54a54sf10

s12

h84N191
n100 0
V3092
s12
f10
H3216

f5

s9


h288cb
54e54e54nwh108cb
54r54o54k54e54nwh108cb
54e54c54a54u54s54ewh108co
54fwh108ct
54h54ewh108cc
54o54l54u54m54nf10

s12

h84N191
n100 0
V3192
s12
f10
H3216

f5

s9


h288cw
54i54d54t54hn100 0
x X END US P1 #74 stdin
x X SP 60 P2 #74 stdin
V3372
s9
f5
H3216

f1

s10


cM
89o50s39tw63p50a44p50e44r33sw74n50e44e44d50e44dw85s39i28g50n50ih28Cfi
56c44a44n50tw63e44d50i28t28i28n50gw85t28ow86c44o50n50f33o50r33mwh114ct
28on120 0
V3492
s10
f1
H3216


ct
28h50i28sw85s39t28a44n50d50a44r33d50;w74s39o50m78ew90o50fw79t28h50ew90l28a44r33g50e44rw79o50l28d50e44rw79p50a44p50e44r33sw84w72e44r33en120 0
V3612
s10
f1
H3216


cn
50o50tw61c44h50a44n50g50e44d50.n120 0


x font 1 R
x font 2 I
x font 3 B
x font 4 BI
x font 5 CW
x font 6 H
x font 7 HB
x font 8 HX
x font 9 S1
x font 10 S
s10

f1

x X SP 36 PP #77 stdin
x X BS 2 PP #77 stdin
V3768
s10
f1
H3216


h250cT
61h50ew79l28a44y50o50u50tw63c44h50o50s39e44nw85f33o50rw68t28h50i28sw74v50o50l28u50m78ew79i28m78p50l28i28e44sw75t28h50a44tn120 0
V3888
s10
f1
H3216


ca
44l28lw93p50a44p50e44r33swh104cm
78u50s39tw93h50a44v50ewh109ca
44nwh115ce
44v50e44nwh115cn
50u50m78b50e44rw98o50fw97p50a44g50e44s39.n120 0
V4008
s10
f1
H3216


cW
94h50e44r33ewh112cn
50e44c44e44s39s39a44r33y50,w93p50a44p50e44r33swh107ch
50a44v50ewh113cb
50e44e44nwh119ce
44x50t28e44n50d50e44dwh119cb
50yn120 0
V4128
s10
f1
H3216


cd
50i28g50i28t28i28z44e44dwh171cp
50h50o50t28o50g50r33a44p50h50swh160ct
28r33a44n50s39f33o50r33m78e44dwh170cb
50ywh170cG
72e44r33a44r33dn120 0
V4248
s10
f1
H3216


cH
72o50l28z44m78a44n50nwh118cu
50s39i28n50gwf2

h119cp
50i28c44of1

50.wh127cA
wh141cf
33e44wwh141cp
50h50o50t28o50g50r33a44p50h50swh108cw
72e44r33en120 0
V4368
s10
f1
H3216


cc
44h50o50s39e44nwh111cf
33o50rw94s39e44n50t28i28m78e44n50t28a44lw89a44n50dwh111ch
50i28s39t28o50r33i28c44a44lw89r33e44a44s39o50n50s39;w88t28h50en120 0
V4488
s10
f1
H3216


cr
33e44s39tw82w72e44r33ew98c44h50o50s39e44nwh104cm
78o50s39t28l28ywh104cf
33o50rw87a44e44s39t28h50e44t28i28cw98a44p50p50e44a44lw82f33r33o50mn120 0
V4608
s10
f1
H3216


cp
50h50o50t28o50g50r33a44p50h50sw87a44tw76h50a44n50dw98w72i28t28hw98aw91s39l28i28g50h50tw75b50i28a44sw86t28o50w72a44r33d50sw86t28h50en120 0
V4728
s10
f1
H3216


ca
44u50t28h50o50r33sw72o50fw66p50a44p50e44r33sw72i28nw83t28h50i28sw72v50o50l28u50m78e44.n120 0


x font 1 R
x font 2 I
x font 3 B
x font 4 BI
x font 5 CW
x font 6 H
x font 7 HB
x font 8 HX
x font 9 S1
x font 10 S
s10

f1

x X SP 36 PP #86 stdin
x X BS 2 PP #86 stdin
V4884
s10
f1
H3216


h250cT
61h50ewh123ci
28n50d50e44xwh130cw
72a44swh119cp
50r33o50d50u50c44e44dwh130cm
78e44c44h50a44n50i28c44a44l28l28ywh130cb
50yn120 0
V5004
s10
f1
H3216


cL
61o50r33i28n50d50aw89C67h50e44r33r33yw94u50s39i28n50gw94aw88s39m78a44l28lw72a44m78o50u50n50tw72o50fw77h50a44n50dw94e44d50i28th28Chy
n120 0
V5124
s10
f1
H3216


ci
28n50gw99a44n50dwh100ca
w94c44o50n50s39i28d50e44r33a44b50l28ew94a44m78o50u50n50tw78o50fw83s39o50f33t28w72a44r33e44;w78d50e44t28a44i28l28sn120 0
V5244
s10
f1
H3216


ca
44r33ew86g50i28v50e44nw91a44sw80aw85p50r33e44a44m78b50l28ew85t28ow91t28h50ew85i28n50d50e44x50.w99O72u50rw74C67e44n50t28e44r33'33sn120 0
V5364
s10
f1
H3216


cv
50e44n50e44r33a44b50l28ew99L61i28n50o50t28r33o50nwh105c2
500502wh105ct
28y50p50e44s39e44t28t28e44rw88i28sw95b50e44i28n50gwh106cr
33e44t28i28r33e44d50;n120 0
V5484
s10
f1
H3216


ct
28h50ew83c44a44m78e44r33a44-33r33e44a44d50yw89c44o50p50yw89f33o50rw71t28h50i28sw77m78a44n50u50a44lw66w72a44sw77p50r33e44p50a44r33e44dn120 0
V5604
s10
f1
H3216


co
50nwh100ca
w94L61i28n50o50t28r33o50n50i28cw94250050050Pwh106cP
56o50s39t28S56c44r33i28p50tw78p50r33i28n50t28e44rw83r33u50n50n50i28n50gwh101ca
44tn120 0
V5724
s10
f1
H3216


c1
502507500w83d50p50i28.n120 0


x font 1 R
x font 2 I
x font 3 B
x font 4 BI
x font 5 CW
x font 6 H
x font 7 HB
x font 8 HX
x font 9 S1
x font 10 S
s10

f1

x X NE 600 NH 	 #98 stdin
x X SP 120 NH #98 stdin
V5964
s10
f1
H3216

f3


c3
50.w91Awh105cS
56e44l28e44c44t33e44dw89B67i28b56l28i28o50g50r44a50p56h56yn120 0


x font 1 R
x font 2 I
x font 3 B
x font 4 BI
x font 5 CW
x font 6 H
x font 7 HB
x font 8 HX
x font 9 S1
x font 10 S
s10

f1

x X SP 36 PP #100 stdin
x X BS 2 PP #100 stdin
V6120
s10
f1
H3216


h250cD
72u50r33i28n50gwh100ct
28h50ew94f33o50u50r33t28e44e44nwh101cy
50e44a44r33sw90s39i28n50c44ew95aw95v50o50l28u50m78ew95o50fn120 0
V6240
s10
f1
H3216


c`
33`33D72o50c44u50m78e44n50t28sw78f33o50rw71u50s39ew82w72i28t28hw88U72N72I33X72'33'w71w72a44swh77Cfi
56r33s39tw66g50a44t28h50e44r33e44dn120 0
V6360
s10
f1
H3216


cf
33o50rw96t28h50ewh108cs
39i28x50t28hwh114ce
44d50i28t28i28o50nwh114co
50fw97t28h50ewf2

h108cU
72N67I33Xwh125cP
61r39o50g50r39a50m72m72e44r39'33sn120 0
V6480
s10
f2
H3216


cM
83a50n50u50a50l28,wf1

63t28h50ew82s39y50s39t28e44mwh116ch
50a44sw76g50r33o50w72n50,w62a44n50dw87s39ow87h50a44sw76i28t28sw76l28i28t28e44r33ah44Chy
n120 0
V6600
s10
f1
H3216


ct
28u50r33e44.wh105cI
33nw97s39e44l28e44c44t28i28n50gw97t28h50ew91c44o50n50t28e44n50t28sw86f33o50rw80t28h50i28sw86v50o50l28u50m78e44,w72w72en120 0
V6720
s10
f1
H3216


ch
50a44v50ew84o50m78i28t28t28e44dw90t28o50p50i28c44sw79s39u50c44hw89a44sw78s39o50f33t28w72a44r33ew83d50e44s39i28g50nw89a44n50dw89t28h50en120 0
V6840
s10
f1
H3216


cu
50s39ew80o50fw69p50r33o50g50r33a44m78m78i28n50gw86l28a44n50g50u50a44g50e44s39;w64g50o50o50dw86b50o50o50k50sw75o50nw87t28h50e44s39en120 0
V6960
s10
f1
H3216


ca
44r33ew91a44v50a44i28l28a44b50l28ew91e44l28s39e44w72h50e44r33e44.wh104cA
wh118cl
28i28s39tw74o50fw79t28h50ew90m78o50r33ew90i28m78p50o50rh33Chy
n120 0
V7080
s10
f1
H3216


ct
28a44n50tw77b50o50o50k50sw88f33o50l28l28o50w72.wh107cF
56o50rw83r33e44f33e44r33e44n50c44e44sw89o50nwh100co
50t28h50e44rw83s39p50e44c44i28a44ln120 0
V7200
s10
f1
H3216


cl
28a44n50g50u50a44g50e44sw72s39e44ewf2

77l28a50n50g50sf1

39(33150)33.n120 0


x font 1 R
x font 2 I
x font 3 B
x font 4 BI
x font 5 CW
x font 6 H
x font 7 HB
x font 8 HX
x font 9 S1
x font 10 S
s10

f1

x X BT 1 #10 stdin
V7560
s10
f1
H720


cR
67e44s39e44a44r33c44h50 33T61e44n50t28h50 33E61d50i28t28i28o50nh3721c1
n120 0
x X END BT 1 #10 stdin
V7920
p2


x font 1 R
x font 2 I
x font 3 B
x font 4 BI
x font 5 CW
x font 6 H
x font 7 HB
x font 8 HX
x font 9 S1
x font 10 S
s10

f1

x X PT 2 #11 stdin
V480
s10
f1
H720
x font 0 NI


cI
33n50t28r33o50d50u50c44t28i28o50nx font 0 NI
f0

h4013ci
33n61t35r44on120 0
x X END PT 2 #11 stdin
V720


x font 1 R
x font 2 I
x font 3 B
x font 4 BI
x font 5 CW
x font 6 H
x font 7 HB
x font 8 HX
x font 9 S1
x font 10 S
s10

f1

x X NE 600 NH 	 #112 stdin
x X SP 120 NH #112 stdin
V840
s10
f1
H720

f3


c3
50.25150.w91G78e44n56e44r44a50ln120 0


x font 1 R
x font 2 I
x font 3 B
x font 4 BI
x font 5 CW
x font 6 H
x font 7 HB
x font 8 HX
x font 9 S1
x font 10 S
s10

f1

x X SP 36 LP #114 stdin
x X BS 2 LP #114 stdin
V1064
s10
f1
H720


cK
72e44r33n50i28g50h50a44n50,w73B67.w73W94.25,w73&wh127cP
56i28k50e44,w74R67.wh107c(
33150950850450)33.wf2

h107cT
56h50ew93U72N67I33Xn120 0
V1184
s10
f2
H720


cP
61r39o50g50r39a50m72m72i28n50gw83E61n50v44i28r39o50n50m72e44n50tf1

28.w91P56r33e44n50t28i28c44e44-33H72a44l28l28.n120 0


x font 1 R
x font 2 I
x font 3 B
x font 4 BI
x font 5 CW
x font 6 H
x font 7 HB
x font 8 HX
x font 9 S1
x font 10 S
s10

f1

x X SP 36 PP #123 stdin
x X BS 2 IP #123 stdin
V1348
s10
f1
H720


h150cH
72o50wwh111ct
28ow89e44x50p50l28o50i28tw67t28h50ew83f33a44c44i28l28i28t28i28e44sw78o50fw72t28h50ew83s39y50s39t28e44m78:w67u50t28i28l28ih28Chy
n120 0
V1468
s10
f1
H720


h150ct
28i28e44s39,w83s39h50e44l28l28,w83a44n50dwh108cs
39y50s39t28e44mwh136cc
44a44l28l28s39.wh116cW
94r33i28t28t28e44nwh108cf
33o50rw91p50r33oh50Chy
n120 0
V1588
s10
f1
H720


h150cg
50r33a44m78m78e44r33s39;w64i28n50t28e44n50d50e44dw86f33o50rw69n50o50v50i28c44e44sw75b50u50tw64y50e44tw65a44l28s39ow87c44o50nh50Chy
n120 0
V1708
s10
f1
H720


h150ct
28a44i28n50sw72n50u50g50g50e44t28sw72f33o50rw66e44x50p50e44r33t28s39.n120 0


x font 1 R
x font 2 I
x font 3 B
x font 4 BI
x font 5 CW
x font 6 H
x font 7 HB
x font 8 HX
x font 9 S1
x font 10 S
s10

f1

x X SP 36 LP #129 stdin
x X BS 2 LP #129 stdin
V1932
s10
f1
H720


cL
61o50m78u50t28o50,w81A72.w82N72.25,w82&wh135cL
61o50m78u50t28o50,w82N72.wh115c(
33150950850350)33.wf2

h115cA
wh118cU
72N67I33Xn120 0
V2052
s10
f2
H720


cP
61r39i28m72e44rf1

39.w91P56r33e44n50t28i28c44e44-33H72a44l28l28.n120 0


x font 1 R
x font 2 I
x font 3 B
x font 4 BI
x font 5 CW
x font 6 H
x font 7 HB
x font 8 HX
x font 9 S1
x font 10 S
s10

f1

x X SP 36 PP #138 stdin
x X BS 2 IP #138 stdin
V2216
s10
f1
H720


h150cW
94r33i28t28t28e44nwh155cf
33o50rwh138cn
50o50n50p50r33o50g50r33a44m78m78e44r33s39;wh134cr
33e44a44d50a44b50l28ewh150ca
44n50dn120 0
V2336
s10
f1
H720


h150ca
44u50t28h50o50r33i28t28a44t28i28v50e44.w91S56t28r33e44s39s39e44sw72t28e44x50tw61p50r33o50c44e44s39s39i28n50g50.n120 0


x font 1 R
x font 2 I
x font 3 B
x font 4 BI
x font 5 CW
x font 6 H
x font 7 HB
x font 8 HX
x font 9 S1
x font 10 S
s10

f1

x X SP 36 LP #142 stdin
x X BS 2 LP #142 stdin
V2560
s10
f1
H720


cP
56r33e44n50t28i28c44e44-33H72a44l28l28.wh105c(
33150950850750)33.wf2

h105cU
72N67I33Xwh109cS
50y44s39t28e44mwh120cR
61e44a50d50i28n50g50sw87a50n50dn120 0
V2680
s10
f2
H720


cA
61p50p50l28i28c44a50t28i28o50n50sf1

39.w91P56r33e44n50t28i28c44e44-33H72a44l28l28.w912w83v50o50l28u50m78e44s39.n120 0


x font 1 R
x font 2 I
x font 3 B
x font 4 BI
x font 5 CW
x font 6 H
x font 7 HB
x font 8 HX
x font 9 S1
x font 10 S
s10

f1

x X SP 36 PP #152 stdin
x X BS 2 IP #152 stdin
V2844
s10
f1
H720


h150cP
56a44p50e44r33sw86r33e44p50r33i28n50t28e44dw97f33r33o50mwh125cs
39p50e44c44i28a44lw75i28s39s39u50e44sw87o50fw81t28h50ewf2

92B61e44l28ln120 0
V2964
s10
f2
H720


h150cS
50y44s39t28e44mwh141cT
56e44c44h50n50i28c44a50lw97J44o50u50r39n50a50l28,wf1

94A72u50g50u50s39t28,w94150950750850,w93a44n50dn120 0
V3084
s10
f1
H720


h150cO
72c44t28o50b50e44r33,w75150950850450.wh108cI
33n50c44l28u50d50e44sw90c44l28a44s39s39i28c44sw90o50nwh101ct
28h50ew95d50e44s39i28g50nn120 0
V3204
s10
f1
H720


h150ca
44n50dwh101ch
50i28s39t28o50r33ywh101co
50fw84t28h50ew95s39y50s39t28e44mwh129ci
28nwh101ci
28t28sw90m78a44n50ywh101ci
28n50c44a44r33n50ah44Chy
n120 0
V3324
s10
f1
H720


h150ct
28i28o50n50sw72a44tw61B67e44l28lw61L61a44b50o50r33a44t28o50r33i28e44s39.n120 0


x font 1 R
x font 2 I
x font 3 B
x font 4 BI
x font 5 CW
x font 6 H
x font 7 HB
x font 8 HX
x font 9 S1
x font 10 S
s10

f1

x X SP 36 LP #159 stdin
x X BS 2 LP #159 stdin
V3548
s10
f1
H720


cN
72e44m78e44t28h50,w93E61.25,w93S56n50y50d50e44r33,w93G72.25,w93&wh146cS
56e44e44b50a44s39s39,w94S56.wh127c(
33150950850950)33.n120 0
V3668
s10
f1
H720

f2


cU
72N67I33Xwh129cS
50y44s39t28e44mwh140cA
61d50m72i28n50i28s39t28r39a50t28i28o50nwh118cH
72a50n50d50b50o50o50kf1

44.wh126cP
56r33e44n50t28i28c44en120 0
V3788
s10
f1
H720


cH
72a44l28l28.n120 0


x font 1 R
x font 2 I
x font 3 B
x font 4 BI
x font 5 CW
x font 6 H
x font 7 HB
x font 8 HX
x font 9 S1
x font 10 S
s10

f1

x X SP 36 PP #168 stdin
x X BS 2 IP #168 stdin
V3952
s10
f1
H720


h150cA
wh137cc
44o50m78p50r33e44h50e44n50s39i28v50ewh109cg
50u50i28d50ewh109ct
28owh115ca
44d50m78i28n50i28s39t28e44r33i28n50gwh115cy
50o50u50rn120 0
V4072
s10
f1
H720

s9


h150cU
65N65I30Xws10

98s39y50s39t28e44m78.n120 0


x font 1 R
x font 2 I
x font 3 B
x font 4 BI
x font 5 CW
x font 6 H
x font 7 HB
x font 8 HX
x font 9 S1
x font 10 S
s10

f1

x X NE 600 NH 	 #172 stdin
x X SP 120 NH #172 stdin
V4336
s10
f1
H720

f3


c3
50.25250.w91Cwh105cP
61r44o50g50r44a50m83m83i28n56gn120 0


x font 1 R
x font 2 I
x font 3 B
x font 4 BI
x font 5 CW
x font 6 H
x font 7 HB
x font 8 HX
x font 9 S1
x font 10 S
s10

f1

x X SP 36 LP #174 stdin
x X BS 2 LP #174 stdin
V4560
s10
f1
H720


cK
72e44r33n50i28g50h50a44n50,w61B67.w61W94.25,w61&wh114cR
67i28t28c44h50i28e44,w61D72.w61M89.w94(33150950750850)33.wf2

94T56h50ew81Cn120 0
V4680
s10
f2
H720


cP
61r39o50g50r39a50m72m72i28n50gwh130cL
56a50n50g50u50a50g50ef1

44.wh138cE
61n50g50l28e44w72o50o50dwh129cC
67l28i28f33f33s39,wh104cN
72J39:n120 0
V4800
s10
f1
H720


cP
56r33e44n50t28i28c44ew77H72a44l28l28.w91150s39tw61E61d50i28t28i28o50n50.n120 0


x font 1 R
x font 2 I
x font 3 B
x font 4 BI
x font 5 CW
x font 6 H
x font 7 HB
x font 8 HX
x font 9 S1
x font 10 S
s10

f1

x X SP 36 PP #184 stdin
x X BS 2 IP #184 stdin
V4964
s10
f1
H720


h150cT
61h50ew87b50i28b50l28ew87f33o50rw76t28h50ew88c44l28a44s39s39i28c44a44lw72l28a44n50g50u50a44g50ew88a44n50dw94h50o50wwh116ct
28on120 0
V5084
s10
f1
H720


h150cu
50s39ew77i28t28.n120 0


x font 1 R
x font 2 I
x font 3 B
x font 4 BI
x font 5 CW
x font 6 H
x font 7 HB
x font 8 HX
x font 9 S1
x font 10 S
s10

f1

x X SP 36 LP #187 stdin
x X BS 2 LP #187 stdin
V5308
s10
f1
H720


cK
72e44r33n50i28g50h50a44n50,w61B67.w61W94.25,w61&wh114cR
67i28t28c44h50i28e44,w61D72.w61M89.w94(33150950850850)33.wf2

94T56h50ew81Cn120 0
V5428
s10
f2
H720


cP
61r39o50g50r39a50m72m72i28n50gwh130cL
56a50n50g50u50a50g50ef1

44.wh138cE
61n50g50l28e44w72o50o50dwh129cC
67l28i28f33f33s39,wh104cN
72J39:n120 0
V5548
s10
f1
H720


cP
56r33e44n50t28i28c44ew77H72a44l28l28.w91250n50dw83E61d50i28t28i28o50n50.n120 0


x font 1 R
x font 2 I
x font 3 B
x font 4 BI
x font 5 CW
x font 6 H
x font 7 HB
x font 8 HX
x font 9 S1
x font 10 S
s10

f1

x X SP 36 PP #197 stdin
x X BS 2 IP #197 stdin
V5712
s10
f1
H720


h150cT
61h50ew94n50e44wwh122ct
28e44s39t28a44m78e44n50tw78c44o50v50e44r33i28n50gwh100ct
28h50ew94n50e44wwh122cA
72m78e44r33i28c44a44nn120 0
V5832
s10
f1
H720


h150cN
72a44t28i28o50n50a44lw61S56t28a44n50d50a44r33dw83d50i28a44l28e44c44tw61o50fw66C67.n120 0


x font 1 R
x font 2 I
x font 3 B
x font 4 BI
x font 5 CW
x font 6 H
x font 7 HB
x font 8 HX
x font 9 S1
x font 10 S
s10

f1

x X SP 36 LP #201 stdin
x X BS 2 LP #201 stdin
V6056
s10
f1
H720


cH
72a44r33b50i28s39o50n50,w71S56.w72P56.25,w72&wh125cS
56t28e44e44l28e44,w72G72.w72L61.w72J39r33.wh105c(
33150950850750)33.wf2

h105cC
67,w72An120 0
V6176
s10
f2
H720


cR
61e44f28e44r39e44n50c44ew77M83a50n50u50a50lf1

28.w91P56r33e44n50t28i28c44e44-33H72a44l28l28.n120 0


x font 1 R
x font 2 I
x font 3 B
x font 4 BI
x font 5 CW
x font 6 H
x font 7 HB
x font 8 HX
x font 9 S1
x font 10 S
s10

f1

x X SP 36 PP #210 stdin
x X BS 2 IP #210 stdin
V6340
s10
f1
H720


h150cT
61h50ew82m78o50s39tw66e44x50a44c44tw66d50e44s39c44r33i28p50t28i28o50nw88o50fw71w72h50a44tw66Cwh105cr
33e44a44l28l28yw88w72a44sn120 0
V6460
s10
f1
H720


h150cb
50e44f33o50r33ew77t28h50ew77A72m78e44r33i28c44a44nw83N72a44t28i28o50n50a44lw61S56t28a44n50d50a44r33d50.n120 0


x font 1 R
x font 2 I
x font 3 B
x font 4 BI
x font 5 CW
x font 6 H
x font 7 HB
x font 8 HX
x font 9 S1
x font 10 S
s10

f1

x X SP 36 LP #214 stdin
x X BS 2 LP #214 stdin
V6684
s10
f1
H720


cS
56t28r33o50u50s39t28r33u50p50,wh100cB
67.wh134c(
33150950850650)33.wf2

h134cT
56h50ewh120cC
67+68+wh144cP
61r39o50g50r39a50m72m72i28n50gn120 0
V6804
s10
f2
H720


cL
56a50n50g50u50a50g50ef1

44.w91A72d50d50i28s39o50n50-33W94e44s39l28e44y50.n120 0


x font 1 R
x font 2 I
x font 3 B
x font 4 BI
x font 5 CW
x font 6 H
x font 7 HB
x font 8 HX
x font 9 S1
x font 10 S
s10

f1

x X SP 36 PP #223 stdin
x X BS 2 IP #223 stdin
V6968
s10
f1
H720


h150cA
wh127cm
78a44j28o50r33,w80l28a44r33g50e44l28ywh106cc
44o50m78p50a44t28i28b50l28e44,w81`33`33o50b50j28e44c44t28-33o50r33i28e44n50t28e44d50'33'n120 0
V7088
s10
f1
H720


h150ce
44x50t28e44n50s39i28o50nwh124ct
28owh124cC
wh141ct
28h50a44twh102ci
28n50c44o50r33p50o50r33a44t28e44swh113cu
50s39e44r33-33d50eh44Cfi
56n50e44dn120 0
V7208
s10
f1
H720


h150ct
28y50p50e44sw72a44n50dw83o50p50e44r33a44t28i28o50n50s39.n120 0


x font 1 R
x font 2 I
x font 3 B
x font 4 BI
x font 5 CW
x font 6 H
x font 7 HB
x font 8 HX
x font 9 S1
x font 10 S
s10

f1

x X SP 36 LP #227 stdin
x X BS 2 LP #227 stdin
V900
s10
f1
H3216


cC
67o50m78p50u50t28e44rw99a44n50dwh116cB
67u50s39i28n50e44s39swh105cE
61q50u50i28p50m78e44n50tw94M89a44n50u50f33a44c44t28u50r33e44r33sn120 0
V1020
s10
f1
H3216


cA
72s39s39o50c44i28a44t28i28o50n50.wh114c(
33150950850950)33.wf2

h114cA
61m72e44r39i28c44a50nwh106cN
67a50t28i28o50n50a50lw84S50t28a50n50d50a50r39dn120 0
V1140
s10
f2
H3216


cf
28o50rw83I33n50f28o50r39m72a50t28i28o50nw94S50y44s39t28e44m72swh84Cem
wh134cP
61r39o50g50r39a50m72m72i28n50gw95L56a50n50g50u50a50g50en120 0
V1260
s10
f2
H3216


cC
f1

67.wh100cW
94a44s39h50i28n50g50t28o50n50:w70C67o50m78p50u50t28e44rw75a44n50dw92B67u50s39i28n50e44s39sw80E61q50u50i28p50m78e44n50tn120 0
V1380
s10
f1
H3216


cM
89a44n50u50f33a44c44t28u50r33e44r33sw72A72s39s39o50c44i28a44t28i28o50n50.w91X72350.25150550950-33150950850950.n120 0


x font 1 R
x font 2 I
x font 3 B
x font 4 BI
x font 5 CW
x font 6 H
x font 7 HB
x font 8 HX
x font 9 S1
x font 10 S
s10

f1

x X SP 36 PP #237 stdin
x X BS 2 IP #237 stdin
V1540
s10
f1
H3216


h150cT
61h50ew77f33u50t28u50r33ew77T61a44l28m78u50d50.n120 0


x font 1 R
x font 2 I
x font 3 B
x font 4 BI
x font 5 CW
x font 6 H
x font 7 HB
x font 8 HX
x font 9 S1
x font 10 S
s10

f1

x X NE 600 NH 	 #239 stdin
x X SP 120 NH #239 stdin
V1792
s10
f1
H3216

f3


c3
50.25350.w91S56y50s39t33e44mwh116cM
94a50n56u56a50l28sn120 0


x font 1 R
x font 2 I
x font 3 B
x font 4 BI
x font 5 CW
x font 6 H
x font 7 HB
x font 8 HX
x font 9 S1
x font 10 S
s10

f1

x X SP 36 LP #241 stdin
x X BS 2 LP #241 stdin
V2012
s10
f1
H3216


c(
33150950850350-33850450)33.wf2

h151cU
72n50i28xwh137cP
61r39o50g50r39a50m72m72e44r39'33swh132cM
83a50n50u50a50lf1

28.wh152cH
72o50l28t28,n120 0
V2132
s10
f1
H3216


cR
67e44i28n50h50a44r33tw80a44n50dwh102cW
94i28n50s39t28o50n50.wh110c2
wh102cv
50o50l28u50m78e44s39.wh110cA
72l28s39owh101cM
89c44I33l28r33o50y50,n120 0
V2252
s10
f1
H3216


cM
89.w64D72.25,w64&wh117cK
72e44r33n50i28g50h50a44n50,w64B67.w64W94.w64(33E61d50s39.25)33.w97(33J39a44n50u50a44r33yw90150950750950)33.n120 0
V2372
s10
f1
H3216

f2


cU
72n50i28xw84P61r39o50g50r39a50m72m72e44r39'33sw79M83a50n50u50a50l28,w65S50e44v44e44n50t28hw89E61d50i28t28i28o50nf1

50.w97M89u50rh33Chy
n120 0
V2492
s10
f1
H3216


cr
33a44ywh118cH
72i28l28l28,w93N72J39:w96B67e44l28lw96L61a44b50o50r33a44t28o50r33i28e44s39.wh126cR
67e44p50u50b50l28i28s39h50e44dwh118cb
50yn120 0
V2612
s10
f1
H3216


cH
72o50l28t28,w58R67e44i28n50h50a44r33tw61a44n50dw83W94i28n50s39t28o50n50.n120 0


x font 1 R
x font 2 I
x font 3 B
x font 4 BI
x font 5 CW
x font 6 H
x font 7 HB
x font 8 HX
x font 9 S1
x font 10 S
s10

f1

x X SP 36 PP #255 stdin
x X BS 2 IP #255 stdin
V2772
s10
f1
H3216


h150cT
61h50ew93s39e44v50e44n50t28hw99e44d50i28t28i28o50nw99o50fw82t28h50i28sw88m78a44n50u50a44l28.wh107cV
72o50l28u50m78ew942n120 0
V2892
s10
f1
H3216


h150cc
44o50n50t28a44i28n50sw87m78o50r33ew92d50i28s39c44u50r33s39i28v50ew92p50a44p50e44r33sw86o50nw97t28h50ew91u50s39ew91a44n50dn120 0
V3012
s10
f1
H3216


h150ci
28m78p50l28e44m78e44n50t28a44t28i28o50nwh120co
50fwf2

h103ca
50d50b50,w95b50c44,w95c44c44,w95d50c44,w95l28i28n50t28,w96m72450,n120 0
V3132
s10
f2
H3216


h150cm
72a50k44e44,w58r39a50t28f28o50r39,w58s39e44d50,wf1

58a44n50dw83o50t28h50e44rw66f33a44c44i28l28i28t28i28e44s39.n120 0


x font 1 R
x font 2 I
x font 3 B
x font 4 BI
x font 5 CW
x font 6 H
x font 7 HB
x font 8 HX
x font 9 S1
x font 10 S
s10

f1

x X SP 36 LP #270 stdin
x X BS 2 LP #270 stdin
V3352
s10
f1
H3216


cC
67o50m78p50u50t28e44rw66S56c44i28e44n50c44ew78D72i28v50i28s39i28o50n50,w59U72n50i28v50e44r33s39i28t28yw84o50fw67C67a44l28i28f33o50r33n50i28a44.n120 0
V3472
s10
f1
H3216


c(
33J39u50n50e44,w75150950850150)33.wf2

h108cU
72n50i28xw94P61r39o50g50r39a50m72m72e44r39'33sw89M83a50n50u50a50l28,w75V61i28r39t28u50a50ln120 0
V3592
s10
f2
H3216


cV
61A61X61-331501w88V61e44r39s39i28o50nf1

50.w96B67e44r33k50e44l28e44y50:w66C67o50m78p50u50t28e44rw71S56c44i28e44n50c44ew82D72i28v50ih28Chy
n120 0
V3712
s10
f1
H3216


cs
39i28o50n50,w58U72n50i28v50e44r33s39i28t28yw83o50fw66C67a44l28i28f33o50r33n50i28a44.n120 0


x font 1 R
x font 2 I
x font 3 B
x font 4 BI
x font 5 CW
x font 6 H
x font 7 HB
x font 8 HX
x font 9 S1
x font 10 S
s10

f1

x X SP 36 PP #279 stdin
x X BS 2 IP #279 stdin
V3872
s10
f1
H3216


h150cT
61h50ew87B67e44r33k50e44l28e44yw94d50e44s39c44e44n50d50a44n50tw72o50fw77t28h50ew88s39e44v50e44n50t28hw94e44d50i28t28i28o50n50.n120 0
V3992
s10
f1
H3216


h150cV
72o50l28u50m78ew79250Cwh102cc
44o50n50t28a44i28n50sw74d50e44s39c44r33i28p50t28i28o50n50sw73o50fwf2

67v44iwf1

62a44n50dwf2

84F61r39a50n50zn120 0
V4112
s10
f2
H3216


h150cL
56i28s39p50.n120 0


x font 1 R
x font 2 I
x font 3 B
x font 4 BI
x font 5 CW
x font 6 H
x font 7 HB
x font 8 HX
x font 9 S1
x font 10 S
s10

f1

x X SP 36 LP #286 stdin
x X BS 2 LP #286 stdin
V4332
s10
f1
H3216


cA
72T61&78Twh105cC
67u50s39t28o50m78e44rw77I33n50f33o50r33m78a44t28i28o50nw94C67e44n50t28e44r33.wh102c(
33A72p50r33i28lw72150950850450)33.n120 0
V4452
s10
f1
H3216

f2


cS
50y44s39t28e44mwh140cV
wh129cI
33n50t28e44r39f28a50c44ewh112cD
72eh44Cfi
50n50i28t28i28o50nf1

50.wh126cP
56.25O72.w93B67o50xwh118c1
50950950050150,n120 0
V4572
s10
f1
H3216


cI
33n50d50i28a44n50a44p50o50l28i28swh107c4
50650250150950:w96A72T61&78Twh130cC
67u50s39t28o50m78e44rwh102cI
33n50f33o50r33m78a44t28i28o50nn120 0
V4692
s10
f1
H3216


cC
67e44n50t28e44r33.w91S56e44l28e44c44tw61c44o50d50ew77350050750-33150250750.n120 0


x font 1 R
x font 2 I
x font 3 B
x font 4 BI
x font 5 CW
x font 6 H
x font 7 HB
x font 8 HX
x font 9 S1
x font 10 S
s10

f1

x X SP 36 PP #296 stdin
x X BS 2 IP #296 stdin
V4852
s10
f1
H3216


h150cT
61h50ew97o50fh33Cfi
56c44i28a44lw81d50e44s39c44r33i28p50t28i28o50nwh103co
50fw86w72h50a44tw81m78a44k50e44sw92aw97c44o50mh78Chy
n120 0
V4972
s10
f1
H3216


h150cm
78e44r33c44i28a44lw61o50f33f33e44r33i28n50gw83q50u50a44l28i28f33yw83a44sw72aws9

74U65N65I30Xws10

98s39y50s39t28e44m78.n120 0


x font 1 R
x font 2 I
x font 3 B
x font 4 BI
x font 5 CW
x font 6 H
x font 7 HB
x font 8 HX
x font 9 S1
x font 10 S
s10

f1

x X SP 36 LP #302 stdin
x X BS 2 LP #302 stdin
V5192
s10
f1
H3216


cI
33E61E61Ewh121c(
33150950850850)33.wf2

h118cI
33E61E61Ewh121cS
50t28a50n50d50a50r39dwh110cP
61o50r39t28a50b50l28ewh104cO
72p50e44r39a50t28i28n50gn120 0
V5312
s10
f2
H3216


cS
50y44s39t28e44mwh135cI
33n50t28e44r39f28a50c44ewh107cf
28o50rwh102cC
67o50m72p50u50t28e44rwh102cE
61n50v44i28r39o50n50m72e44n50t28swh101c(
33S50t28dn120 0
V5432
s10
f2
H3216


c1
50050050350.25150-33150950850850)f1

33.w91I33E61E61E61.n120 0


x font 1 R
x font 2 I
x font 3 B
x font 4 BI
x font 5 CW
x font 6 H
x font 7 HB
x font 8 HX
x font 9 S1
x font 10 S
s10

f1

x X SP 36 PP #311 stdin
x X BS 2 IP #311 stdin
V5592
s10
f1
H3216


h150cA
wh118cv
50e44n50d50o50r33-33n50e44u50t28r33a44lw75s39t28a44n50d50a44r33dw97f33o50rws9

77U65N65I30Xs10

65-33l28i28k50ew91o50p50e44r33a44th28Chy
n120 0
V5712
s10
f1
H3216


h150ci
28n50gw83s39y50s39t28e44mwh111cf
33u50n50c44t28i28o50n50a44l28i28t28y50.n120 0


x font 1 R
x font 2 I
x font 3 B
x font 4 BI
x font 5 CW
x font 6 H
x font 7 HB
x font 8 HX
x font 9 S1
x font 10 S
s10

f1

x X NE 600 NH 	 #315 stdin
x X SP 120 NH #315 stdin
V5964
s10
f1
H3216

f3


c3
50.25450.w91I39m83p56l28e44m83e44n56t33a50t33i28o50nn120 0


x font 1 R
x font 2 I
x font 3 B
x font 4 BI
x font 5 CW
x font 6 H
x font 7 HB
x font 8 HX
x font 9 S1
x font 10 S
s10

f1

x X SP 36 LP #317 stdin
x X BS 2 LP #317 stdin
V6184
s10
f1
H3216


cB
67a44c44h50,w94M89.w94J39.wh127c(
33150950850650)33.wf2

h127cT
56h50ewh113cD
72e44s39i28g50nwh119co
50fw97t28h50ewh114cU
72N67I33Xn120 0
V6304
s10
f2
H3216


cO
72p50e44r39a50t28i28n50gw83S50y44s39t28e44mf1

72.w91P56r33e44n50t28i28c44e44-33H72a44l28l28.n120 0


x font 1 R
x font 2 I
x font 3 B
x font 4 BI
x font 5 CW
x font 6 H
x font 7 HB
x font 8 HX
x font 9 S1
x font 10 S
s10

f1

x X SP 36 PP #326 stdin
x X BS 2 IP #326 stdin
V6464
s10
f1
H3216


h150cH
72o50wwh105cS
56y50s39t28e44mwh111cV
wh105cw
72o50r33k50s39.n120 0


x font 1 R
x font 2 I
x font 3 B
x font 4 BI
x font 5 CW
x font 6 H
x font 7 HB
x font 8 HX
x font 9 S1
x font 10 S
s10

f1

x X SP 36 LP #328 stdin
x X BS 2 LP #328 stdin
V6684
s10
f1
H3216


cL
61eh44Cfl
56e44r33,w81S56.w81J39.25,w81M89c44K72u50s39i28c44k50,w81M89.w81K72.25,w82K72a44r33e44l28s39,w82M89.w82J39.25,w82&n120 0
V6804
s10
f1
H3216


cQ
72u50a44r33t28e44r33m78a44n50,w74J39.w74S56.wh106c(
33150950850950)33.wf2

h106cT
56h50ew92D72e44s39i28g50nw98a50n50dw98I33m72p50l28eh44Chy
n120 0
V6924
s10
f2
H3216


cm
72e44n50t28a50t28i28o50nw97o50fw75t28h50ew91450.253w97B61S50Dwh119cU
72N67I33Xwh108cO
72p50e44r39a50t28i28n50gw98S50y44s39t28e44mf1

72.n120 0
V7044
s10
f1
H3216


cR
67e44a44d50i28n50g50,w58M89a44s39s39:w61A72d50i28s39o50n50-33W94e44s39l28e44y50.n120 0


x font 1 R
x font 2 I
x font 3 B
x font 4 BI
x font 5 CW
x font 6 H
x font 7 HB
x font 8 HX
x font 9 S1
x font 10 S
s10

f1

x X SP 36 PP #337 stdin
x X BS 2 IP #337 stdin
V7204
s10
f1
H3216


h150cH
72o50wwh105ct
28h50ew77o50t28h50e44rw66h50a44l28fw66l28i28v50e44s39.n120 0


x font 1 R
x font 2 I
x font 3 B
x font 4 BI
x font 5 CW
x font 6 H
x font 7 HB
x font 8 HX
x font 9 S1
x font 10 S
s10

f1

x X BT 2 #11 stdin
V7560
s10
f1
H720


c2
h4132cU
72N72I33X72 33P56a44p50e44r33sn120 0
x X END BT 2 #11 stdin
V7920

#MESSAGE TO USER:  page 3 only 51% full; will not be adjusted
p3


x font 1 R
x font 2 I
x font 3 B
x font 4 BI
x font 5 CW
x font 6 H
x font 7 HB
x font 8 HX
x font 9 S1
x font 10 S
s10

f1

x X PT 3 #13 stdin
V480
s10
f1
H720

x font 0 NI
f0


ci
33n61t35r44of1

h4013cI
33n50t28r33o50d50u50c44t28i28o50nn120 0
x X END PT 3 #13 stdin
V720


x font 1 R
x font 2 I
x font 3 B
x font 4 BI
x font 5 CW
x font 6 H
x font 7 HB
x font 8 HX
x font 9 S1
x font 10 S
s10

f1

x X NE 600 NH 	 #339 stdin
x X SP 120 NH #339 stdin
V840
s10
f1
H720

f3


c3
50.25550.w91S56p56e44c44i28a50lw61L67a50n56g50u56a50g50e44sw72a50n56dw89A72p56p56l28i28c44a50t33i28o50n56sn120 0


x font 1 R
x font 2 I
x font 3 B
x font 4 BI
x font 5 CW
x font 6 H
x font 7 HB
x font 8 HX
x font 9 S1
x font 10 S
s10

f1

x X SP 36 LP #342 stdin
x X BS 2 LP #342 stdin
V1056
s10
f1
H720


cA
72h50o50,w65A72.w66V72.25,w66K72e44r33n50i28g50h50a44n50,w66B67.w66W94.25,w66&wh119cW
94e44i28n50b50e44r33g50e44r33,w66P56.w66J39.n120 0
V1176
s10
f1
H720


c(
33150950850850)33.wf2

h107cT
56h50ew93A61W83Kwh115cP
61r39o50g50r39a50m72m72i28n50gw98L56a50n50g50u50a50g50ef1

44.wh106cR
67e44a44dh50Chy
n120 0
V1296
s10
f1
H720


ci
28n50g50,w58M89a44s39s39a44c44h50u50s39e44t28t28s39:w61A72d50d50i28s39o50n50-33W94e44s39l28e44y50.n120 0


x font 1 R
x font 2 I
x font 3 B
x font 4 BI
x font 5 CW
x font 6 H
x font 7 HB
x font 8 HX
x font 9 S1
x font 10 S
s10

f1

x X SP 36 PP #351 stdin
x X BS 2 IP #351 stdin
V1452
s10
f1
H720


h150cS
56u50g50g50e44s39t28i28v50ewh129ce
44x50a44m78p50l28e44swh124co
50fwh118ch
50o50wwh158ct
28owh136ce
44x50p50l28o50i28twh114ca
44nn120 0
V1572
s10
f1
H720


h150cu
50n50u50s39u50a44lw61l28a44n50g50u50a44g50e44.n120 0


x font 1 R
x font 2 I
x font 3 B
x font 4 BI
x font 5 CW
x font 6 H
x font 7 HB
x font 8 HX
x font 9 S1
x font 10 S
s10

f1

x X SP 36 LP #354 stdin
x X BS 2 LP #354 stdin
V1788
s10
f1
H720


cH
72a44r33p50e44r33,w76R67.25,w76M89i28l28n50e44r33,w76R67.25,w76&wh130cT
61o50f33t28e44,w77M89.wh110c(
33M89a44ywh102c1
50950850950)33.n120 0
V1908
s10
f1
H720

f2


cT
56h50ewh104cD
72eh44Cfi
50n50i28t28i28o50nwh109co
50fw87S50t28a50n50d50a50r39dwh109cM
83L56,w84V61e44r39s39i28o50nwh109c3
wf1

h109c(
33E61C67S56-n120 0
V2028
s10
f1
H720


cL
61F56C67S56-33850950-33850150)33.wh128cD
72e44p50tw98o50fwh104cC
67o50m78p50u50t28e44rwh104cS
56c44i28e44n50c44e44,w96E61d50i28nh50Chy
n120 0
V2148
s10
f1
H720


cb
50u50r33g50hw83U72n50i28v50e44r33s39i28t28y50.n120 0


x font 1 R
x font 2 I
x font 3 B
x font 4 BI
x font 5 CW
x font 6 H
x font 7 HB
x font 8 HX
x font 9 S1
x font 10 S
s10

f1

x X SP 36 PP #364 stdin
x X BS 2 IP #364 stdin
V2304
s10
f1
H720


h150cA
72nwh115ce
44l28e44g50a44n50tw93i28n50t28e44r33a44c44t28i28v50ewh110cl
28a44n50g50u50a44g50ewh110cb
50a44s39e44dwh116co
50nwh116ct
28h50en120 0
V2424
s10
f1
H720


h150cl
28a44t28e44s39tw61t28h50e44o50r33yw83o50fw66h50i28g50h50e44rw66l28e44v50e44lw61t28y50p50e44s39.n120 0


x font 1 R
x font 2 I
x font 3 B
x font 4 BI
x font 5 CW
x font 6 H
x font 7 HB
x font 8 HX
x font 9 S1
x font 10 S
s10

f1

x X SP 36 LP #368 stdin
x X BS 2 LP #368 stdin
V2640
s10
f1
H720


cB
67e44c44k50e44r33,w73R67.w73A72.25,w73&wh126cC
67h50a44m78b50e44r33s39,w73J39.w73M89.wh106c(
33150950850450)33.wf2

h107cS
50,w74A61nn120 0
V2760
s10
f2
H720


cI
33n50t28e44r39a50c44t28i28v44ewh130cE
61n50v44i28r39o50n50m72e44n50twh114cf
28o50rwh125cD
72a50t28awh136cA
61n50a50l28y44s39i28swh125ca
50n50dn120 0
V2880
s10
f2
H720


cG
72r39a50p50h50i28c44sf1

39.w91W94a44d50s39w72o50r33t28h50.n120 0


x font 1 R
x font 2 I
x font 3 B
x font 4 BI
x font 5 CW
x font 6 H
x font 7 HB
x font 8 HX
x font 9 S1
x font 10 S
s10

f1

x X SP 36 PP #377 stdin
x X BS 2 IP #377 stdin
V3036
s10
f1
H720


h150cJ
39u50s39tw61w72h50a44tw61t28h50ew77t28i28t28l28ew77s39a44y50sw72i28tw61i28s39.n120 0


x font 1 R
x font 2 I
x font 3 B
x font 4 BI
x font 5 CW
x font 6 H
x font 7 HB
x font 8 HX
x font 9 S1
x font 10 S
s10

f1

x X SP 36 LP #380 stdin
x X BS 2 LP #380 stdin
V3252
s10
f1
H720


cF
56o50x50,w89P56.w90A72.wh123c(
33150950850450)33.wf2

h123cP
61O72R61Twh121c3
f1

50.wh123cM
89u50r33r33a44ywh115cH
72i28l28l28,w90N72Jn120 0
V3372
s10
f1
H720


c0
50750950750450:w71C67o50m78p50u50t28i28n50gw93I33n50f33o50r33m78a44t28i28o50nw93L61i28b50r33a44r33y50,w68A72T61&78Twh104cB
67e44l28ln120 0
V3492
s10
f1
H720


cL
61a44b50o50r33a44t28o50r33i28e44s39.w912w83v50o50l28u50m78e44s39.n120 0


x font 1 R
x font 2 I
x font 3 B
x font 4 BI
x font 5 CW
x font 6 H
x font 7 HB
x font 8 HX
x font 9 S1
x font 10 S
s10

f1

x X SP 36 PP #390 stdin
x X BS 2 IP #390 stdin
V3648
s10
f1
H720


h150cA
wh122cc
44o50m78p50r33e44h50e44n50s39i28v50ew95l28i28b50r33a44r33ywh101co
50fw84F56o50r33t28r33a44nwh101cs
39u50b50r33o50u50t28i28n50e44sn120 0
V3768
s10
f1
H720


h150cf
33o50rw78a44p50p50r33o50x50i28m78a44t28i28o50n50,w70o50r33d50i28n50a44r33yw95a44n50dw95p50a44r33t28i28a44lw73d50i28f33f33e44r33e44nh50Chy
n120 0
V3888
s10
f1
H720


h150ct
28i28a44lw77e44q50u50a44t28i28o50n50s39,w74l28i28n50e44a44rw82a44l28g50e44b50r33a44,w74o50p50t28i28m78i28z44a44t28i28o50n50,w74q50u50ah44Chy
n120 0
V4008
s10
f1
H720


h150cd
50r33a44t28u50r33e44,w58s39p50e44c44i28a44lw61f33u50n50c44t28i28o50n50sw72a44n50dw83F56F56T61s39.n120 0


x font 1 R
x font 2 I
x font 3 B
x font 4 BI
x font 5 CW
x font 6 H
x font 7 HB
x font 8 HX
x font 9 S1
x font 10 S
s10

f1

x X SP 36 LP #395 stdin
x X BS 2 LP #395 stdin
V900
s10
f1
H3216


cK
72n50u50t28h50,w93D72.w94E61.wh127c(
33150950850650)33.wf2

h127cT
56h50ewh113cT
56e44X61b50o50o50kf1

44.wh127cA
72m78e44r33i28c44a44nn120 0
V1020
s10
f1
H3216


cM
89a44t28h50e44m78a44t28i28c44a44lw61S56o50c44i28e44t28yw83&wh111cA
72d50d50i28s39o50nw83W94e44s39l28e44y50.n120 0


x font 1 R
x font 2 I
x font 3 B
x font 4 BI
x font 5 CW
x font 6 H
x font 7 HB
x font 8 HX
x font 9 S1
x font 10 S
s10

f1

x X SP 36 PP #404 stdin
x X BS 2 IP #404 stdin
V1179
s10
f1
H3216


h150cA
wh128cm
78o50d50e44r33nwh106ca
44l28t28e44r33n50a44t28i28v50ewh100ct
28owf2

h106ct
28r39o50f28fwf1

84a44n50dwf2

h106ce
44q50nf1

50,w82b50ywh107ct
28h50en120 0
V1299
s10
f1
H3216


h150cm
78a44s39t28e44rw66o50fw66c44o50m78p50u50t28e44rw66s39c44i28e44n50c44e44.n120 0


x font 1 R
x font 2 I
x font 3 B
x font 4 BI
x font 5 CW
x font 6 H
x font 7 HB
x font 8 HX
x font 9 S1
x font 10 S
s10

f1

x X SP 36 LP #411 stdin
x X BS 2 LP #411 stdin
V1518
s10
f1
H3216


cL
61a44m78p50o50r33t28,w64L61.w97(33150950850650)33.wf2

97L56a50T56e44X61:w72Awh100cD
72o50c44u50m72e44n50tw68P61r39e44p50a50r39ah50Chy
n120 0
V1638
s10
f2
H3216


ct
28i28o50nwh140cS
50y44s39t28e44mf1

72.wh148cR
67e44a44d50i28n50g50,wh114cM
89a44s39s39a44c44h50u50s39e44t28t28s39:wh117cA
72d50d50i28s39o50n50-n120 0
V1758
s10
f1
H3216


cW
94e44s39l28e44y50.n120 0


x font 1 R
x font 2 I
x font 3 B
x font 4 BI
x font 5 CW
x font 6 H
x font 7 HB
x font 8 HX
x font 9 S1
x font 10 S
s10

f1

x X SP 36 PP #420 stdin
x X BS 2 IP #420 stdin
V1917
s10
f1
H3216

f2


h150cL
56a50T56e44Xwf1

94i28sw72t28owf2

83T56e44Xwf1

94a44swf5

72-60m60swf1

93a44n50dwf2

83r39e44f28e44rwf1

72a44r33ew77t28owf2

83t28r39o50f28f28.n120 0


x font 1 R
x font 2 I
x font 3 B
x font 4 BI
x font 5 CW
x font 6 H
x font 7 HB
x font 8 HX
x font 9 S1
x font 10 S
s10

f1

x X SP 36 LP #431 stdin
x X BS 2 LP #431 stdin
V2136
s10
f1
H3216


cB
67o50l28s39k50y50,w84M89.w84I33.wh117c(
33150950850550)33.wf2

h118cT
56h50ewh104cv
44iw88U72s39e44r39'33sw99H72a50n50d50b50o50o50kf1

44.n120 0
V2256
s10
f1
H3216


cP
56r33e44n50t28i28c44e44-33H72a44l28l28.n120 0


x font 1 R
x font 2 I
x font 3 B
x font 4 BI
x font 5 CW
x font 6 H
x font 7 HB
x font 8 HX
x font 9 S1
x font 10 S
s10

f1

x X SP 36 PP #440 stdin
x X BS 2 IP #440 stdin
V2415
s10
f1
H3216


h150cA
72tw766506w98p50a44g50e44s39,w74o50n50ew93o50fw82t28h50ew93s39h50o50r33t28e44rw82d50e44s39c44r33i28p50t28i28o50n50sw88o50fn120 0
V2535
s10
f1
H3216


h150ct
28h50i28sw72b50i28g50,w58y50e44tw61p50o50p50u50l28a44r33,w58p50r33o50g50r33a44m78.n120 0


x font 1 R
x font 2 I
x font 3 B
x font 4 BI
x font 5 CW
x font 6 H
x font 7 HB
x font 8 HX
x font 9 S1
x font 10 S
s10

f1

x X SP 36 LP #444 stdin
x X BS 2 LP #444 stdin
V2754
s10
f1
H3216


cA
72T61&78Tw94C67u50s39t28o50m78e44rw66I33n50f33o50r33m78a44t28i28o50nw83C67e44n50t28e44r33.w91(33150950850250)33.wf2

91U72N67I33Xn120 0
V2874
s10
f2
H3216


cS
50y44s39t28e44mwh117cV
wh106cW
83r39i28t28e44r39'33sw84W83o50r39k44b50e44n50c44hw95S50o50f28t28w67a50r39ew88R61e44l28e44a50s39ew88250.250n120 0
V2994
s10
f2
H3216


cD
72o50c44u50m72e44n50t28a50t28i28o50nwh104cS
50e44tf1

28.wh113cP
56.25O72.w80B67o50xwh105c1
50950950050150,w80I33n50d50i28a44n50a44p50o50l28i28sn120 0
V3114
s10
f1
H3216


c4
50650250150950:w68A72T61&78Twh101cC
67u50s39t28o50m78e44rw73I33n50f33o50r33m78a44t28i28o50nw90C67e44n50t28e44r33.w98S56e44l28e44c44tn120 0
V3234
s10
f1
H3216


cc
44o50d50ew77350050250-33950450950.n120 0


x font 1 R
x font 2 I
x font 3 B
x font 4 BI
x font 5 CW
x font 6 H
x font 7 HB
x font 8 HX
x font 9 S1
x font 10 S
s10

f1

x X SP 36 PP #454 stdin
x X BS 2 IP #454 stdin
V3393
s10
f1
H3216


h150cC
67o50m78p50l28e44t28ew77d50e44t28a44i28lw61a44b50o50u50twf2

61w67w67bf1

50(33150)33.n120 0


x font 1 R
x font 2 I
x font 3 B
x font 4 BI
x font 5 CW
x font 6 H
x font 7 HB
x font 8 HX
x font 9 S1
x font 10 S
s10

f1

x X SP 36 LP #458 stdin
x X BS 2 LP #458 stdin
V3612
s10
f1
H3216


cS
56t28e44v50e44n50s39,w77W94.w77R67.wh110c(
33150950950050)33.wf2

h110cU
72N67I33Xwh114cN
67e44t28w67o50r39kw97P61r39o50g50r39a50mh72Chy
n120 0
V3732
s10
f2
H3216


cm
72i28n50gf1

50.w91P56r33e44n50t28i28c44ew77H72a44l28l28.n120 0


x font 1 R
x font 2 I
x font 3 B
x font 4 BI
x font 5 CW
x font 6 H
x font 7 HB
x font 8 HX
x font 9 S1
x font 10 S
s10

f1

x X SP 36 PP #467 stdin
x X BS 2 IP #467 stdin
V3891
s10
f1
H3216


h150cA
ws9

h120cU
65N65I30Xws10

h116cp
50r33o50g50r33a44m78m78e44r33'33sw90g50u50i28d50ew95t28owh101cu
50s39i28n50gwh101cI
33P56Cwh119ca
44n50dn120 0
V4011
s10
f1
H3216


h150cn
50e44t28w72o50r33k50s39.n120 0
x X CMD BP #471 stdin


x font 1 R
x font 2 I
x font 3 B
x font 4 BI
x font 5 CW
x font 6 H
x font 7 HB
x font 8 HX
x font 9 S1
x font 10 S
s10

f1

x X BT 3 #13 stdin
V7560
s10
f1
H720


cR
67e44s39e44a44r33c44h50 33T61e44n50t28h50 33E61d50i28t28i28o50nh3721c3
n120 0
x X END BT 3 #13 stdin
V7920

#MESSAGE TO USER:  page 4 only 2% full; will not be adjusted
p4


x font 1 R
x font 2 I
x font 3 B
x font 4 BI
x font 5 CW
x font 6 H
x font 7 HB
x font 8 HX
x font 9 S1
x font 10 S
s10

f1

x X PT 4 #27 stdin
V480
s10
f1
H720


cI
33n50t28r33o50d50u50c44t28i28o50nx font 0 NI
f0

h4013ci
33n61t35r44on120 0
x X END PT 4 #27 stdin
V720
V840
s10
f1
H720


h150cp
50h50o50t28ow83p50a44g50en120 0
x X CMD BP #473 stdin


x font 1 R
x font 2 I
x font 3 B
x font 4 BI
x font 5 CW
x font 6 H
x font 7 HB
x font 8 HX
x font 9 S1
x font 10 S
s10

f1

x X BT 4 #27 stdin
V7560
s10
f1
H720


c4
h4132cU
72N72I33X72 33P56a44p50e44r33sn120 0
x X END BT 4 #27 stdin
V7920
p5


x font 1 R
x font 2 I
x font 3 B
x font 4 BI
x font 5 CW
x font 6 H
x font 7 HB
x font 8 HX
x font 9 S1
x font 10 S
s10

f1

x X PT 5 #43 stdin
V480
s10
f1
H720

x font 0 NI
f0


ci
33n61t35r44of1

h4013cI
33n50t28r33o50d50u50c44t28i28o50nn120 0
x X END PT 5 #43 stdin
V720
V840
s10
f1
H720


h150cd
50i28v50i28d50e44rw66w72i28t28hw83t28i28t28l28en120 0
V1080
s10
f1
H720


h712cD
72o50c44u50m78e44n50tw61P56r33e44p50a44r33a44t28i28o50nn120 0


x font 1 R
x font 2 I
x font 3 B
x font 4 BI
x font 5 CW
x font 6 H
x font 7 HB
x font 8 HX
x font 9 S1
x font 10 S
s10

f1

x X BT 5 #43 stdin
V7560
s10
f1
H720


cR
67e44s39e44a44r33c44h50 33T61e44n50t28h50 33E61d50i28t28i28o50nh3721c5
n120 0
x X END BT 5 #43 stdin
V7920
x trailer

x stop
