uncrate libodelta 910208 base
57 blocks
uncrate libx 910208 base
1364 blocks
uncrate pax 910208 base
389 blocks
build libx 910208
+ cp port/mkhdr.sh mkhdr 
+ chmod u+w,+x mkhdr 
+ mkhdr lclstdio  cc -O 
+ mkhdr lcldirent  cc -O 
+ mkhdr lclparam  cc -O 
+ mkhdr lcllimits  cc -O 
+ : generate local FEATURE information for getdents 
+ set - 
+ : generate local FEATURE information for dir 
+ set - 
+ cc -O -I. -c port/genhdr.c 
+ cc -O -o genhdr genhdr.o 
+ mkhdr limits ' genhdr' cc -O 
+ mkhdr dirent ' genhdr' cc -O 
+ mkhdr fsinfo ' genhdr' cc -O 
+ mkhdr preroot  cc -O 
+ cc -O -I. -Idir -Iinclude -c dir/opendir.c 
+ cc -O -I. -Idir -Iinclude -c dir/readdir.c 
+ cc -O -I. -Idir -Iinclude -c dir/rewinddir.c 
+ cc -O -I. -Idir -Iinclude -c dir/seekdir.c 
+ cc -O -I. -Idir -Iinclude -c dir/telldir.c 
+ cc -O -I. -c misc/getcwd.c 
+ cc -O -I. -UDEBUG -c misc/setcwd.c 
+ cc -O -c misc/getshell.c 
+ cc -O -I. -Ihash -Iinclude -c hash/hashalloc.c 
+ cc -O -I. -Ihash -Iinclude -c hash/hashdump.c 
+ cc -O -I. -Ihash -Iinclude -c hash/hashfree.c 
+ cc -O -I. -Ihash -Iinclude -c hash/hashlook.c 
+ cc -O -I. -Ihash -Iinclude -c hash/hashscan.c 
+ cc -O -I. -Ihash -Iinclude -c hash/hashsize.c 
+ cc -O -I. -Ihash -Iinclude -c hash/hashwalk.c 
+ cc -O -I. -Ihash -Iinclude -c hash/memhash.c 
+ cc -O -I. -Ihash -Iinclude -c hash/memsum.c 
+ cc -O -I. -Ihash -Iinclude -c hash/strhash.c 
+ cc -O -I. -Ihash -Iinclude -c hash/strsum.c 
+ cc -O -c misc/cvtatoe.c 
+ cc -O -c misc/cvtetoa.c 
+ cc -O -c string/chresc.c 
+ cc -O -I. -c string/ctoi.c 
+ cc -O -c string/streval.c 
+ cc -O -c string/strmatch.c 
+ cc -O -c string/strcopy.c 
+ cc -O -Istring -c string/strmode.c 
+ cc -O -c string/stresc.c 
+ cc -O -Iinclude -c string/stropt.c 
+ cc -O -Iinclude -c string/strtape.c 
+ cc -O -c string/tok.c 
+ cc -O -I. -c misc/pathaccess.c 
+ cc -O -c misc/pathcanon.c 
+ cc -O -c misc/pathcheck.c 
+ cc -O -c misc/pathpath.c 
+ cc -O -I. -Iinclude -c misc/pathkey.c 
+ cc -O -I. -Iinclude -c misc/pathprobe.c 
+ cc -O -c misc/pathtemp.c 
+ cc -O -Iinclude -c misc/cmdargs.c 
+ cc -O -c misc/fs3d.c 
+ cc -O -I. -Iinclude -c misc/ftwalk.c 
+ : generate local FEATURE information for strerror 
+ set - 
+ cc -O -I. -Iinclude -c misc/perror.c 
+ cc -O -c misc/putenv.c 
+ : generate local FEATURE information for bzero 
+ set - 
+ cc -O -I. -c misc/calloc.c 
+ : generate local FEATURE information for bcopy 
+ set - 
+ cc -O -I. -UDEBUG -c misc/malloc.c 
+ cc -O -Iinclude -c misc/getnamval.c 
+ cc -O -c misc/optget.c 
+ cc -O -c misc/hsort.c 
+ cc -O -Iinclude -c misc/query.c 
+ mkhdr sig  cc -O 
+ cc -O -I. -Iinclude -c misc/error.c 
+ cc -O -Iinclude -c misc/liberror.c 
+ cc -O -I. -Iinclude -c string/strerror.c 
+ cc -O -Iinclude -c string/strsignal.c 
+ cc -O -Iinclude -c string/fmtelapsed.c 
+ cc -O -I. -Iinclude -c string/fmtls.c 
+ cc -O -Istring -c string/fmtmode.c 
+ cc -O -I. -Iinclude -c string/fmtperm.c 
+ cc -O -Iinclude -c string/fmtuid.c 
+ cc -O -Iinclude -c string/fmtgid.c 
+ cc -O -c string/strelapsed.c 
+ cc -O -I. -Iinclude -c string/strperm.c 
+ cc -O -Iinclude -c string/struid.c 
+ cc -O -Iinclude -c string/strgid.c 
+ cc -O -Iinclude -c misc/stack.c 
+ cc -O -Iinclude -c misc/stak.c 
+ cc -O -Iinclude -c string/memswap.c 
+ cc -O -I. -Iinclude -c string/gethalf.c 
+ cc -O -I. -Iinclude -c string/getlong.c 
+ cc -O -I. -Iinclude -c string/puthalf.c 
+ cc -O -I. -Iinclude -c string/putlong.c 
+ cc -O -Iinclude -c misc/fgetline.c 
+ : generate local FEATURE information for sigsetmask 
+ set - 
+ cc -O -I. -c misc/sigcrit.c 
+ : generate local FEATURE information for sigunblock 
+ set - 
+ cc -O -I. -c comp/sigunblock.c 
+ cc -O -I. -Imisc -Iinclude -c misc/cmdopen.c 
+ cc -O -I. -Imisc -Iinclude -c misc/cmdclose.c 
+ cc -O -c misc/cmdrun.c 
+ cc -O -I. -Imisc -Iinclude -c misc/cmdwait.c 
+ cc -O -I. -Imisc -Iinclude -c misc/cmdkill.c 
+ cc -O -I. -Ire -Iinclude -UDEBUG -c re/recomp.c 
+ cc -O -Iinclude -c re/reerror.c 
+ cc -O -I. -Ire -Iinclude -UDEBUG -c re/reexec.c 
+ cc -O -I. -Ire -Iinclude -c re/resub.c 
+ cc -O -Iinclude -c tm/tmdate.c 
+ cc -O -Iinclude -c tm/tmfix.c 
+ cc -O -Iinclude -c tm/tmform.c 
+ cc -O -Iinclude -c tm/tmgoff.c 
+ cc -O -Iinclude -c tm/tminit.c 
+ cc -O -Iinclude -c tm/tmleap.c 
+ cc -O -Iinclude -c tm/tmlex.c 
+ cc -O -Iinclude -c tm/tmmake.c 
+ cc -O -Iinclude -c tm/tmpoff.c 
+ cc -O -Iinclude -c tm/tmtime.c 
+ cc -O -Iinclude -c tm/tmtype.c 
+ cc -O -Iinclude -c tm/tmword.c 
+ cc -O -Iinclude -c tm/tmzone.c 
+ cc -O -c vec/vecargs.c 
+ cc -O -c vec/vecfile.c 
+ cc -O -c vec/vecfree.c 
+ cc -O -c vec/vecload.c 
+ cc -O -c vec/vecstring.c 
+ : generate local FEATURE information for universe 
+ set - 
+ cc -O -I. -Imisc -Iinclude -c misc/getsymlink.c 
+ cc -O -I. -Imisc -Iinclude -c misc/putsymlink.c 
+ cc -O -I. -Imisc -Iinclude -c misc/univdata.c 
+ cc -O -I. -Imisc -Iinclude -c misc/getuniv.c 
+ cc -O -I. -Imisc -Iinclude -c misc/setuniv.c 
+ : generate local FEATURE information for jioctl 
+ set - 
+ mkhdr ttyinfo  cc -O 
+ cc -O -I. -c port/winsize.c 
+ cc -O -c port/fclex.c 
+ mkhdr sigdata ' genhdr' cc -O 
+ cc -O -I. -c port/sigdata.c 
+ : generate local FEATURE information for utime 
+ set - 
+ cc -O -I. -c port/touch.c 
+ cc -O -c misc/lpstat.c 
+ : generate local FEATURE information for memcmp 
+ set - 
+ cc -O -I. -c comp/memcmp.c 
+ : generate local FEATURE information for memcpy 
+ set - 
+ cc -O -I. -c comp/memcpy.c 
+ : generate local FEATURE information for memdup 
+ set - 
+ cc -O -I. -c string/memdup.c 
+ : generate local FEATURE information for memset 
+ set - 
+ cc -O -I. -c comp/memset.c 
+ : generate local FEATURE information for mkdir 
+ set - 
+ cc -O -I. -c comp/mkdir.c 
+ : generate local FEATURE information for rmdir 
+ set - 
+ cc -O -I. -c comp/rmdir.c 
+ : generate local FEATURE information for remove 
+ set - 
+ cc -O -I. -c comp/remove.c 
+ : generate local FEATURE information for rename 
+ set - 
+ cc -O -I. -c comp/rename.c 
+ : generate local FEATURE information for link 
+ set - 
+ cc -O -I. -c comp/link.c 
+ : generate local FEATURE information for unlink 
+ set - 
+ cc -O -I. -c comp/unlink.c 
+ : generate local FEATURE information for strtok 
+ set - 
+ cc -O -I. -c comp/strtok.c 
+ : generate local FEATURE information for strspn 
+ set - 
+ cc -O -I. -c comp/strspn.c 
+ : generate local FEATURE information for strpbrk 
+ set - 
+ cc -O -I. -c comp/strpbrk.c 
+ : generate local FEATURE information for strdup 
+ set - 
+ cc -O -I. -c string/strdup.c 
+ : generate local FEATURE information for index 
+ set - 
+ : generate local FEATURE information for strchr 
+ set - 
+ cc -O -I. -c comp/strchr.c 
+ : generate local FEATURE information for rindex 
+ set - 
+ : generate local FEATURE information for strrchr 
+ set - 
+ cc -O -I. -c comp/strrchr.c 
+ : generate local FEATURE information for strtod 
+ set - 
+ cc -O -I. -c comp/strtod.c 
+ : generate local FEATURE information for strtol 
+ set - 
+ cc -O -I. -c comp/strtol.c 
+ cc -O -c string/strton.c 
+ cc -O -I. -c comp/sigsetmask.c 
+ : generate local FEATURE information for mktemp 
+ set - 
+ cc -O -I. -c comp/mktemp.c 
+ : generate local FEATURE information for tmpnam 
+ set - 
+ cc -O -I. -Iinclude -c comp/tmpnam.c 
+ : generate local FEATURE information for vfork 
+ set - 
+ cc -O -I. -c comp/vfork.c 
+ : generate local FEATURE information for killpg 
+ set - 
+ cc -O -I. -c comp/killpg.c 
+ : generate local FEATURE information for lstat 
+ set - 
+ cc -O -I. -c comp/lstat.c 
+ : generate local FEATURE information for readlink 
+ set - 
+ cc -O -I. -c comp/readlink.c 
+ : generate local FEATURE information for symlink 
+ set - 
+ cc -O -I. -c comp/symlink.c 
+ : generate local FEATURE information for setpgid 
+ set - 
+ cc -O -I. -c comp/setpgid.c 
+ : generate local FEATURE information for _cleanup 
+ set - 
+ : generate local FEATURE information for on_exit 
+ set - 
+ : generate local FEATURE information for onexit 
+ set - 
+ : generate local FEATURE information for atexit 
+ set - 
+ cc -O -I. -c comp/atexit.c 
+ : generate local FEATURE information for readdir 
+ set - 
+ : generate local FEATURE information for dirread 
+ set - 
+ : generate local FEATURE information for getdirentries 
+ set - 
+ cc -O -I. -c comp/getdents.c 
+ cc -O -I. -c misc/getwd.c 
+ : generate local FEATURE information for mmap 
+ set - 
+ cc -O -I. -c port/copy.c 
+ : generate local FEATURE information for dup2 
+ set - 
+ cc -O -I. -c comp/dup2.c 
+ cc -O -c comp/errno.c 
+ : generate local FEATURE information for sgetl 
+ set - 
+ cc -O -I. -c comp/sgetl.c 
+ : generate local FEATURE information for sputl 
+ set - 
+ cc -O -I. -c comp/sputl.c 
+ cc -O -I. -Iinclude -c preroot/getpreroot.c 
+ cc -O -I. -c preroot/ispreroot.c 
+ cc -O -I. -c preroot/realopen.c 
+ cc -O -I. -Iinclude -c preroot/setpreroot.c 
+ : generate local FEATURE information for mount 
+ set - 
+ cc -O -I. -c comp/mount.c 
+ cc -O -Iinclude -c comp/popen.c 
+ cc -O -c comp/system.c 
+ cc -O -I. -c port/iblocks.c 
+ cc -O -Istring -c string/modedata.c 
+ cc -O -Iinclude -c tm/tmdata.c 
+ cc -O -I. -Isfio -Iinclude -DLIBX -c sfio/sfclose.c 
+ cc -O -I. -Isfio -Iinclude -DLIBX -c sfio/sfclrlock.c 
+ cc -O -I. -Isfio -Iinclude -DLIBX -c sfio/sfcvt.c 
+ cc -O -I. -Isfio -Iinclude -DLIBX -c sfio/sfdlen.c 
+ cc -O -I. -Isfio -Iinclude -DLIBX -c sfio/sfdopen.c 
+ cc -O -I. -Isfio -Iinclude -DLIBX -c sfio/sfexcept.c 
+ cc -O -I. -Isfio -Iinclude -DLIBX -c sfio/sfextern.c 
+ cc -O -I. -Isfio -Iinclude -DLIBX -c sfio/sffilbuf.c 
+ cc -O -I. -Isfio -Iinclude -DLIBX -c sfio/sfflsbuf.c 
+ cc -O -I. -Isfio -Iinclude -DLIBX -c sfio/sfgetd.c 
+ cc -O -I. -Isfio -Iinclude -DLIBX -c sfio/sfgetl.c 
+ cc -O -I. -Isfio -Iinclude -DLIBX -c sfio/sfgets.c 
+ cc -O -I. -Isfio -Iinclude -DLIBX -c sfio/sfgetu.c 
+ cc -O -I. -Isfio -Iinclude -DLIBX -c sfio/sfllen.c 
+ cc -O -I. -Isfio -Iinclude -DLIBX -c sfio/sfmode.c 
+ cc -O -I. -Isfio -Iinclude -DLIBX -c sfio/sfmove.c 
+ cc -O -I. -Isfio -Iinclude -DLIBX -c sfio/sfnew.c 
+ cc -O -I. -Isfio -Iinclude -DLIBX -c sfio/sfnotify.c 
+ cc -O -I. -Isfio -Iinclude -DLIBX -c sfio/sfnputc.c 
+ cc -O -I. -Isfio -Iinclude -DLIBX -c sfio/sfopen.c 
+ cc -O -I. -Isfio -Iinclude -DLIBX -c sfio/sfpeek.c 
+ cc -O -I. -Isfio -Iinclude -DLIBX -c sfio/sfpool.c 
+ cc -O -I. -Isfio -Iinclude -DLIBX -c sfio/sfpopen.c 
+ cc -O -I. -Isfio -Iinclude -DLIBX -c sfio/sfprintf.c 
+ cc -O -I. -Isfio -Iinclude -DLIBX -c sfio/sfputd.c 
+ cc -O -I. -Isfio -Iinclude -DLIBX -c sfio/sfputl.c 
+ cc -O -I. -Isfio -Iinclude -DLIBX -c sfio/sfputs.c 
+ cc -O -I. -Isfio -Iinclude -DLIBX -c sfio/sfputu.c 
+ cc -O -I. -Isfio -Iinclude -DLIBX -c sfio/sfread.c 
+ cc -O -I. -Isfio -Iinclude -DLIBX -c sfio/sfscanf.c 
+ cc -O -I. -Isfio -Iinclude -DLIBX -c sfio/sfseek.c 
+ cc -O -I. -Isfio -Iinclude -DLIBX -c sfio/sfsetbuf.c 
+ cc -O -I. -Isfio -Iinclude -DLIBX -c sfio/sfsetdisc.c 
+ cc -O -I. -Isfio -Iinclude -DLIBX -c sfio/sfset.c 
+ cc -O -I. -Isfio -Iinclude -DLIBX -c sfio/sfstack.c 
+ cc -O -I. -Isfio -Iinclude -DLIBX -c sfio/sfstrtod.c 
+ cc -O -I. -Isfio -Iinclude -DLIBX -c sfio/sfsync.c 
+ cc -O -I. -Isfio -Iinclude -DLIBX -c sfio/sftable.c 
+ cc -O -I. -Isfio -Iinclude -DLIBX -c sfio/sftell.c 
+ cc -O -I. -Isfio -Iinclude -DLIBX -c sfio/sftmpfile.c 
+ cc -O -I. -Isfio -Iinclude -DLIBX -c sfio/sfungetc.c 
+ cc -O -I. -Isfio -Iinclude -DLIBX -c sfio/sfvprintf.c 
+ cc -O -I. -Isfio -Iinclude -DLIBX -c sfio/sfvscanf.c 
+ cc -O -I. -Isfio -Iinclude -DLIBX -c sfio/sfwrite.c 
+ cc -O -I. -Isfio -Iinclude -DLIBX -c sfio/_sfclearerr.c 
+ cc -O -I. -Isfio -Iinclude -DLIBX -c sfio/_sffileno.c 
+ cc -O -I. -Isfio -Iinclude -DLIBX -c sfio/_sforigin.c 
+ cc -O -I. -Isfio -Iinclude -DLIBX -c sfio/_sfputl.c 
+ cc -O -I. -Isfio -Iinclude -DLIBX -c sfio/_sftmp.c 
+ cc -O -I. -Isfio -Iinclude -DLIBX -c sfio/_sfecvt.c 
+ cc -O -I. -Isfio -Iinclude -DLIBX -c sfio/_sfgetc.c 
+ cc -O -I. -Isfio -Iinclude -DLIBX -c sfio/_sfpeek.c 
+ cc -O -I. -Isfio -Iinclude -DLIBX -c sfio/_sfputu.c 
+ cc -O -I. -Isfio -Iinclude -DLIBX -c sfio/_sfulen.c 
+ cc -O -I. -Isfio -Iinclude -DLIBX -c sfio/_sfeof.c 
+ cc -O -I. -Isfio -Iinclude -DLIBX -c sfio/_sfgetl.c 
+ cc -O -I. -Isfio -Iinclude -DLIBX -c sfio/_sfpushed.c 
+ cc -O -I. -Isfio -Iinclude -DLIBX -c sfio/_sfslen.c 
+ cc -O -I. -Isfio -Iinclude -DLIBX -c sfio/_sferror.c 
+ cc -O -I. -Isfio -Iinclude -DLIBX -c sfio/_sfgetu.c 
+ cc -O -I. -Isfio -Iinclude -DLIBX -c sfio/_sfputc.c 
+ cc -O -I. -Isfio -Iinclude -DLIBX -c sfio/_sffcvt.c 
+ cc -O -I. -Isfio -Iinclude -DLIBX -c sfio/_sfputd.c 
+ cc -O -I. -Isfio -Iinclude -DLIBX -c sfio/_sfsync.c 
+ cc -O -I. -Isfio -Iinclude -DLIBX -c stdio/stdgets.c 
+ cc -O -I. -Isfio -Iinclude -DLIBX -c stdio/stdprintf.c 
+ cc -O -I. -Isfio -Iinclude -DLIBX -c stdio/stdscanf.c 
+ cc -O -I. -Isfio -Iinclude -DLIBX -c stdio/stdsetvbuf.c 
+ cc -O -I. -Isfio -Iinclude -DLIBX -c stdio/stdsprintf.c 
+ cc -O -I. -Isfio -Iinclude -DLIBX -c stdio/stdvsprintf.c 
+ cc -O -I. -Isfio -Iinclude -DLIBX -c stdio/stdvsscanf.c 
+ cc -O -I. -Isfio -Iinclude -DLIBX -c stdio/sprintf.c 
+ cc -O -I. -Isfio -Iinclude -DLIBX -c stdio/vsprintf.c 
+ ar cr libx.a opendir.o readdir.o rewinddir.o seekdir.o telldir.o getcwd.o setcwd.o getshell.o hashalloc.o hashdump.o hashfree.o hashlook.o hashscan.o hashsize.o hashwalk.o memhash.o memsum.o strhash.o strsum.o cvtatoe.o cvtetoa.o chresc.o ctoi.o streval.o strmatch.o strcopy.o strmode.o stresc.o stropt.o strtape.o tok.o pathaccess.o pathcanon.o pathcheck.o pathpath.o pathkey.o pathprobe.o pathtemp.o cmdargs.o fs3d.o ftwalk.o perror.o putenv.o calloc.o malloc.o getnamval.o optget.o hsort.o query.o error.o liberror.o strerror.o strsignal.o fmtelapsed.o fmtls.o fmtmode.o fmtperm.o fmtuid.o fmtgid.o strelapsed.o strperm.o struid.o strgid.o stack.o stak.o memswap.o gethalf.o getlong.o puthalf.o putlong.o fgetline.o sigcrit.o sigunblock.o cmdopen.o cmdclose.o cmdrun.o cmdwait.o cmdkill.o recomp.o reerror.o reexec.o resub.o tmdate.o tmfix.o tmform.o tmgoff.o tminit.o tmleap.o tmlex.o tmmake.o tmpoff.o tmtime.o tmtype.o tmword.o tmzone.o vecargs.o vecfile.o vecfree.o vecload.o vecstring.o getsymlink.o putsymlink.o univdata.o getuniv.o setuniv.o winsize.o fclex.o sigdata.o touch.o lpstat.o memcmp.o memcpy.o memdup.o memset.o mkdir.o rmdir.o remove.o rename.o link.o unlink.o strtok.o strspn.o strpbrk.o strdup.o strchr.o strrchr.o strtod.o strtol.o strton.o sigsetmask.o mktemp.o tmpnam.o vfork.o killpg.o lstat.o readlink.o symlink.o setpgid.o atexit.o getdents.o getwd.o copy.o dup2.o errno.o sgetl.o sputl.o getpreroot.o ispreroot.o realopen.o setpreroot.o mount.o popen.o system.o iblocks.o modedata.o tmdata.o sfclose.o sfclrlock.o sfcvt.o sfdlen.o sfdopen.o sfexcept.o sfextern.o sffilbuf.o sfflsbuf.o sfgetd.o sfgetl.o sfgets.o sfgetu.o sfllen.o sfmode.o sfmove.o sfnew.o sfnotify.o sfnputc.o sfopen.o sfpeek.o sfpool.o sfpopen.o sfprintf.o sfputd.o sfputl.o sfputs.o sfputu.o sfread.o sfscanf.o sfseek.o sfsetbuf.o sfsetdisc.o sfset.o sfstack.o sfstrtod.o sfsync.o sftable.o sftell.o sftmpfile.o sfungetc.o sfvprintf.o sfvscanf.o sfwrite.o _sfclearerr.o _sffileno.o _sforigin.o _sfputl.o _sftmp.o _sfecvt.o _sfgetc.o _sfpeek.o _sfputu.o _sfulen.o _sfeof.o _sfgetl.o _sfpushed.o _sfslen.o _sferror.o _sfgetu.o _sfputc.o _sffcvt.o _sfputd.o _sfsync.o stdgets.o stdprintf.o stdscanf.o stdsetvbuf.o stdsprintf.o stdvsprintf.o stdvsscanf.o sprintf.o vsprintf.o 
+ test ! -d /usr/src/cmd/dist/pax/lib 
+ cp libx.a /usr/src/cmd/dist/pax/lib/libx.a 
+ test ! -d /usr/src/cmd/dist/pax/man/man3 
+ cp man/hash.3 /usr/src/cmd/dist/pax/man/man3/hash.3 
+ cp man/ftwalk.3 /usr/src/cmd/dist/pax/man/man3/ftwalk.3 
+ cp man/re.3 /usr/src/cmd/dist/pax/man/man3/re.3 
+ cp man/sfio.3 /usr/src/cmd/dist/pax/man/man3/sfio.3 
+ cp man/stak.3 /usr/src/cmd/dist/pax/man/man3/stak.3 
+ cp man/tm.3 /usr/src/cmd/dist/pax/man/man3/tm.3 
+ test ! -d /usr/src/cmd/dist/pax/include 
+ cp include/error.h /usr/src/cmd/dist/pax/include/error.h 
+ cp include/ftwalk.h /usr/src/cmd/dist/pax/include/ftwalk.h 
+ cp include/hash.h /usr/src/cmd/dist/pax/include/hash.h 
+ cp include/hashpart.h /usr/src/cmd/dist/pax/include/hashpart.h 
+ cp include/ls.h /usr/src/cmd/dist/pax/include/ls.h 
+ cp include/namval.h /usr/src/cmd/dist/pax/include/namval.h 
+ cp include/option.h /usr/src/cmd/dist/pax/include/option.h 
+ cp include/re.h /usr/src/cmd/dist/pax/include/re.h 
+ cp include/sfio.h /usr/src/cmd/dist/pax/include/sfio.h 
+ cp include/stack.h /usr/src/cmd/dist/pax/include/stack.h 
+ cp include/stak.h /usr/src/cmd/dist/pax/include/stak.h 
+ cp include/stdio.h /usr/src/cmd/dist/pax/include/stdio.h 
+ cp include/swap.h /usr/src/cmd/dist/pax/include/swap.h 
+ cp include/tar.h /usr/src/cmd/dist/pax/include/tar.h 
+ cp include/tm.h /usr/src/cmd/dist/pax/include/tm.h 
+ mkhdr align ' genhdr' cc -O 
+ cp align.h /usr/src/cmd/dist/pax/include/align.h 
+ cp dirent.h /usr/src/cmd/dist/pax/include/dirent.h 
+ cp fsinfo.h /usr/src/cmd/dist/pax/include/fsinfo.h 
+ cp limits.h /usr/src/cmd/dist/pax/include/limits.h 
+ cp sigdata.h /usr/src/cmd/dist/pax/include/sigdata.h 
+ cp lcldirent.h /usr/src/cmd/dist/pax/include/lcldirent.h 
+ cp lcllimits.h /usr/src/cmd/dist/pax/include/lcllimits.h 
+ cp lclparam.h /usr/src/cmd/dist/pax/include/lclparam.h 
+ cp lclstdio.h /usr/src/cmd/dist/pax/include/lclstdio.h 
+ cp preroot.h /usr/src/cmd/dist/pax/include/preroot.h 
+ cp sig.h /usr/src/cmd/dist/pax/include/sig.h 
+ cp ttyinfo.h /usr/src/cmd/dist/pax/include/ttyinfo.h 
build libodelta 910208
+ cc -O -I. -DSYSV -c delta.c 
+ cc -O -I. -DSYSV -c mtchstring.c 
+ cc -O -I. -c suftree.c 
+ cc -O -I. -DSYSV -c update.c 
+ ar cr libodelta.a delta.o mtchstring.o suftree.o update.o 
+ test ! -d /usr/src/cmd/dist/pax/lib 
+ cp libodelta.a /usr/src/cmd/dist/pax/lib/libodelta.a 
build pax 910208
+ : generate local FEATURE information for bcopy 
+ set - 
+ : generate local FEATURE information for mtio 
+ set - 
+ cc -O -I. -I../../../include -DDEBUG -c bio.c 
+ cc -O -I. -I../../../include -DDEBUG -c convert.c 
+ cc -O -I. -I../../../include -DDEBUG -c copy.c 
+ cc -O -I. -I../../../include -DDEBUG -c pax.c 
+ cc -O -I. -I../../../include -DDEBUG -c delta.c 
+ cc -O -I. -I../../../include -DDEBUG -c file.c 
+ cc -O -I. -I../../../include '-DSYSTEM="bsd "' -DDEBUG -c format.c 
+ cc -O -I. -I../../../include -DDEBUG -c misc.c 
+ cc -O -DDEBUG '-DSYSTEM="bsd "' -DDEBUG '-DSYSTEM="bsd "' -o pax bio.o convert.o copy.o pax.o delta.o file.o format.o misc.o ../../../lib/libodelta.a ../../../lib/libx.a 
+ cp cpio.sh cpio 
+ chmod u+w,+x cpio 
+ cp tar.sh tar 
+ chmod u+w,+x tar 
+ test ! -d /usr/src/cmd/dist/pax/bin 
+ cp pax /usr/src/cmd/dist/pax/bin/pax 
+ test ! -d /usr/src/cmd/dist/pax/man/man1 
+ cp pax.1 /usr/src/cmd/dist/pax/man/man1/pax.1 
