cd sets; make install
cc  -c sets.c
lex sets.lex.l
mv lex.yy.c sets.lex.c
cc  -c sets.lex.c
cc -o sets sets.o sets.lex.o -ll
cp sets ../cyn/sets
cd cyn; make
cc -O -c code_gen.c
cyntax -c code_gen.c
cc -O -c constant.c
cyntax -c constant.c
cc -O -c decl.c
cyntax -c decl.c
cc -O -c decl_item.c
cyntax -c decl_item.c
cc -O -c decl_shared.c
cyntax -c decl_shared.c
cc -O -c expr.c
cyntax -c expr.c
cc -O -c f_equiv.c
cyntax -c f_equiv.c
cc -O -c f_expr.c
cyntax -c f_expr.c
cc -O -c f_id.c
cyntax -c f_id.c
cc -O -c f_life.c
cyntax -c f_life.c
cc -O -c f_main.c
cyntax -c f_main.c
cc -O -c f_sub.c
cyntax -c f_sub.c
cc -O -c f_trace.c
cyntax -c f_trace.c
cc -O -c factor.c
cyntax -c factor.c
cc -O -c find_ident.c
cyntax -c find_ident.c
cc -O -c find_str.c
cyntax -c find_str.c
cc -O -c find_type.c
cyntax -c find_type.c
cc -O -c function.c
cyntax -c function.c
cc -O -c init.c
cyntax -c init.c
cc -O -c initi.c
cyntax -c initi.c
cc -O -c io.c
cyntax -c io.c
cc -O -c jump.c
cyntax -c jump.c
cc -O -c lex.c
cyntax -c lex.c
cc -O -c macdep.c
cyntax -c macdep.c
cc -O -c main.c
cyntax -c main.c
cc -O -c massage.c
cyntax -c massage.c
cc -O -c memory.c
cyntax -c memory.c
cc -O -c parse.c
cyntax -c parse.c
cc -O -c readonly.c
cyntax -c readonly.c
cc -O -c sort.c
cyntax -c sort.c
cc -O -c stats.c
cyntax -c stats.c
cc -O -c suopt.c
cyntax -c suopt.c
cc -O -c sutab.c
cyntax -c sutab.c
cc -O -c xnodes.c
cyntax -c xnodes.c
cyntax code_gen.O constant.O decl.O decl_item.O decl_shared.O expr.O f_equiv.O f_expr.O f_id.O f_life.O f_main.O f_sub.O f_trace.O factor.O find_ident.O find_str.O find_type.O function.O init.O initi.O io.O jump.O  lex.O macdep.O main.O massage.O  memory.O parse.O readonly.O sort.O stats.O suopt.O sutab.O xnodes.O bits.O
cem: could not open bits.O: No such file or directory
*** Error code 1

Stop.
*** Error code 1

Stop.
cd sets; make install
cd cyn; make
cc -E tables.c | ./sets > bits.c
cc -O -c bits.c
cyntax -c bits.c
cyntax code_gen.O constant.O decl.O decl_item.O decl_shared.O expr.O f_equiv.O f_expr.O f_id.O f_life.O f_main.O f_sub.O f_trace.O factor.O find_ident.O find_str.O find_type.O function.O init.O initi.O io.O jump.O  lex.O macdep.O main.O massage.O  memory.O parse.O readonly.O sort.O stats.O suopt.O sutab.O xnodes.O bits.O
cc code_gen.o constant.o decl.o decl_item.o decl_shared.o expr.o f_equiv.o f_expr.o f_id.o f_life.o f_main.o f_sub.o f_trace.o factor.o find_ident.o find_str.o find_type.o function.o init.o initi.o io.o jump.o  lex.o macdep.o main.o massage.o  memory.o parse.o readonly.o sort.o stats.o suopt.o sutab.o xnodes.o bits.o -o ccom
echo done
done
cd cem; make
cc -O -c diag.c
cc -O -c equiv.c
cc -O -c fix.c
cc -O -c main.c
cc -O -c misc.c
cc -O -c read.c
cc -O -c string.c
cc -O -c symbol.c
cc -O -c table.c
cc -O -c time.c
cc -O -c type.c
cc -O -c var.c
cyntax -c diag.c
cyntax -c equiv.c
cyntax -c fix.c
cyntax -c main.c
cyntax -c misc.c
cyntax -c read.c
cyntax -c string.c
cyntax -c symbol.c
cyntax -c table.c
cyntax -c time.c
cyntax -c type.c
cyntax -c var.c
cyntax diag.O equiv.O fix.O main.O misc.O read.O string.O symbol.O table.O time.O type.O var.O
cc  diag.o equiv.o fix.o main.o misc.o read.o string.o symbol.o table.o time.o type.o var.o -o cem
cc -O cyntax.c  -o cyntax
cd lib; make
/lib/cpp -M -I/usr/jerq/include llib-lj | /usr/lib/cyntax/ccom -llibj - out && /usr/lib/cyntax/cem -p out && mv out libj
/usr/lib/cyntax/ccom: could not create "out"
*** Error code 1

Stop.
*** Error code 1

Stop.
cd sets; make install
cd cyn; make
`ccom' is up to date.
cd cem; make
cd lib; make
/lib/cpp -M -I/usr/jerq/include llib-lj | /usr/lib/cyntax/ccom -llibj - out && /usr/lib/cyntax/cem -p out && mv out libj
